Change Component Designator: Old Designator=C300 New Designator=C?
Change Component Designator: Old Designator=C301 New Designator=C?
Change Component Designator: Old Designator=C302 New Designator=C?
Change Component Designator: Old Designator=C303 New Designator=C?
Change Component Designator: Old Designator=C304 New Designator=C?
Change Component Designator: Old Designator=C305 New Designator=C?
Change Component Designator: Old Designator=D300 New Designator=D?
Change Component Designator: Old Designator=D301 New Designator=D?
Change Component Designator: Old Designator=DSP_IN New Designator=DSP_IN?
Change Component Designator: Old Designator=DSP_OUT New Designator=DSP_OUT?
Change Component Designator: Old Designator=FX_LOOP_IN New Designator=FX_LOOP_IN?
Change Component Designator: Old Designator=GUITAR_IN New Designator=GUITAR_IN?
Change Component Designator: Old Designator=GUITAR_OUT New Designator=GUITAR_OUT?
Change Component Designator: Old Designator=OUT New Designator=OUT?
Change Component Designator: Old Designator=R300 New Designator=R?
Change Component Designator: Old Designator=R301 New Designator=R?
Change Component Designator: Old Designator=R302 New Designator=R?
Change Component Designator: Old Designator=R303 New Designator=R?
Change Component Designator: Old Designator=R304 New Designator=R?
Change Component Designator: Old Designator=R305 New Designator=R?
Change Component Designator: Old Designator=R306 New Designator=R?
Change Component Designator: Old Designator=R307 New Designator=R?
Change Component Designator: Old Designator=R308 New Designator=R?
Change Component Designator: Old Designator=R309 New Designator=R?
Change Component Designator: Old Designator=R310 New Designator=R?
Change Component Designator: Old Designator=R311 New Designator=R?
Change Component Designator: Old Designator=U300 New Designator=U?
Change Component Designator: Old Designator=U300 New Designator=U?
Change Component Designator: Old Designator=U301 New Designator=U?
Change Component Designator: Old Designator=U301 New Designator=U?
