Removed Pin From Net: NetName=GND Pin=C200-1
Removed Pin From Net: NetName=GND Pin=C201-1
Removed Pin From Net: NetName=GND Pin=C202-1
Removed Pin From Net: NetName=GND Pin=C203-1
Removed Pin From Net: NetName=GND Pin=C300-1
Removed Pin From Net: NetName=GND Pin=C301-1
Removed Pin From Net: NetName=GND Pin=C500-2
Removed Pin From Net: NetName=GND Pin=C501-2
Removed Pin From Net: NetName=GND Pin=C502-1
Removed Pin From Net: NetName=GND Pin=C503-1
Removed Pin From Net: NetName=GND Pin=C504-1
Removed Pin From Net: NetName=GND Pin=C505-1
Removed Pin From Net: NetName=GND Pin=C506-2
Removed Pin From Net: NetName=GND Pin=C507-2
Removed Pin From Net: NetName=GND Pin=C508-2
Removed Pin From Net: NetName=GND Pin=C509-2
Removed Pin From Net: NetName=GND Pin=C510-2
Removed Pin From Net: NetName=GND Pin=C511-1
Removed Pin From Net: NetName=GND Pin=C512-1
Removed Pin From Net: NetName=GND Pin=C513-1
Removed Pin From Net: NetName=GND Pin=J102-1
Removed Pin From Net: NetName=GND Pin=J102-6
Removed Pin From Net: NetName=GND Pin=J102-7
Removed Pin From Net: NetName=GND Pin=J102-8
Removed Pin From Net: NetName=GND Pin=J102-16
Removed Pin From Net: NetName=GND Pin=J103-1
Removed Pin From Net: NetName=GND Pin=J103-6
Removed Pin From Net: NetName=GND Pin=J103-7
Removed Pin From Net: NetName=GND Pin=J103-8
Removed Pin From Net: NetName=GND Pin=J103-16
Removed Pin From Net: NetName=GND Pin=J300-1
Removed Pin From Net: NetName=GND Pin=J300-2
Removed Pin From Net: NetName=GND Pin=J300-4
Removed Pin From Net: NetName=GND Pin=J301-S
Removed Pin From Net: NetName=GND Pin=J301-SN
Removed Pin From Net: NetName=GND Pin=J301-TN
Removed Pin From Net: NetName=GND Pin=J302-S
Removed Pin From Net: NetName=GND Pin=J302-SN
Removed Pin From Net: NetName=GND Pin=J302-TN
Removed Pin From Net: NetName=GND Pin=J303-1
Removed Pin From Net: NetName=GND Pin=J303-2
Removed Pin From Net: NetName=GND Pin=J303-4
Removed Pin From Net: NetName=GND Pin=J600-1
Removed Pin From Net: NetName=GND Pin=POT200-1
Removed Pin From Net: NetName=GND Pin=POT201-1
Removed Pin From Net: NetName=GND Pin=POT202-1
Removed Pin From Net: NetName=GND Pin=Pot500-1
Removed Pin From Net: NetName=GND Pin=Pot501-2
Removed Pin From Net: NetName=GND Pin=POT_WAH200-1
Removed Pin From Net: NetName=GND Pin=R200-1
Removed Pin From Net: NetName=GND Pin=R302-1
Removed Pin From Net: NetName=GND Pin=R304-1
Removed Pin From Net: NetName=GND Pin=R400-1
Removed Pin From Net: NetName=GND Pin=R401-1
Removed Pin From Net: NetName=GND Pin=R402-1
Removed Pin From Net: NetName=GND Pin=R403-1
Removed Pin From Net: NetName=GND Pin=R404-1
Removed Pin From Net: NetName=GND Pin=R405-1
Removed Pin From Net: NetName=GND Pin=R600-1
Removed Pin From Net: NetName=GND Pin=S500-2
Removed Pin From Net: NetName=GND Pin=U401-8
Removed Pin From Net: NetName=VCC Pin=U401-16
Removed Pin From Net: NetName=GND Pin=U500-2
Removed Pin From Net: NetName=GND Pin=U503-1
Removed Member From Class: ClassName=shift_registers Member=J400
Removed Member From Class: ClassName=shift_registers Member=J401
Removed Member From Class: ClassName=shift_registers Member=J402
Removed Member From Class: ClassName=shift_registers Member=J403
Removed Member From Class: ClassName=shift_registers Member=J404
Removed Member From Class: ClassName=shift_registers Member=J405
Removed Member From Class: ClassName=shift_registers Member=U401
Change Component Designator: OldDesignator=FX Switches400 NewDesignator=FX Switches
Added Component: Designator=J600_U_pull_down_led_subcircuit1(Header 1x3)
Added Component: Designator=J600_U_pull_down_led_subcircuit2(Header 1x3)
Added Component: Designator=J600_U_pull_down_led_subcircuit3(Header 1x3)
Added Component: Designator=J600_U_pull_down_led_subcircuit4(Header 1x3)
Added Component: Designator=J600_U_pull_down_led_subcircuit5(Header 1x3)
Added Component: Designator=J600_U_pull_down_led_subcircuit6(Header 1x3)
Added Component: Designator=J600_U_pull_down_led_subcircuit7(Header 1x3)
Added Component: Designator=R600_U_pull_down_led_subcircuit1(AXIAL-0.4 PCBK)
Add component (AddParameter): Name = "LatestRevisionDate"; Value = "17-Jul-2002"; VariantName = "[No Variations]"
Add component (AddParameter): Name = "LatestRevisionNote"; Value = "Re-released for DXP Platform."; VariantName = "[No Variations]"
Add component (AddParameter): Name = "PackageReference"; Value = "AXIAL-0.4"; VariantName = "[No Variations]"
Add component (AddParameter): Name = "Published"; Value = "8-Jun-2000"; VariantName = "[No Variations]"
Add component (AddParameter): Name = "Publisher"; Value = "Altium Limited"; VariantName = "[No Variations]"
Add component (AddParameter): Name = "Value"; Value = "4k"; VariantName = "[No Variations]"
Added Component: Designator=R600_U_pull_down_led_subcircuit2(AXIAL-0.4 PCBK)
Add component (AddParameter): Name = "LatestRevisionDate"; Value = "17-Jul-2002"; VariantName = "[No Variations]"
Add component (AddParameter): Name = "LatestRevisionNote"; Value = "Re-released for DXP Platform."; VariantName = "[No Variations]"
Add component (AddParameter): Name = "PackageReference"; Value = "AXIAL-0.4"; VariantName = "[No Variations]"
Add component (AddParameter): Name = "Published"; Value = "8-Jun-2000"; VariantName = "[No Variations]"
Add component (AddParameter): Name = "Publisher"; Value = "Altium Limited"; VariantName = "[No Variations]"
Add component (AddParameter): Name = "Value"; Value = "4k"; VariantName = "[No Variations]"
Added Component: Designator=R600_U_pull_down_led_subcircuit3(AXIAL-0.4 PCBK)
Add component (AddParameter): Name = "LatestRevisionDate"; Value = "17-Jul-2002"; VariantName = "[No Variations]"
Add component (AddParameter): Name = "LatestRevisionNote"; Value = "Re-released for DXP Platform."; VariantName = "[No Variations]"
Add component (AddParameter): Name = "PackageReference"; Value = "AXIAL-0.4"; VariantName = "[No Variations]"
Add component (AddParameter): Name = "Published"; Value = "8-Jun-2000"; VariantName = "[No Variations]"
Add component (AddParameter): Name = "Publisher"; Value = "Altium Limited"; VariantName = "[No Variations]"
Add component (AddParameter): Name = "Value"; Value = "4k"; VariantName = "[No Variations]"
Added Component: Designator=R600_U_pull_down_led_subcircuit4(AXIAL-0.4 PCBK)
Add component (AddParameter): Name = "LatestRevisionDate"; Value = "17-Jul-2002"; VariantName = "[No Variations]"
Add component (AddParameter): Name = "LatestRevisionNote"; Value = "Re-released for DXP Platform."; VariantName = "[No Variations]"
Add component (AddParameter): Name = "PackageReference"; Value = "AXIAL-0.4"; VariantName = "[No Variations]"
Add component (AddParameter): Name = "Published"; Value = "8-Jun-2000"; VariantName = "[No Variations]"
Add component (AddParameter): Name = "Publisher"; Value = "Altium Limited"; VariantName = "[No Variations]"
Add component (AddParameter): Name = "Value"; Value = "4k"; VariantName = "[No Variations]"
Added Component: Designator=R600_U_pull_down_led_subcircuit5(AXIAL-0.4 PCBK)
Add component (AddParameter): Name = "LatestRevisionDate"; Value = "17-Jul-2002"; VariantName = "[No Variations]"
Add component (AddParameter): Name = "LatestRevisionNote"; Value = "Re-released for DXP Platform."; VariantName = "[No Variations]"
Add component (AddParameter): Name = "PackageReference"; Value = "AXIAL-0.4"; VariantName = "[No Variations]"
Add component (AddParameter): Name = "Published"; Value = "8-Jun-2000"; VariantName = "[No Variations]"
Add component (AddParameter): Name = "Publisher"; Value = "Altium Limited"; VariantName = "[No Variations]"
Add component (AddParameter): Name = "Value"; Value = "4k"; VariantName = "[No Variations]"
Added Component: Designator=R600_U_pull_down_led_subcircuit6(AXIAL-0.4 PCBK)
Add component (AddParameter): Name = "LatestRevisionDate"; Value = "17-Jul-2002"; VariantName = "[No Variations]"
Add component (AddParameter): Name = "LatestRevisionNote"; Value = "Re-released for DXP Platform."; VariantName = "[No Variations]"
Add component (AddParameter): Name = "PackageReference"; Value = "AXIAL-0.4"; VariantName = "[No Variations]"
Add component (AddParameter): Name = "Published"; Value = "8-Jun-2000"; VariantName = "[No Variations]"
Add component (AddParameter): Name = "Publisher"; Value = "Altium Limited"; VariantName = "[No Variations]"
Add component (AddParameter): Name = "Value"; Value = "4k"; VariantName = "[No Variations]"
Added Component: Designator=R600_U_pull_down_led_subcircuit7(AXIAL-0.4 PCBK)
Add component (AddParameter): Name = "LatestRevisionDate"; Value = "17-Jul-2002"; VariantName = "[No Variations]"
Add component (AddParameter): Name = "LatestRevisionNote"; Value = "Re-released for DXP Platform."; VariantName = "[No Variations]"
Add component (AddParameter): Name = "PackageReference"; Value = "AXIAL-0.4"; VariantName = "[No Variations]"
Add component (AddParameter): Name = "Published"; Value = "8-Jun-2000"; VariantName = "[No Variations]"
Add component (AddParameter): Name = "Publisher"; Value = "Altium Limited"; VariantName = "[No Variations]"
Add component (AddParameter): Name = "Value"; Value = "4k"; VariantName = "[No Variations]"
Added Component: Designator=R601_U_pull_down_led_subcircuit1(AXIAL-0.4 PCBK)
Add component (AddParameter): Name = "LatestRevisionDate"; Value = "17-Jul-2002"; VariantName = "[No Variations]"
Add component (AddParameter): Name = "LatestRevisionNote"; Value = "Re-released for DXP Platform."; VariantName = "[No Variations]"
Add component (AddParameter): Name = "PackageReference"; Value = "AXIAL-0.4"; VariantName = "[No Variations]"
Add component (AddParameter): Name = "Published"; Value = "8-Jun-2000"; VariantName = "[No Variations]"
Add component (AddParameter): Name = "Publisher"; Value = "Altium Limited"; VariantName = "[No Variations]"
Add component (AddParameter): Name = "Value"; Value = "400"; VariantName = "[No Variations]"
Added Component: Designator=R601_U_pull_down_led_subcircuit2(AXIAL-0.4 PCBK)
Add component (AddParameter): Name = "LatestRevisionDate"; Value = "17-Jul-2002"; VariantName = "[No Variations]"
Add component (AddParameter): Name = "LatestRevisionNote"; Value = "Re-released for DXP Platform."; VariantName = "[No Variations]"
Add component (AddParameter): Name = "PackageReference"; Value = "AXIAL-0.4"; VariantName = "[No Variations]"
Add component (AddParameter): Name = "Published"; Value = "8-Jun-2000"; VariantName = "[No Variations]"
Add component (AddParameter): Name = "Publisher"; Value = "Altium Limited"; VariantName = "[No Variations]"
Add component (AddParameter): Name = "Value"; Value = "400"; VariantName = "[No Variations]"
Added Component: Designator=R601_U_pull_down_led_subcircuit3(AXIAL-0.4 PCBK)
Add component (AddParameter): Name = "LatestRevisionDate"; Value = "17-Jul-2002"; VariantName = "[No Variations]"
Add component (AddParameter): Name = "LatestRevisionNote"; Value = "Re-released for DXP Platform."; VariantName = "[No Variations]"
Add component (AddParameter): Name = "PackageReference"; Value = "AXIAL-0.4"; VariantName = "[No Variations]"
Add component (AddParameter): Name = "Published"; Value = "8-Jun-2000"; VariantName = "[No Variations]"
Add component (AddParameter): Name = "Publisher"; Value = "Altium Limited"; VariantName = "[No Variations]"
Add component (AddParameter): Name = "Value"; Value = "400"; VariantName = "[No Variations]"
Added Component: Designator=R601_U_pull_down_led_subcircuit4(AXIAL-0.4 PCBK)
Add component (AddParameter): Name = "LatestRevisionDate"; Value = "17-Jul-2002"; VariantName = "[No Variations]"
Add component (AddParameter): Name = "LatestRevisionNote"; Value = "Re-released for DXP Platform."; VariantName = "[No Variations]"
Add component (AddParameter): Name = "PackageReference"; Value = "AXIAL-0.4"; VariantName = "[No Variations]"
Add component (AddParameter): Name = "Published"; Value = "8-Jun-2000"; VariantName = "[No Variations]"
Add component (AddParameter): Name = "Publisher"; Value = "Altium Limited"; VariantName = "[No Variations]"
Add component (AddParameter): Name = "Value"; Value = "400"; VariantName = "[No Variations]"
Added Component: Designator=R601_U_pull_down_led_subcircuit5(AXIAL-0.4 PCBK)
Add component (AddParameter): Name = "LatestRevisionDate"; Value = "17-Jul-2002"; VariantName = "[No Variations]"
Add component (AddParameter): Name = "LatestRevisionNote"; Value = "Re-released for DXP Platform."; VariantName = "[No Variations]"
Add component (AddParameter): Name = "PackageReference"; Value = "AXIAL-0.4"; VariantName = "[No Variations]"
Add component (AddParameter): Name = "Published"; Value = "8-Jun-2000"; VariantName = "[No Variations]"
Add component (AddParameter): Name = "Publisher"; Value = "Altium Limited"; VariantName = "[No Variations]"
Add component (AddParameter): Name = "Value"; Value = "400"; VariantName = "[No Variations]"
Added Component: Designator=R601_U_pull_down_led_subcircuit6(AXIAL-0.4 PCBK)
Add component (AddParameter): Name = "LatestRevisionDate"; Value = "17-Jul-2002"; VariantName = "[No Variations]"
Add component (AddParameter): Name = "LatestRevisionNote"; Value = "Re-released for DXP Platform."; VariantName = "[No Variations]"
Add component (AddParameter): Name = "PackageReference"; Value = "AXIAL-0.4"; VariantName = "[No Variations]"
Add component (AddParameter): Name = "Published"; Value = "8-Jun-2000"; VariantName = "[No Variations]"
Add component (AddParameter): Name = "Publisher"; Value = "Altium Limited"; VariantName = "[No Variations]"
Add component (AddParameter): Name = "Value"; Value = "400"; VariantName = "[No Variations]"
Added Component: Designator=R601_U_pull_down_led_subcircuit7(AXIAL-0.4 PCBK)
Add component (AddParameter): Name = "LatestRevisionDate"; Value = "17-Jul-2002"; VariantName = "[No Variations]"
Add component (AddParameter): Name = "LatestRevisionNote"; Value = "Re-released for DXP Platform."; VariantName = "[No Variations]"
Add component (AddParameter): Name = "PackageReference"; Value = "AXIAL-0.4"; VariantName = "[No Variations]"
Add component (AddParameter): Name = "Published"; Value = "8-Jun-2000"; VariantName = "[No Variations]"
Add component (AddParameter): Name = "Publisher"; Value = "Altium Limited"; VariantName = "[No Variations]"
Add component (AddParameter): Name = "Value"; Value = "400"; VariantName = "[No Variations]"
Added Pin To Net: NetName=GND Pin=J600_U_pull_down_led_subcircuit1-1
Added Pin To Net: NetName=GND Pin=J600_U_pull_down_led_subcircuit2-1
Added Pin To Net: NetName=GND Pin=J600_U_pull_down_led_subcircuit3-1
Added Pin To Net: NetName=GND Pin=J600_U_pull_down_led_subcircuit4-1
Added Pin To Net: NetName=GND Pin=J600_U_pull_down_led_subcircuit5-1
Added Pin To Net: NetName=GND Pin=J600_U_pull_down_led_subcircuit6-1
Added Pin To Net: NetName=GND Pin=J600_U_pull_down_led_subcircuit7-1
Added Pin To Net: NetName=GND Pin=R600_U_pull_down_led_subcircuit1-1
Added Pin To Net: NetName=GND Pin=R600_U_pull_down_led_subcircuit2-1
Added Pin To Net: NetName=GND Pin=R600_U_pull_down_led_subcircuit3-1
Added Pin To Net: NetName=GND Pin=R600_U_pull_down_led_subcircuit4-1
Added Pin To Net: NetName=GND Pin=R600_U_pull_down_led_subcircuit5-1
Added Pin To Net: NetName=GND Pin=R600_U_pull_down_led_subcircuit6-1
Added Pin To Net: NetName=GND Pin=R600_U_pull_down_led_subcircuit7-1
Added Pin To Net: NetName=NetFX Switches_1 Pin=FX Switches-1
Added Pin To Net: NetName=NetFX Switches_1 Pin=R600_U_pull_down_led_subcircuit1-2
Added Pin To Net: NetName=NetFX Switches_1 Pin=R601_U_pull_down_led_subcircuit1-2
Added Pin To Net: NetName=NetFX Switches_1 Pin=U400-7
Added Net: Name=NetFX Switches_1
Added Pin To Net: NetName=NetFX Switches_2 Pin=FX Switches-2
Added Pin To Net: NetName=NetFX Switches_2 Pin=R600_U_pull_down_led_subcircuit2-2
Added Pin To Net: NetName=NetFX Switches_2 Pin=R601_U_pull_down_led_subcircuit2-2
Added Pin To Net: NetName=NetFX Switches_2 Pin=U400-6
Added Net: Name=NetFX Switches_2
Added Pin To Net: NetName=NetFX Switches_3 Pin=FX Switches-3
Added Pin To Net: NetName=NetFX Switches_3 Pin=R600_U_pull_down_led_subcircuit3-2
Added Pin To Net: NetName=NetFX Switches_3 Pin=R601_U_pull_down_led_subcircuit3-2
Added Pin To Net: NetName=NetFX Switches_3 Pin=U400-5
Added Net: Name=NetFX Switches_3
Added Pin To Net: NetName=NetFX Switches_4 Pin=FX Switches-4
Added Pin To Net: NetName=NetFX Switches_4 Pin=R600_U_pull_down_led_subcircuit4-2
Added Pin To Net: NetName=NetFX Switches_4 Pin=R601_U_pull_down_led_subcircuit4-2
Added Pin To Net: NetName=NetFX Switches_4 Pin=U400-4
Added Net: Name=NetFX Switches_4
Added Pin To Net: NetName=NetFX Switches_5 Pin=FX Switches-5
Added Pin To Net: NetName=NetFX Switches_5 Pin=R600_U_pull_down_led_subcircuit5-2
Added Pin To Net: NetName=NetFX Switches_5 Pin=R601_U_pull_down_led_subcircuit5-2
Added Pin To Net: NetName=NetFX Switches_5 Pin=U400-3
Added Net: Name=NetFX Switches_5
Added Pin To Net: NetName=NetFX Switches_6 Pin=FX Switches-6
Added Pin To Net: NetName=NetFX Switches_6 Pin=R600_U_pull_down_led_subcircuit6-2
Added Pin To Net: NetName=NetFX Switches_6 Pin=R601_U_pull_down_led_subcircuit6-2
Added Pin To Net: NetName=NetFX Switches_6 Pin=U400-2
Added Net: Name=NetFX Switches_6
Added Pin To Net: NetName=NetFX Switches_7 Pin=FX Switches-7
Added Pin To Net: NetName=NetFX Switches_7 Pin=R600_U_pull_down_led_subcircuit7-2
Added Pin To Net: NetName=NetFX Switches_7 Pin=R601_U_pull_down_led_subcircuit7-2
Added Pin To Net: NetName=NetFX Switches_7 Pin=U400-1
Added Net: Name=NetFX Switches_7
Added Pin To Net: NetName=NetJ600_U_pull_down_led_subcircuit1_3 Pin=J600_U_pull_down_led_subcircuit1-3
Added Pin To Net: NetName=NetJ600_U_pull_down_led_subcircuit1_3 Pin=R601_U_pull_down_led_subcircuit1-1
Added Net: Name=NetJ600_U_pull_down_led_subcircuit1_3
Added Pin To Net: NetName=NetJ600_U_pull_down_led_subcircuit2_3 Pin=J600_U_pull_down_led_subcircuit2-3
Added Pin To Net: NetName=NetJ600_U_pull_down_led_subcircuit2_3 Pin=R601_U_pull_down_led_subcircuit2-1
Added Net: Name=NetJ600_U_pull_down_led_subcircuit2_3
Added Pin To Net: NetName=NetJ600_U_pull_down_led_subcircuit3_3 Pin=J600_U_pull_down_led_subcircuit3-3
Added Pin To Net: NetName=NetJ600_U_pull_down_led_subcircuit3_3 Pin=R601_U_pull_down_led_subcircuit3-1
Added Net: Name=NetJ600_U_pull_down_led_subcircuit3_3
Added Pin To Net: NetName=NetJ600_U_pull_down_led_subcircuit4_3 Pin=J600_U_pull_down_led_subcircuit4-3
Added Pin To Net: NetName=NetJ600_U_pull_down_led_subcircuit4_3 Pin=R601_U_pull_down_led_subcircuit4-1
Added Net: Name=NetJ600_U_pull_down_led_subcircuit4_3
Added Pin To Net: NetName=NetJ600_U_pull_down_led_subcircuit5_3 Pin=J600_U_pull_down_led_subcircuit5-3
Added Pin To Net: NetName=NetJ600_U_pull_down_led_subcircuit5_3 Pin=R601_U_pull_down_led_subcircuit5-1
Added Net: Name=NetJ600_U_pull_down_led_subcircuit5_3
Added Pin To Net: NetName=NetJ600_U_pull_down_led_subcircuit6_3 Pin=J600_U_pull_down_led_subcircuit6-3
Added Pin To Net: NetName=NetJ600_U_pull_down_led_subcircuit6_3 Pin=R601_U_pull_down_led_subcircuit6-1
Added Net: Name=NetJ600_U_pull_down_led_subcircuit6_3
Added Pin To Net: NetName=NetJ600_U_pull_down_led_subcircuit7_3 Pin=J600_U_pull_down_led_subcircuit7-3
Added Pin To Net: NetName=NetJ600_U_pull_down_led_subcircuit7_3 Pin=R601_U_pull_down_led_subcircuit7-1
Added Net: Name=NetJ600_U_pull_down_led_subcircuit7_3
Added Pin To Net: NetName=NetU400_10 Pin=U400-10
Added Net: Name=NetU400_10
Added Pin To Net: NetName=NetU400_11 Pin=U400-11
Added Net: Name=NetU400_11
Added Pin To Net: NetName=NetU400_12 Pin=U400-12
Added Net: Name=NetU400_12
Added Pin To Net: NetName=NetU400_14 Pin=U400-14
Added Net: Name=NetU400_14
Added Class: Name=U_pull_down_led_subcircuit1
Added Class: Name=U_pull_down_led_subcircuit2
Added Class: Name=U_pull_down_led_subcircuit3
Added Class: Name=U_pull_down_led_subcircuit4
Added Class: Name=U_pull_down_led_subcircuit5
Added Class: Name=U_pull_down_led_subcircuit6
Added Class: Name=U_pull_down_led_subcircuit7
Added Class: Name=pull_down_led_subcircuit
