Change Component Footprint: Designator=5V FX Switches Old Footprint=MicroFit 1x7 New Footprint=Header 1x7
Change Component Comment : Designator=5V FX Switches Old Comment=MicroFit 1x7 New Comment=Header 1x7
Change component parameters: Designator = "C301" ("C301"); Footprint = "RAD-0.3  PCBK"; UniqueID = "\GCRCWJOD" ("\GCRCWJOD")
Change component parameters (AddParameter): Name = "LatestRevisionDate"; Value = "17-Jul-2002"; VariantName = "[No Variations]"
Change component parameters (AddParameter): Name = "LatestRevisionNote"; Value = "Re-released for DXP Platform."; VariantName = "[No Variations]"
Change component parameters (AddParameter): Name = "PackageReference"; Value = "RAD-0.3"; VariantName = "[No Variations]"
Change component parameters (AddParameter): Name = "Published"; Value = "8-Jun-2000"; VariantName = "[No Variations]"
Change component parameters (AddParameter): Name = "Publisher"; Value = "Altium Limited"; VariantName = "[No Variations]"
Change component parameters (AddParameter): Name = "Value"; Value = "12n"; VariantName = "[No Variations]"
Added Component: Designator=C500(Cap-0)
Add component (AddParameter): Name = "Capacity"; Value = "100nF"; VariantName = "[No Variations]"
Added Component: Designator=C501(Cap-0)
Add component (AddParameter): Name = "Capacity"; Value = "100nF"; VariantName = "[No Variations]"
Added Component: Designator=C502(Cap Lyt Ø8)
Add component (AddParameter): Name = "Capacity"; Value = "100nF"; VariantName = "[No Variations]"
Added Component: Designator=C503(Cap Lyt Ø8)
Add component (AddParameter): Name = "Capacity"; Value = "1uF"; VariantName = "[No Variations]"
Added Component: Designator=C504(Cap-0)
Add component (AddParameter): Name = "Capacity"; Value = "100nF"; VariantName = "[No Variations]"
Added Component: Designator=C505(Cap-0)
Add component (AddParameter): Name = "Capacity"; Value = "100nF"; VariantName = "[No Variations]"
Added Component: Designator=C506(Cap Lyt Ø8)
Add component (AddParameter): Name = "Capacity"; Value = "1uF"; VariantName = "[No Variations]"
Added Component: Designator=C507(Cap Lyt Ø8)
Add component (AddParameter): Name = "Capacity"; Value = "1uF"; VariantName = "[No Variations]"
Added Component: Designator=D500(Diode 2 space)
Add component (AddParameter): Name = "Model"; Value = "Model"; VariantName = "[No Variations]"
Added Component: Designator=D502(Diode 2 space)
Add component (AddParameter): Name = "Model"; Value = "Model"; VariantName = "[No Variations]"
Added Component: Designator=Pot500(Pot Trim Long)
Add component (AddParameter): Name = "Resistance"; Value = "2k"; VariantName = "[No Variations]"
Added Component: Designator=R500(AXIAL-0.4 PCBK)
Add component (AddParameter): Name = "LatestRevisionDate"; Value = "17-Jul-2002"; VariantName = "[No Variations]"
Add component (AddParameter): Name = "LatestRevisionNote"; Value = "Re-released for DXP Platform."; VariantName = "[No Variations]"
Add component (AddParameter): Name = "PackageReference"; Value = "AXIAL-0.4"; VariantName = "[No Variations]"
Add component (AddParameter): Name = "Published"; Value = "8-Jun-2000"; VariantName = "[No Variations]"
Add component (AddParameter): Name = "Publisher"; Value = "Altium Limited"; VariantName = "[No Variations]"
Add component (AddParameter): Name = "Value"; Value = "240"; VariantName = "[No Variations]"
Added Component: Designator=R501(AXIAL-0.4 PCBK)
Add component (AddParameter): Name = "LatestRevisionDate"; Value = "17-Jul-2002"; VariantName = "[No Variations]"
Add component (AddParameter): Name = "LatestRevisionNote"; Value = "Re-released for DXP Platform."; VariantName = "[No Variations]"
Add component (AddParameter): Name = "PackageReference"; Value = "AXIAL-0.4"; VariantName = "[No Variations]"
Add component (AddParameter): Name = "Published"; Value = "8-Jun-2000"; VariantName = "[No Variations]"
Add component (AddParameter): Name = "Publisher"; Value = "Altium Limited"; VariantName = "[No Variations]"
Add component (AddParameter): Name = "Value"; Value = "48"; VariantName = "[No Variations]"
Added Component: Designator=R502(AXIAL-0.4 PCBK)
Add component (AddParameter): Name = "LatestRevisionDate"; Value = "17-Jul-2002"; VariantName = "[No Variations]"
Add component (AddParameter): Name = "LatestRevisionNote"; Value = "Re-released for DXP Platform."; VariantName = "[No Variations]"
Add component (AddParameter): Name = "PackageReference"; Value = "AXIAL-0.4"; VariantName = "[No Variations]"
Add component (AddParameter): Name = "Published"; Value = "8-Jun-2000"; VariantName = "[No Variations]"
Add component (AddParameter): Name = "Publisher"; Value = "Altium Limited"; VariantName = "[No Variations]"
Add component (AddParameter): Name = "Value"; Value = "120"; VariantName = "[No Variations]"
Added Component: Designator=U500(TO-220)
Added Component: Designator=U501(TO-92_straight)
Added Component: Designator=U502(NDE0003A)
Add component (AddParameter): Name = "Code_IPC"; Value = ""; VariantName = "[No Variations]"
Add component (AddParameter): Name = "Code_JEDEC"; Value = ""; VariantName = "[No Variations]"
Add component (AddParameter): Name = "Code_JEITA"; Value = ""; VariantName = "[No Variations]"
Add component (AddParameter): Name = "ComponentLink1Description"; Value = "Datasheet URL"; VariantName = "[No Variations]"
Add component (AddParameter): Name = "ComponentLink1URL"; Value = "http://www.ti.com/general/docs/lit/getliterature.tsp?genericPartNumber=LM7905&fileType=pdf"; VariantName = "[No Variations]"
Add component (AddParameter): Name = "CompType"; Value = "LDO IC"; VariantName = "[No Variations]"
Add component (AddParameter): Name = "High-Reliability"; Value = ""; VariantName = "[No Variations]"
Add component (AddParameter): Name = "Manufacturer"; Value = "Texas Instruments"; VariantName = "[No Variations]"
Add component (AddParameter): Name = "PackageDescription"; Value = "TO-220, Molded, 3 Lead, Straight"; VariantName = "[No Variations]"
Add component (AddParameter): Name = "PackageReference"; Value = "NDE0003A"; VariantName = "[No Variations]"
Add component (AddParameter): Name = "PackageTopMarking"; Value = "NSUZXYTTE#*LM7905CT"; VariantName = "[No Variations]"
Add component (AddParameter): Name = "PartNumber"; Value = ""; VariantName = "[No Variations]"
Add component (AddParameter): Name = "PinCount"; Value = "3"; VariantName = "[No Variations]"
Add component (AddParameter): Name = "PowerWise"; Value = "N"; VariantName = "[No Variations]"
Add component (AddParameter): Name = "RoHS"; Value = "Y"; VariantName = "[No Variations]"
Added Component: Designator=U503(TO220)
Add component (AddParameter): Name = "ComponentLink1Description"; Value = "Manufacturer URL"; VariantName = "[No Variations]"
Add component (AddParameter): Name = "ComponentLink1URL"; Value = "http://www.st.com"; VariantName = "[No Variations]"
Add component (AddParameter): Name = "ComponentLink2Description"; Value = "Datasheet"; VariantName = "[No Variations]"
Add component (AddParameter): Name = "ComponentLink2URL"; Value = "http://www.st.com/internet/com/TECHNICAL_RESOURCES/TECHNICAL_LITERATURE/DATASHEET/CD00000468.pdf"; VariantName = "[No Variations]"
Add component (AddParameter): Name = "ComponentLink3Description"; Value = "Package Specification"; VariantName = "[No Variations]"
Add component (AddParameter): Name = "ComponentLink3URL"; Value = "http://www.st.com/internet/com/TECHNICAL_RESOURCES/TECHNICAL_LITERATURE/PACKAGE_INFORMATION/CD00004649.pdf"; VariantName = "[No Variations]"
Add component (AddParameter): Name = "DatasheetVersion"; Value = "1/10/2011"; VariantName = "[No Variations]"
Add component (AddParameter): Name = "PackageDescription"; Value = "TO, Thru-Hole, Vertical, Heatsink Mounted; 3 In-Line Leads; Pitch 2.54 mm"; VariantName = "[No Variations]"
Add component (AddParameter): Name = "PackageReference"; Value = "TO220"; VariantName = "[No Variations]"
Add component (AddParameter): Name = "PackageVersion"; Value = "ver3.0"; VariantName = "[No Variations]"
Added Pin To Net: NetName=GND Pin=C500-1
Added Pin To Net: NetName=GND Pin=C501-1
Added Pin To Net: NetName=+5V Pin=C501-2
Added Pin To Net: NetName=GND Pin=C502-2
Added Pin To Net: NetName=+1V75 Pin=C503-1
Added Pin To Net: NetName=GND Pin=C503-2
Added Pin To Net: NetName=GND Pin=C504-2
Added Pin To Net: NetName=-5V Pin=C505-1
Added Pin To Net: NetName=GND Pin=C505-2
Added Pin To Net: NetName=GND Pin=C506-1
Added Pin To Net: NetName=GND Pin=C507-1
Added Pin To Net: NetName=-1V75 Pin=C507-2
Added Pin To Net: NetName=+1V75 Pin=D500-1
Added Pin To Net: NetName=-1V75 Pin=D502-2
Added Pin To Net: NetName=GND Pin=Pot500-2
Added Pin To Net: NetName=+1V75 Pin=R500-2
Added Pin To Net: NetName=GND Pin=R501-2
Added Pin To Net: NetName=-1V75 Pin=R502-1
Added Pin To Net: NetName=GND Pin=U500-2
Added Pin To Net: NetName=+5V Pin=U500-3
Added Pin To Net: NetName=+1V75 Pin=U501-2
Added Pin To Net: NetName=GND Pin=U502-1
Added Pin To Net: NetName=-5V Pin=U502-3
Added Pin To Net: NetName=-1V75 Pin=U503-3
Added Pin To Net: NetName=+6V Pin=C502-1
Added Pin To Net: NetName=+6V Pin=D500-2
Added Pin To Net: NetName=+6V Pin=U501-3
Added Net: Name=+6V
Added Pin To Net: NetName=-6V Pin=D502-1
Added Pin To Net: NetName=-6V Pin=U503-2
Added Net: Name=-6V
Added Pin To Net: NetName=NetC500_2 Pin=C500-2
Added Pin To Net: NetName=NetC500_2 Pin=U500-1
Added Net: Name=NetC500_2
Added Pin To Net: NetName=NetC504_1 Pin=C504-1
Added Pin To Net: NetName=NetC504_1 Pin=U502-2
Added Net: Name=NetC504_1
Added Pin To Net: NetName=NetC506_2 Pin=C506-2
Added Pin To Net: NetName=NetC506_2 Pin=R501-1
Added Pin To Net: NetName=NetC506_2 Pin=R502-2
Added Pin To Net: NetName=NetC506_2 Pin=U503-1
Added Net: Name=NetC506_2
Added Pin To Net: NetName=NetPot500_1 Pin=Pot500-1
Added Pin To Net: NetName=NetPot500_1 Pin=Pot500-3
Added Pin To Net: NetName=NetPot500_1 Pin=R500-1
Added Pin To Net: NetName=NetPot500_1 Pin=U501-1
Added Net: Name=NetPot500_1
Added Class: Name=power_supply
Added Rule: Name=Schematic Supply Nets_2
Added Rule: Name=Schematic Supply Nets_5
