Change Component Designator: OldDesignator=J200 NewDesignator=LCD
Added Component: Designator=R201(AXIAL-0.4 PCBK)
Add component (AddParameter): Name = "LatestRevisionDate"; Value = "17-Jul-2002"; VariantName = "[No Variations]"
Add component (AddParameter): Name = "LatestRevisionNote"; Value = "Re-released for DXP Platform."; VariantName = "[No Variations]"
Add component (AddParameter): Name = "PackageReference"; Value = "AXIAL-0.4"; VariantName = "[No Variations]"
Add component (AddParameter): Name = "Published"; Value = "8-Jun-2000"; VariantName = "[No Variations]"
Add component (AddParameter): Name = "Publisher"; Value = "Altium Limited"; VariantName = "[No Variations]"
Add component (AddParameter): Name = "Value"; Value = "1k"; VariantName = "[No Variations]"
Added Component: Designator=R202(AXIAL-0.4 PCBK)
Add component (AddParameter): Name = "LatestRevisionDate"; Value = "17-Jul-2002"; VariantName = "[No Variations]"
Add component (AddParameter): Name = "LatestRevisionNote"; Value = "Re-released for DXP Platform."; VariantName = "[No Variations]"
Add component (AddParameter): Name = "PackageReference"; Value = "AXIAL-0.4"; VariantName = "[No Variations]"
Add component (AddParameter): Name = "Published"; Value = "8-Jun-2000"; VariantName = "[No Variations]"
Add component (AddParameter): Name = "Publisher"; Value = "Altium Limited"; VariantName = "[No Variations]"
Add component (AddParameter): Name = "Value"; Value = "1k"; VariantName = "[No Variations]"
Add Pin To Net: Unknown Pin: Pin Q500-4
Added Pin To Net: NetName=NetC515_2 Pin=Q501-3
Added Pin To Net: NetName=I2C_SCL Pin=R201-1
Added Pin To Net: NetName=VCC_3V3 Pin=R201-2
Added Pin To Net: NetName=I2C_SDA Pin=R202-1
Added Pin To Net: NetName=VCC_3V3 Pin=R202-2
Added Member To Class: ClassName=switches_connectors Member=Component R201
Added Member To Class: ClassName=switches_connectors Member=Component R202
