Change Component Designator: OldDesignator=C1 NewDesignator=C301
Change Component Designator: OldDesignator=C2 NewDesignator=C300
Change Component Designator: OldDesignator=D1 NewDesignator=D300
Change Component Designator: OldDesignator=D2 NewDesignator=D301
Change Component Designator: OldDesignator=J1 NewDesignator=J103
Change Component Designator: OldDesignator=J2 NewDesignator=J101
Change Component Designator: OldDesignator=J3 NewDesignator=J102
Change Component Designator: OldDesignator=J4 NewDesignator=J100
Change Component Designator: OldDesignator=J5 NewDesignator=J302
Change Component Designator: OldDesignator=J6 NewDesignator=J303
Change Component Designator: OldDesignator=J7 NewDesignator=J300
Change Component Designator: OldDesignator=J8 NewDesignator=J301
Change Component Designator: OldDesignator=R1 NewDesignator=R303
Change Component Designator: OldDesignator=R2 NewDesignator=R304
Change Component Designator: OldDesignator=R3 NewDesignator=R302
Change Component Designator: OldDesignator=R4 NewDesignator=R301
Change Component Designator: OldDesignator=R5 NewDesignator=R300
Change Component Designator: OldDesignator=U1 NewDesignator=U300
Change component parameters: Designator = "C1" ("C1"); Footprint = "RAD-0.3  PCBK"; UniqueID = "\GCRCWJOD" ("\GCRCWJOD")
Change component parameters (AddParameter): Name = "LatestRevisionDate"; Value = "17-Jul-2002"; VariantName = "[No Variations]"
Change component parameters (AddParameter): Name = "LatestRevisionNote"; Value = "Re-released for DXP Platform."; VariantName = "[No Variations]"
Change component parameters (AddParameter): Name = "PackageReference"; Value = "RAD-0.3"; VariantName = "[No Variations]"
Change component parameters (AddParameter): Name = "Published"; Value = "8-Jun-2000"; VariantName = "[No Variations]"
Change component parameters (AddParameter): Name = "Publisher"; Value = "Altium Limited"; VariantName = "[No Variations]"
Change component parameters (AddParameter): Name = "Value"; Value = "5n5"; VariantName = "[No Variations]"
Change component parameters: Designator = "C2" ("C2"); Footprint = "RAD-0.3  PCBK"; UniqueID = "\PDKGMRAM" ("\PDKGMRAM")
Change component parameters (AddParameter): Name = "LatestRevisionDate"; Value = "17-Jul-2002"; VariantName = "[No Variations]"
Change component parameters (AddParameter): Name = "LatestRevisionNote"; Value = "Re-released for DXP Platform."; VariantName = "[No Variations]"
Change component parameters (AddParameter): Name = "PackageReference"; Value = "RAD-0.3"; VariantName = "[No Variations]"
Change component parameters (AddParameter): Name = "Published"; Value = "8-Jun-2000"; VariantName = "[No Variations]"
Change component parameters (AddParameter): Name = "Publisher"; Value = "Altium Limited"; VariantName = "[No Variations]"
Change component parameters (AddParameter): Name = "Value"; Value = "5n5"; VariantName = "[No Variations]"
Change component parameters: Designator = "R1" ("R1"); Footprint = "AXIAL-0.4 PCBK"; UniqueID = "\UMRJAWWF" ("\UMRJAWWF")
Change component parameters (AddParameter): Name = "LatestRevisionDate"; Value = "17-Jul-2002"; VariantName = "[No Variations]"
Change component parameters (AddParameter): Name = "LatestRevisionNote"; Value = "Re-released for DXP Platform."; VariantName = "[No Variations]"
Change component parameters (AddParameter): Name = "PackageReference"; Value = "AXIAL-0.4"; VariantName = "[No Variations]"
Change component parameters (AddParameter): Name = "Published"; Value = "8-Jun-2000"; VariantName = "[No Variations]"
Change component parameters (AddParameter): Name = "Publisher"; Value = "Altium Limited"; VariantName = "[No Variations]"
Change component parameters (AddParameter): Name = "Value"; Value = "1k47"; VariantName = "[No Variations]"
Change component parameters: Designator = "R4" ("R4"); Footprint = "AXIAL-0.4 PCBK"; UniqueID = "\DHCCCNAR" ("\DHCCCNAR")
Change component parameters (AddParameter): Name = "LatestRevisionDate"; Value = "17-Jul-2002"; VariantName = "[No Variations]"
Change component parameters (AddParameter): Name = "LatestRevisionNote"; Value = "Re-released for DXP Platform."; VariantName = "[No Variations]"
Change component parameters (AddParameter): Name = "PackageReference"; Value = "AXIAL-0.4"; VariantName = "[No Variations]"
Change component parameters (AddParameter): Name = "Published"; Value = "8-Jun-2000"; VariantName = "[No Variations]"
Change component parameters (AddParameter): Name = "Publisher"; Value = "Altium Limited"; VariantName = "[No Variations]"
Change component parameters (AddParameter): Name = "Value"; Value = "14k7"; VariantName = "[No Variations]"
Change component parameters: Designator = "R5" ("R5"); Footprint = "AXIAL-0.4 PCBK"; UniqueID = "\NUHHIWMP" ("\NUHHIWMP")
Change component parameters (AddParameter): Name = "LatestRevisionDate"; Value = "17-Jul-2002"; VariantName = "[No Variations]"
Change component parameters (AddParameter): Name = "LatestRevisionNote"; Value = "Re-released for DXP Platform."; VariantName = "[No Variations]"
Change component parameters (AddParameter): Name = "PackageReference"; Value = "AXIAL-0.4"; VariantName = "[No Variations]"
Change component parameters (AddParameter): Name = "Published"; Value = "8-Jun-2000"; VariantName = "[No Variations]"
Change component parameters (AddParameter): Name = "Publisher"; Value = "Altium Limited"; VariantName = "[No Variations]"
Change component parameters (AddParameter): Name = "Value"; Value = "1k47"; VariantName = "[No Variations]"
Added Component: Designator=5V FX Switches(MicroFit 1x7)
Added Component: Designator=C200(RAD-0.3  PCBK)
Add component (AddParameter): Name = "LatestRevisionDate"; Value = "17-Jul-2002"; VariantName = "[No Variations]"
Add component (AddParameter): Name = "LatestRevisionNote"; Value = "Re-released for DXP Platform."; VariantName = "[No Variations]"
Add component (AddParameter): Name = "PackageReference"; Value = "RAD-0.3"; VariantName = "[No Variations]"
Add component (AddParameter): Name = "Published"; Value = "8-Jun-2000"; VariantName = "[No Variations]"
Add component (AddParameter): Name = "Publisher"; Value = "Altium Limited"; VariantName = "[No Variations]"
Add component (AddParameter): Name = "Value"; Value = "100nF"; VariantName = "[No Variations]"
Added Component: Designator=C201(RAD-0.3  PCBK)
Add component (AddParameter): Name = "LatestRevisionDate"; Value = "17-Jul-2002"; VariantName = "[No Variations]"
Add component (AddParameter): Name = "LatestRevisionNote"; Value = "Re-released for DXP Platform."; VariantName = "[No Variations]"
Add component (AddParameter): Name = "PackageReference"; Value = "RAD-0.3"; VariantName = "[No Variations]"
Add component (AddParameter): Name = "Published"; Value = "8-Jun-2000"; VariantName = "[No Variations]"
Add component (AddParameter): Name = "Publisher"; Value = "Altium Limited"; VariantName = "[No Variations]"
Add component (AddParameter): Name = "Value"; Value = "100nF"; VariantName = "[No Variations]"
Added Component: Designator=C202(RAD-0.3  PCBK)
Add component (AddParameter): Name = "LatestRevisionDate"; Value = "17-Jul-2002"; VariantName = "[No Variations]"
Add component (AddParameter): Name = "LatestRevisionNote"; Value = "Re-released for DXP Platform."; VariantName = "[No Variations]"
Add component (AddParameter): Name = "PackageReference"; Value = "RAD-0.3"; VariantName = "[No Variations]"
Add component (AddParameter): Name = "Published"; Value = "8-Jun-2000"; VariantName = "[No Variations]"
Add component (AddParameter): Name = "Publisher"; Value = "Altium Limited"; VariantName = "[No Variations]"
Add component (AddParameter): Name = "Value"; Value = "100nF"; VariantName = "[No Variations]"
Added Component: Designator=FX Switches(Header 1x7)
Added Component: Designator=LED400(SMD L0805)
Added Component: Designator=LED401(SMD L0805)
Added Component: Designator=LED402(SMD L0805)
Added Component: Designator=LED403(SMD L0805)
Added Component: Designator=LED404(SMD L0805)
Added Component: Designator=LED405(SMD L0805)
Added Component: Designator=MENU_CTRL(Header 1x3)
Added Component: Designator=POT1(Header 1x3)
Added Component: Designator=POT2(Header 1x3)
Added Component: Designator=POT3(Header 1x3)
Added Component: Designator=POT_WAH200(Header 1x3)
Added Component: Designator=R400(AXIAL-0.4 PCBK)
Add component (AddParameter): Name = "LatestRevisionDate"; Value = "17-Jul-2002"; VariantName = "[No Variations]"
Add component (AddParameter): Name = "LatestRevisionNote"; Value = "Re-released for DXP Platform."; VariantName = "[No Variations]"
Add component (AddParameter): Name = "PackageReference"; Value = "AXIAL-0.4"; VariantName = "[No Variations]"
Add component (AddParameter): Name = "Published"; Value = "8-Jun-2000"; VariantName = "[No Variations]"
Add component (AddParameter): Name = "Publisher"; Value = "Altium Limited"; VariantName = "[No Variations]"
Add component (AddParameter): Name = "Value"; Value = "1k"; VariantName = "[No Variations]"
Added Component: Designator=R401(AXIAL-0.4 PCBK)
Add component (AddParameter): Name = "LatestRevisionDate"; Value = "17-Jul-2002"; VariantName = "[No Variations]"
Add component (AddParameter): Name = "LatestRevisionNote"; Value = "Re-released for DXP Platform."; VariantName = "[No Variations]"
Add component (AddParameter): Name = "PackageReference"; Value = "AXIAL-0.4"; VariantName = "[No Variations]"
Add component (AddParameter): Name = "Published"; Value = "8-Jun-2000"; VariantName = "[No Variations]"
Add component (AddParameter): Name = "Publisher"; Value = "Altium Limited"; VariantName = "[No Variations]"
Add component (AddParameter): Name = "Value"; Value = "1k"; VariantName = "[No Variations]"
Added Component: Designator=R402(AXIAL-0.4 PCBK)
Add component (AddParameter): Name = "LatestRevisionDate"; Value = "17-Jul-2002"; VariantName = "[No Variations]"
Add component (AddParameter): Name = "LatestRevisionNote"; Value = "Re-released for DXP Platform."; VariantName = "[No Variations]"
Add component (AddParameter): Name = "PackageReference"; Value = "AXIAL-0.4"; VariantName = "[No Variations]"
Add component (AddParameter): Name = "Published"; Value = "8-Jun-2000"; VariantName = "[No Variations]"
Add component (AddParameter): Name = "Publisher"; Value = "Altium Limited"; VariantName = "[No Variations]"
Add component (AddParameter): Name = "Value"; Value = "1k"; VariantName = "[No Variations]"
Added Component: Designator=R403(AXIAL-0.4 PCBK)
Add component (AddParameter): Name = "LatestRevisionDate"; Value = "17-Jul-2002"; VariantName = "[No Variations]"
Add component (AddParameter): Name = "LatestRevisionNote"; Value = "Re-released for DXP Platform."; VariantName = "[No Variations]"
Add component (AddParameter): Name = "PackageReference"; Value = "AXIAL-0.4"; VariantName = "[No Variations]"
Add component (AddParameter): Name = "Published"; Value = "8-Jun-2000"; VariantName = "[No Variations]"
Add component (AddParameter): Name = "Publisher"; Value = "Altium Limited"; VariantName = "[No Variations]"
Add component (AddParameter): Name = "Value"; Value = "1k"; VariantName = "[No Variations]"
Added Component: Designator=R404(AXIAL-0.4 PCBK)
Add component (AddParameter): Name = "LatestRevisionDate"; Value = "17-Jul-2002"; VariantName = "[No Variations]"
Add component (AddParameter): Name = "LatestRevisionNote"; Value = "Re-released for DXP Platform."; VariantName = "[No Variations]"
Add component (AddParameter): Name = "PackageReference"; Value = "AXIAL-0.4"; VariantName = "[No Variations]"
Add component (AddParameter): Name = "Published"; Value = "8-Jun-2000"; VariantName = "[No Variations]"
Add component (AddParameter): Name = "Publisher"; Value = "Altium Limited"; VariantName = "[No Variations]"
Add component (AddParameter): Name = "Value"; Value = "1k"; VariantName = "[No Variations]"
Added Component: Designator=R405(AXIAL-0.4 PCBK)
Add component (AddParameter): Name = "LatestRevisionDate"; Value = "17-Jul-2002"; VariantName = "[No Variations]"
Add component (AddParameter): Name = "LatestRevisionNote"; Value = "Re-released for DXP Platform."; VariantName = "[No Variations]"
Add component (AddParameter): Name = "PackageReference"; Value = "AXIAL-0.4"; VariantName = "[No Variations]"
Add component (AddParameter): Name = "Published"; Value = "8-Jun-2000"; VariantName = "[No Variations]"
Add component (AddParameter): Name = "Publisher"; Value = "Altium Limited"; VariantName = "[No Variations]"
Add component (AddParameter): Name = "Value"; Value = "1k"; VariantName = "[No Variations]"
Added Component: Designator=R406(AXIAL-0.4 PCBK)
Add component (AddParameter): Name = "LatestRevisionDate"; Value = "17-Jul-2002"; VariantName = "[No Variations]"
Add component (AddParameter): Name = "LatestRevisionNote"; Value = "Re-released for DXP Platform."; VariantName = "[No Variations]"
Add component (AddParameter): Name = "PackageReference"; Value = "AXIAL-0.4"; VariantName = "[No Variations]"
Add component (AddParameter): Name = "Published"; Value = "8-Jun-2000"; VariantName = "[No Variations]"
Add component (AddParameter): Name = "Publisher"; Value = "Altium Limited"; VariantName = "[No Variations]"
Add component (AddParameter): Name = "Value"; Value = "1k"; VariantName = "[No Variations]"
Added Component: Designator=R407(AXIAL-0.4 PCBK)
Add component (AddParameter): Name = "LatestRevisionDate"; Value = "17-Jul-2002"; VariantName = "[No Variations]"
Add component (AddParameter): Name = "LatestRevisionNote"; Value = "Re-released for DXP Platform."; VariantName = "[No Variations]"
Add component (AddParameter): Name = "PackageReference"; Value = "AXIAL-0.4"; VariantName = "[No Variations]"
Add component (AddParameter): Name = "Published"; Value = "8-Jun-2000"; VariantName = "[No Variations]"
Add component (AddParameter): Name = "Publisher"; Value = "Altium Limited"; VariantName = "[No Variations]"
Add component (AddParameter): Name = "Value"; Value = "300"; VariantName = "[No Variations]"
Added Component: Designator=R408(AXIAL-0.4 PCBK)
Add component (AddParameter): Name = "LatestRevisionDate"; Value = "17-Jul-2002"; VariantName = "[No Variations]"
Add component (AddParameter): Name = "LatestRevisionNote"; Value = "Re-released for DXP Platform."; VariantName = "[No Variations]"
Add component (AddParameter): Name = "PackageReference"; Value = "AXIAL-0.4"; VariantName = "[No Variations]"
Add component (AddParameter): Name = "Published"; Value = "8-Jun-2000"; VariantName = "[No Variations]"
Add component (AddParameter): Name = "Publisher"; Value = "Altium Limited"; VariantName = "[No Variations]"
Add component (AddParameter): Name = "Value"; Value = "300"; VariantName = "[No Variations]"
Added Component: Designator=R409(AXIAL-0.4 PCBK)
Add component (AddParameter): Name = "LatestRevisionDate"; Value = "17-Jul-2002"; VariantName = "[No Variations]"
Add component (AddParameter): Name = "LatestRevisionNote"; Value = "Re-released for DXP Platform."; VariantName = "[No Variations]"
Add component (AddParameter): Name = "PackageReference"; Value = "AXIAL-0.4"; VariantName = "[No Variations]"
Add component (AddParameter): Name = "Published"; Value = "8-Jun-2000"; VariantName = "[No Variations]"
Add component (AddParameter): Name = "Publisher"; Value = "Altium Limited"; VariantName = "[No Variations]"
Add component (AddParameter): Name = "Value"; Value = "300"; VariantName = "[No Variations]"
Added Component: Designator=R410(AXIAL-0.4 PCBK)
Add component (AddParameter): Name = "LatestRevisionDate"; Value = "17-Jul-2002"; VariantName = "[No Variations]"
Add component (AddParameter): Name = "LatestRevisionNote"; Value = "Re-released for DXP Platform."; VariantName = "[No Variations]"
Add component (AddParameter): Name = "PackageReference"; Value = "AXIAL-0.4"; VariantName = "[No Variations]"
Add component (AddParameter): Name = "Published"; Value = "8-Jun-2000"; VariantName = "[No Variations]"
Add component (AddParameter): Name = "Publisher"; Value = "Altium Limited"; VariantName = "[No Variations]"
Add component (AddParameter): Name = "Value"; Value = "300"; VariantName = "[No Variations]"
Added Component: Designator=R411(AXIAL-0.4 PCBK)
Add component (AddParameter): Name = "LatestRevisionDate"; Value = "17-Jul-2002"; VariantName = "[No Variations]"
Add component (AddParameter): Name = "LatestRevisionNote"; Value = "Re-released for DXP Platform."; VariantName = "[No Variations]"
Add component (AddParameter): Name = "PackageReference"; Value = "AXIAL-0.4"; VariantName = "[No Variations]"
Add component (AddParameter): Name = "Published"; Value = "8-Jun-2000"; VariantName = "[No Variations]"
Add component (AddParameter): Name = "Publisher"; Value = "Altium Limited"; VariantName = "[No Variations]"
Add component (AddParameter): Name = "Value"; Value = "300"; VariantName = "[No Variations]"
Added Component: Designator=R412(AXIAL-0.4 PCBK)
Add component (AddParameter): Name = "LatestRevisionDate"; Value = "17-Jul-2002"; VariantName = "[No Variations]"
Add component (AddParameter): Name = "LatestRevisionNote"; Value = "Re-released for DXP Platform."; VariantName = "[No Variations]"
Add component (AddParameter): Name = "PackageReference"; Value = "AXIAL-0.4"; VariantName = "[No Variations]"
Add component (AddParameter): Name = "Published"; Value = "8-Jun-2000"; VariantName = "[No Variations]"
Add component (AddParameter): Name = "Publisher"; Value = "Altium Limited"; VariantName = "[No Variations]"
Add component (AddParameter): Name = "Value"; Value = "300"; VariantName = "[No Variations]"
Added Component: Designator=Rs200(AXIAL-0.4 PCBK)
Add component (AddParameter): Name = "LatestRevisionDate"; Value = "17-Jul-2002"; VariantName = "[No Variations]"
Add component (AddParameter): Name = "LatestRevisionNote"; Value = "Re-released for DXP Platform."; VariantName = "[No Variations]"
Add component (AddParameter): Name = "PackageReference"; Value = "AXIAL-0.4"; VariantName = "[No Variations]"
Add component (AddParameter): Name = "Published"; Value = "8-Jun-2000"; VariantName = "[No Variations]"
Add component (AddParameter): Name = "Publisher"; Value = "Altium Limited"; VariantName = "[No Variations]"
Add component (AddParameter): Name = "Value"; Value = "100"; VariantName = "[No Variations]"
Added Component: Designator=U400(N0016A)
Add component (AddParameter): Name = "3-State Output"; Value = "Yes"; VariantName = "[No Variations]"
Add component (AddParameter): Name = "Bits"; Value = "8"; VariantName = "[No Variations]"
Add component (AddParameter): Name = "Code_JEDEC"; Value = "MS-001"; VariantName = "[No Variations]"
Add component (AddParameter): Name = "DatasheetVersion"; Value = "SCLS041H"; VariantName = "[No Variations]"
Add component (AddParameter): Name = "F @ Nom Voltage(Max)(Mhz)"; Value = "28"; VariantName = "[No Variations]"
Add component (AddParameter): Name = "Generic Part Number"; Value = "SN74HC595"; VariantName = "[No Variations]"
Add component (AddParameter): Name = "ICC @ Nom Voltage(Max)(mA)"; Value = "0.08"; VariantName = "[No Variations]"
Add component (AddParameter): Name = "Input Type"; Value = "CMOS"; VariantName = "[No Variations]"
Add component (AddParameter): Name = "Manufacturer"; Value = "Texas Instruments"; VariantName = "[No Variations]"
Add component (AddParameter): Name = "Operating Temperature Range(C)"; Value = "-40 to 85"; VariantName = "[No Variations]"
Add component (AddParameter): Name = "Output Drive (IOL/IOH)(Max)(mA)"; Value = "7.8/-7.8"; VariantName = "[No Variations]"
Add component (AddParameter): Name = "Output Type"; Value = "CMOS"; VariantName = "[No Variations]"
Add component (AddParameter): Name = "PackageReference"; Value = "N0016A"; VariantName = "[No Variations]"
Add component (AddParameter): Name = "PackageVersion"; Value = "http://www.ti.com/lit/ml/mpdi002c/mpdi002c.pdf"; VariantName = "[No Variations]"
Add component (AddParameter): Name = "Rating"; Value = "Military"; VariantName = "[No Variations]"
Add component (AddParameter): Name = "Technology Family"; Value = "HC"; VariantName = "[No Variations]"
Add component (AddParameter): Name = "tpd @ Nom Voltage(Max)(ns)"; Value = "34"; VariantName = "[No Variations]"
Add component (AddParameter): Name = "VCC(Max)(V)"; Value = "6"; VariantName = "[No Variations]"
Add component (AddParameter): Name = "VCC(Min)(V)"; Value = "2"; VariantName = "[No Variations]"
Add component (AddParameter): Name = "Voltage(Nom)(V)"; Value = "6"; VariantName = "[No Variations]"
Added Component: Designator=U401(N0016A)
Add component (AddParameter): Name = "3-State Output"; Value = "Yes"; VariantName = "[No Variations]"
Add component (AddParameter): Name = "Bits"; Value = "8"; VariantName = "[No Variations]"
Add component (AddParameter): Name = "Code_JEDEC"; Value = "MS-001"; VariantName = "[No Variations]"
Add component (AddParameter): Name = "DatasheetVersion"; Value = "SCLS041H"; VariantName = "[No Variations]"
Add component (AddParameter): Name = "F @ Nom Voltage(Max)(Mhz)"; Value = "28"; VariantName = "[No Variations]"
Add component (AddParameter): Name = "Generic Part Number"; Value = "SN74HC595"; VariantName = "[No Variations]"
Add component (AddParameter): Name = "ICC @ Nom Voltage(Max)(mA)"; Value = "0.08"; VariantName = "[No Variations]"
Add component (AddParameter): Name = "Input Type"; Value = "CMOS"; VariantName = "[No Variations]"
Add component (AddParameter): Name = "Manufacturer"; Value = "Texas Instruments"; VariantName = "[No Variations]"
Add component (AddParameter): Name = "Operating Temperature Range(C)"; Value = "-40 to 85"; VariantName = "[No Variations]"
Add component (AddParameter): Name = "Output Drive (IOL/IOH)(Max)(mA)"; Value = "7.8/-7.8"; VariantName = "[No Variations]"
Add component (AddParameter): Name = "Output Type"; Value = "CMOS"; VariantName = "[No Variations]"
Add component (AddParameter): Name = "PackageReference"; Value = "N0016A"; VariantName = "[No Variations]"
Add component (AddParameter): Name = "PackageVersion"; Value = "http://www.ti.com/lit/ml/mpdi002c/mpdi002c.pdf"; VariantName = "[No Variations]"
Add component (AddParameter): Name = "Rating"; Value = "Military"; VariantName = "[No Variations]"
Add component (AddParameter): Name = "Technology Family"; Value = "HC"; VariantName = "[No Variations]"
Add component (AddParameter): Name = "tpd @ Nom Voltage(Max)(ns)"; Value = "34"; VariantName = "[No Variations]"
Add component (AddParameter): Name = "VCC(Max)(V)"; Value = "6"; VariantName = "[No Variations]"
Add component (AddParameter): Name = "VCC(Min)(V)"; Value = "2"; VariantName = "[No Variations]"
Add component (AddParameter): Name = "Voltage(Nom)(V)"; Value = "6"; VariantName = "[No Variations]"
Added Pin To Net: NetName=+5V Pin=5V FX Switches-1
Added Pin To Net: NetName=+5V Pin=5V FX Switches-2
Added Pin To Net: NetName=+5V Pin=5V FX Switches-3
Added Pin To Net: NetName=+5V Pin=5V FX Switches-4
Added Pin To Net: NetName=+5V Pin=5V FX Switches-5
Added Pin To Net: NetName=+5V Pin=5V FX Switches-6
Added Pin To Net: NetName=+5V Pin=5V FX Switches-7
Added Pin To Net: NetName=GND Pin=C200-1
Added Pin To Net: NetName=GPAIN0 Pin=C200-2
Added Pin To Net: NetName=GND Pin=C201-1
Added Pin To Net: NetName=GPAIN1 Pin=C201-2
Added Pin To Net: NetName=GND Pin=C202-1
Added Pin To Net: NetName=GPAIN2 Pin=C202-2
Added Pin To Net: NetName=GPIO17 Pin=MENU_CTRL-2
Added Pin To Net: NetName=GND Pin=POT1-1
Added Pin To Net: NetName=GPAIN0 Pin=POT1-2
Added Pin To Net: NetName=GND Pin=POT2-1
Added Pin To Net: NetName=GPAIN1 Pin=POT2-2
Added Pin To Net: NetName=GND Pin=POT3-1
Added Pin To Net: NetName=GPAIN2 Pin=POT3-2
Added Pin To Net: NetName=GND Pin=POT_WAH200-1
Added Pin To Net: NetName=GPAIN3 Pin=POT_WAH200-2
Added Pin To Net: NetName=GND Pin=R400-1
Added Pin To Net: NetName=GND Pin=R401-1
Added Pin To Net: NetName=GND Pin=R402-1
Added Pin To Net: NetName=GND Pin=R403-1
Added Pin To Net: NetName=GND Pin=R404-1
Added Pin To Net: NetName=GND Pin=R405-1
Added Pin To Net: NetName=GND Pin=R406-1
Added Pin To Net: NetName=GND Pin=R407-1
Added Pin To Net: NetName=GND Pin=R408-1
Added Pin To Net: NetName=GND Pin=R409-1
Added Pin To Net: NetName=GND Pin=R410-1
Added Pin To Net: NetName=GND Pin=R411-1
Added Pin To Net: NetName=GND Pin=R412-1
Added Pin To Net: NetName=GND Pin=Rs200-1
Added Pin To Net: NetName=GPIO17 Pin=Rs200-2
Added Pin To Net: NetName=GND Pin=U400-8
Added Pin To Net: NetName=GPIO14 Pin=U400-10
Added Pin To Net: NetName=GPIO15 Pin=U400-11
Added Pin To Net: NetName=GPIO12 Pin=U400-12
Added Pin To Net: NetName=GPIO16 Pin=U400-14
Added Pin To Net: NetName=GND Pin=U401-8
Added Pin To Net: NetName=GPIO10 Pin=U401-10
Added Pin To Net: NetName=GPIO5 Pin=U401-11
Added Pin To Net: NetName=GPIO11 Pin=U401-12
Added Pin To Net: NetName=GPIO4 Pin=U401-14
Change Net Name : Old Net Name=+1.75V New Net Name=+1V75
Change Net Name : Old Net Name=-1.75V New Net Name=-1V75
Change Net Name : Old Net Name=NetC1_2 New Net Name=NetC301_2
Change Net Name : Old Net Name=NetC2_2 New Net Name=NetC300_2
Change Net Name : Old Net Name=NetD1_1 New Net Name=NetD300_1
Change Net Name : Old Net Name=NetJ7_3 New Net Name=NetJ300_3
Change Net Name : Old Net Name=NetR1_1 New Net Name=NetR303_1
Change Net Name : Old Net Name=NetR3_2 New Net Name=NetR301_1
Change Net Name : Old Net Name=NetR4_2 New Net Name=NetR300_1
Added Pin To Net: NetName=+3V3 Pin=MENU_CTRL-3
Added Pin To Net: NetName=+3V3 Pin=POT1-3
Added Pin To Net: NetName=+3V3 Pin=POT2-3
Added Pin To Net: NetName=+3V3 Pin=POT3-3
Added Pin To Net: NetName=+3V3 Pin=POT_WAH200-3
Added Net: Name=+3V3
Added Pin To Net: NetName=NetFX Switches_1 Pin=FX Switches-1
Added Pin To Net: NetName=NetFX Switches_1 Pin=R406-2
Added Pin To Net: NetName=NetFX Switches_1 Pin=U400-6
Added Net: Name=NetFX Switches_1
Added Pin To Net: NetName=NetFX Switches_2 Pin=FX Switches-2
Added Pin To Net: NetName=NetFX Switches_2 Pin=R405-2
Added Pin To Net: NetName=NetFX Switches_2 Pin=U400-5
Added Net: Name=NetFX Switches_2
Added Pin To Net: NetName=NetFX Switches_3 Pin=FX Switches-3
Added Pin To Net: NetName=NetFX Switches_3 Pin=R404-2
Added Pin To Net: NetName=NetFX Switches_3 Pin=U400-4
Added Net: Name=NetFX Switches_3
Added Pin To Net: NetName=NetFX Switches_4 Pin=FX Switches-4
Added Pin To Net: NetName=NetFX Switches_4 Pin=R403-2
Added Pin To Net: NetName=NetFX Switches_4 Pin=U400-3
Added Net: Name=NetFX Switches_4
Added Pin To Net: NetName=NetFX Switches_5 Pin=FX Switches-5
Added Pin To Net: NetName=NetFX Switches_5 Pin=R402-2
Added Pin To Net: NetName=NetFX Switches_5 Pin=U400-2
Added Net: Name=NetFX Switches_5
Added Pin To Net: NetName=NetFX Switches_6 Pin=FX Switches-6
Added Pin To Net: NetName=NetFX Switches_6 Pin=R401-2
Added Pin To Net: NetName=NetFX Switches_6 Pin=U400-1
Added Net: Name=NetFX Switches_6
Added Pin To Net: NetName=NetFX Switches_7 Pin=FX Switches-7
Added Pin To Net: NetName=NetFX Switches_7 Pin=R400-2
Added Pin To Net: NetName=NetFX Switches_7 Pin=U400-15
Added Net: Name=NetFX Switches_7
Added Pin To Net: NetName=NetLED400_1 Pin=LED400-1
Added Pin To Net: NetName=NetLED400_1 Pin=U401-5
Added Net: Name=NetLED400_1
Added Pin To Net: NetName=NetLED400_2 Pin=LED400-2
Added Pin To Net: NetName=NetLED400_2 Pin=R407-2
Added Net: Name=NetLED400_2
Added Pin To Net: NetName=NetLED401_1 Pin=LED401-1
Added Pin To Net: NetName=NetLED401_1 Pin=U401-4
Added Net: Name=NetLED401_1
Added Pin To Net: NetName=NetLED401_2 Pin=LED401-2
Added Pin To Net: NetName=NetLED401_2 Pin=R408-2
Added Net: Name=NetLED401_2
Added Pin To Net: NetName=NetLED402_1 Pin=LED402-1
Added Pin To Net: NetName=NetLED402_1 Pin=U401-3
Added Net: Name=NetLED402_1
Added Pin To Net: NetName=NetLED402_2 Pin=LED402-2
Added Pin To Net: NetName=NetLED402_2 Pin=R409-2
Added Net: Name=NetLED402_2
Added Pin To Net: NetName=NetLED403_1 Pin=LED403-1
Added Pin To Net: NetName=NetLED403_1 Pin=U401-2
Added Net: Name=NetLED403_1
Added Pin To Net: NetName=NetLED403_2 Pin=LED403-2
Added Pin To Net: NetName=NetLED403_2 Pin=R410-2
Added Net: Name=NetLED403_2
Added Pin To Net: NetName=NetLED404_1 Pin=LED404-1
Added Pin To Net: NetName=NetLED404_1 Pin=U401-1
Added Net: Name=NetLED404_1
Added Pin To Net: NetName=NetLED404_2 Pin=LED404-2
Added Pin To Net: NetName=NetLED404_2 Pin=R411-2
Added Net: Name=NetLED404_2
Added Pin To Net: NetName=NetLED405_1 Pin=LED405-1
Added Pin To Net: NetName=NetLED405_1 Pin=U401-15
Added Net: Name=NetLED405_1
Added Pin To Net: NetName=NetLED405_2 Pin=LED405-2
Added Pin To Net: NetName=NetLED405_2 Pin=R412-2
Added Net: Name=NetLED405_2
Added Pin To Net: NetName=VCC Pin=U400-16
Added Pin To Net: NetName=VCC Pin=U401-16
Added Net: Name=VCC
Added Class: Name=shift_registers
Added Class: Name=switches_connectors
Added Member To Class: ClassName=amplifier_stage Member=Component J302 NMJ4HFD2
Added Rule: Name=Schematic Supply Nets_1
Added Rule: Name=Schematic Supply Nets_4
Added Rule: Name=Schematic Supply Nets_7
Added Rule: Name=Schematic Supply Nets_8
