Removed Pin From Net: NetName=GND Pin=R400-1
Removed Pin From Net: NetName=NetFX Switches400_7 Pin=R400-2
Removed Pin From Net: NetName=GND Pin=R401-1
Removed Pin From Net: NetName=NetFX Switches400_6 Pin=R401-2
Removed Pin From Net: NetName=GND Pin=R402-1
Removed Pin From Net: NetName=NetFX Switches400_5 Pin=R402-2
Removed Pin From Net: NetName=GND Pin=R403-1
Removed Pin From Net: NetName=NetFX Switches400_4 Pin=R403-2
Removed Pin From Net: NetName=GND Pin=R404-1
Removed Pin From Net: NetName=NetFX Switches400_3 Pin=R404-2
Removed Pin From Net: NetName=GND Pin=R405-1
Removed Pin From Net: NetName=NetFX Switches400_2 Pin=R405-2
Removed Pin From Net: NetName=GND Pin=R406-1
Removed Pin From Net: NetName=NetFX Switches400_1 Pin=R406-2
Removed Member From Class: ClassName=shift_registers Member=R406
Removed Member From Class: ClassName=shift_registers Member=R407
Removed Member From Class: ClassName=shift_registers Member=R408
Removed Member From Class: ClassName=shift_registers Member=R409
Removed Member From Class: ClassName=shift_registers Member=R410
Removed Member From Class: ClassName=shift_registers Member=R411
Removed Member From Class: ClassName=shift_registers Member=R412
Change Component Designator: OldDesignator=C500 NewDesignator=C502
Change Component Designator: OldDesignator=C501 NewDesignator=C503
Change Component Designator: OldDesignator=C502 NewDesignator=C504
Change Component Designator: OldDesignator=C503 NewDesignator=C505
Change Component Designator: OldDesignator=C504 NewDesignator=C506
Change Component Designator: OldDesignator=C505 NewDesignator=C507
Change Component Designator: OldDesignator=C506 NewDesignator=C500
Change Component Designator: OldDesignator=C507 NewDesignator=C501
Change Component Designator: OldDesignator=FX Switches 5V NewDesignator=FX Switches 200
Change Component Designator: OldDesignator=Pot500 NewDesignator=Pot501
Change Component Designator: OldDesignator=Pot501 NewDesignator=Pot500
Change Component Designator: OldDesignator=R407 NewDesignator=R400
Change Component Designator: OldDesignator=R408 NewDesignator=R401
Change Component Designator: OldDesignator=R409 NewDesignator=R402
Change Component Designator: OldDesignator=R410 NewDesignator=R403
Change Component Designator: OldDesignator=R411 NewDesignator=R404
Change Component Designator: OldDesignator=R412 NewDesignator=R405
Change Component Designator: OldDesignator=R502 NewDesignator=R501
Change Component Designator: OldDesignator=U502 NewDesignator=U503
Change Component Designator: OldDesignator=U503 NewDesignator=U502
Add Component: Footprint Not Found BY214-50
Add Component: Footprint Not Found BY214-50
Add Component: Footprint Not Found BY214-50
Add Component: Footprint Not Found BY214-50
Added Component: Designator=J600(Header 1x3)
Added Component: Designator=R600(AXIAL-0.4 PCBK)
Add component (AddParameter): Name = "LatestRevisionDate"; Value = "17-Jul-2002"; VariantName = "[No Variations]"
Add component (AddParameter): Name = "LatestRevisionNote"; Value = "Re-released for DXP Platform."; VariantName = "[No Variations]"
Add component (AddParameter): Name = "PackageReference"; Value = "AXIAL-0.4"; VariantName = "[No Variations]"
Add component (AddParameter): Name = "Published"; Value = "8-Jun-2000"; VariantName = "[No Variations]"
Add component (AddParameter): Name = "Publisher"; Value = "Altium Limited"; VariantName = "[No Variations]"
Add component (AddParameter): Name = "Value"; Value = "4k"; VariantName = "[No Variations]"
Added Component: Designator=R601(AXIAL-0.4 PCBK)
Add component (AddParameter): Name = "LatestRevisionDate"; Value = "17-Jul-2002"; VariantName = "[No Variations]"
Add component (AddParameter): Name = "LatestRevisionNote"; Value = "Re-released for DXP Platform."; VariantName = "[No Variations]"
Add component (AddParameter): Name = "PackageReference"; Value = "AXIAL-0.4"; VariantName = "[No Variations]"
Add component (AddParameter): Name = "Published"; Value = "8-Jun-2000"; VariantName = "[No Variations]"
Add component (AddParameter): Name = "Publisher"; Value = "Altium Limited"; VariantName = "[No Variations]"
Add component (AddParameter): Name = "Value"; Value = "400"; VariantName = "[No Variations]"
Add Pin To Net: Unknown Pin: Pin *500-1
Add Pin To Net: Unknown Pin: Pin *500-2
Add Pin To Net: Unknown Pin: Pin *501-1
Add Pin To Net: Unknown Pin: Pin *501-2
Add Pin To Net: Unknown Pin: Pin *502-1
Add Pin To Net: Unknown Pin: Pin *502-2
Add Pin To Net: Unknown Pin: Pin *503-1
Add Pin To Net: Unknown Pin: Pin *503-2
Added Pin To Net: NetName=GND Pin=J600-1
Added Pin To Net: NetName=GND Pin=R600-1
Change Net Name : Old Net Name=NetC500_2 New Net Name=NetC502_2
Change Net Name : Old Net Name=NetC504_1 New Net Name=NetC506_1
Change Net Name : Old Net Name=NetC506_1 New Net Name=NetC500_1
Change Net Name : Old Net Name=NetPot500_1 New Net Name=NetPot501_1
Added Pin To Net: NetName=NetJ600_3 Pin=J600-3
Added Pin To Net: NetName=NetJ600_3 Pin=R601-1
Added Net: Name=NetJ600_3
Added Pin To Net: NetName=NetR600_2 Pin=R600-2
Added Pin To Net: NetName=NetR600_2 Pin=R601-2
Added Net: Name=NetR600_2
Added Class: Name=pull_down_led_subcircuit
Add Class Member: Failed to add class member : Component *500 powerdiode
Add Class Member: Failed to add class member : Component *501 powerdiode
Add Class Member: Failed to add class member : Component *502 powerdiode
Add Class Member: Failed to add class member : Component *503 powerdiode
