Added Component: Designator=C1(RAD-0.3  PCBK)
Add component (AddParameter): Name = "LatestRevisionDate"; Value = "17-Jul-2002"; VariantName = "[No Variations]"
Add component (AddParameter): Name = "LatestRevisionNote"; Value = "Re-released for DXP Platform."; VariantName = "[No Variations]"
Add component (AddParameter): Name = "PackageReference"; Value = "RAD-0.3"; VariantName = "[No Variations]"
Add component (AddParameter): Name = "Published"; Value = "8-Jun-2000"; VariantName = "[No Variations]"
Add component (AddParameter): Name = "Publisher"; Value = "Altium Limited"; VariantName = "[No Variations]"
Add component (AddParameter): Name = "Value"; Value = "5.5nF"; VariantName = "[No Variations]"
Added Component: Designator=C2(RAD-0.3  PCBK)
Add component (AddParameter): Name = "LatestRevisionDate"; Value = "17-Jul-2002"; VariantName = "[No Variations]"
Add component (AddParameter): Name = "LatestRevisionNote"; Value = "Re-released for DXP Platform."; VariantName = "[No Variations]"
Add component (AddParameter): Name = "PackageReference"; Value = "RAD-0.3"; VariantName = "[No Variations]"
Add component (AddParameter): Name = "Published"; Value = "8-Jun-2000"; VariantName = "[No Variations]"
Add component (AddParameter): Name = "Publisher"; Value = "Altium Limited"; VariantName = "[No Variations]"
Add component (AddParameter): Name = "Value"; Value = "5.5nF"; VariantName = "[No Variations]"
Added Component: Designator=J1(Header 1x16)
Added Component: Designator=J2(Header 1x16)
Added Component: Designator=J3(Header 1x16)
Added Component: Designator=J4(Header 1x16)
Added Component: Designator=J?(FP-NMJ4HFD2-MFG)
Add component (AddParameter): Name = "Automotive"; Value = "No"; VariantName = "[No Variations]"
Add component (AddParameter): Name = "Category"; Value = "Conn"; VariantName = "[No Variations]"
Add component (AddParameter): Name = "ComponentLink2Description"; Value = "Datasheet"; VariantName = "[No Variations]"
Add component (AddParameter): Name = "ComponentLink2URL"; Value = "https://www.neutrik.com/en/product/nmj4hfd2.pdf"; VariantName = "[No Variations]"
Add component (AddParameter): Name = "Conn Orientation"; Value = "Horizontal"; VariantName = "[No Variations]"
Add component (AddParameter): Name = "Contact Material"; Value = "Silver"; VariantName = "[No Variations]"
Add component (AddParameter): Name = "Current Rating"; Value = "0.5A"; VariantName = "[No Variations]"
Add component (AddParameter): Name = "Device Class L1"; Value = "Connectors"; VariantName = "[No Variations]"
Add component (AddParameter): Name = "Device Class L2"; Value = "Audio / Video Connectors"; VariantName = "[No Variations]"
Add component (AddParameter): Name = "Device Class L3"; Value = "unset"; VariantName = "[No Variations]"
Add component (AddParameter): Name = "Footprint Url"; Value = "https://www.neutrik.com/media/8576/download/st-nmj4hfd2.pdf?v=1"; VariantName = "[No Variations]"
Add component (AddParameter): Name = "Height"; Value = "15.89mm"; VariantName = "[No Variations]"
Add component (AddParameter): Name = "Is Female"; Value = "yes"; VariantName = "[No Variations]"
Add component (AddParameter): Name = "Lead Free"; Value = "Yes"; VariantName = "[No Variations]"
Add component (AddParameter): Name = "Manufacturer"; Value = "Neutrik"; VariantName = "[No Variations]"
Add component (AddParameter): Name = "Manufacturer Part Number"; Value = "NMJ4HFD2"; VariantName = "[No Variations]"
Add component (AddParameter): Name = "Mouser Description"; Value = "Phone Audio Connector, Socket, 2, PCB Mount, Metal Body, Silver Plated Contacts"; VariantName = "[No Variations]"
Add component (AddParameter): Name = "Number Of Contacts"; Value = "2"; VariantName = "[No Variations]"
Add component (AddParameter): Name = "Octopart"; Value = "https://octopart.com/nmj4hfd2-neutrik-758952"; VariantName = "[No Variations]"
Add component (AddParameter): Name = "Package"; Value = "0"; VariantName = "[No Variations]"
Add component (AddParameter): Name = "RoHS"; Value = "TRUE"; VariantName = "[No Variations]"
Add component (AddParameter): Name = "Temperature"; Value = "-25°C to +70°C"; VariantName = "[No Variations]"
Add component (AddParameter): Name = "Temperature Range High"; Value = "+70°C"; VariantName = "[No Variations]"
Add component (AddParameter): Name = "Temperature Range Low"; Value = "-25°C"; VariantName = "[No Variations]"
Add component (AddParameter): Name = "Voltage Rating"; Value = "50V"; VariantName = "[No Variations]"
Added Component: Designator=J(FP-NMJ4HFD2-MFG)
Add component (AddParameter): Name = "Automotive"; Value = "No"; VariantName = "[No Variations]"
Add component (AddParameter): Name = "Category"; Value = "Conn"; VariantName = "[No Variations]"
Add component (AddParameter): Name = "ComponentLink2Description"; Value = "Datasheet"; VariantName = "[No Variations]"
Add component (AddParameter): Name = "ComponentLink2URL"; Value = "https://www.neutrik.com/en/product/nmj4hfd2.pdf"; VariantName = "[No Variations]"
Add component (AddParameter): Name = "Conn Orientation"; Value = "Horizontal"; VariantName = "[No Variations]"
Add component (AddParameter): Name = "Contact Material"; Value = "Silver"; VariantName = "[No Variations]"
Add component (AddParameter): Name = "Current Rating"; Value = "0.5A"; VariantName = "[No Variations]"
Add component (AddParameter): Name = "Device Class L1"; Value = "Connectors"; VariantName = "[No Variations]"
Add component (AddParameter): Name = "Device Class L2"; Value = "Audio / Video Connectors"; VariantName = "[No Variations]"
Add component (AddParameter): Name = "Device Class L3"; Value = "unset"; VariantName = "[No Variations]"
Add component (AddParameter): Name = "Footprint Url"; Value = "https://www.neutrik.com/media/8576/download/st-nmj4hfd2.pdf?v=1"; VariantName = "[No Variations]"
Add component (AddParameter): Name = "Height"; Value = "15.89mm"; VariantName = "[No Variations]"
Add component (AddParameter): Name = "Is Female"; Value = "yes"; VariantName = "[No Variations]"
Add component (AddParameter): Name = "Lead Free"; Value = "Yes"; VariantName = "[No Variations]"
Add component (AddParameter): Name = "Manufacturer"; Value = "Neutrik"; VariantName = "[No Variations]"
Add component (AddParameter): Name = "Manufacturer Part Number"; Value = "NMJ4HFD2"; VariantName = "[No Variations]"
Add component (AddParameter): Name = "Mouser Description"; Value = "Phone Audio Connector, Socket, 2, PCB Mount, Metal Body, Silver Plated Contacts"; VariantName = "[No Variations]"
Add component (AddParameter): Name = "Number Of Contacts"; Value = "2"; VariantName = "[No Variations]"
Add component (AddParameter): Name = "Octopart"; Value = "https://octopart.com/nmj4hfd2-neutrik-758952"; VariantName = "[No Variations]"
Add component (AddParameter): Name = "Package"; Value = "0"; VariantName = "[No Variations]"
Add component (AddParameter): Name = "RoHS"; Value = "TRUE"; VariantName = "[No Variations]"
Add component (AddParameter): Name = "Temperature"; Value = "-25°C to +70°C"; VariantName = "[No Variations]"
Add component (AddParameter): Name = "Temperature Range High"; Value = "+70°C"; VariantName = "[No Variations]"
Add component (AddParameter): Name = "Temperature Range Low"; Value = "-25°C"; VariantName = "[No Variations]"
Add component (AddParameter): Name = "Voltage Rating"; Value = "50V"; VariantName = "[No Variations]"
Added Component: Designator=R1(AXIAL-0.4 PCBK)
Add component (AddParameter): Name = "LatestRevisionDate"; Value = "17-Jul-2002"; VariantName = "[No Variations]"
Add component (AddParameter): Name = "LatestRevisionNote"; Value = "Re-released for DXP Platform."; VariantName = "[No Variations]"
Add component (AddParameter): Name = "PackageReference"; Value = "AXIAL-0.4"; VariantName = "[No Variations]"
Add component (AddParameter): Name = "Published"; Value = "8-Jun-2000"; VariantName = "[No Variations]"
Add component (AddParameter): Name = "Publisher"; Value = "Altium Limited"; VariantName = "[No Variations]"
Add component (AddParameter): Name = "Value"; Value = "1.47k"; VariantName = "[No Variations]"
Added Component: Designator=R2(AXIAL-0.4 PCBK)
Add component (AddParameter): Name = "LatestRevisionDate"; Value = "17-Jul-2002"; VariantName = "[No Variations]"
Add component (AddParameter): Name = "LatestRevisionNote"; Value = "Re-released for DXP Platform."; VariantName = "[No Variations]"
Add component (AddParameter): Name = "PackageReference"; Value = "AXIAL-0.4"; VariantName = "[No Variations]"
Add component (AddParameter): Name = "Published"; Value = "8-Jun-2000"; VariantName = "[No Variations]"
Add component (AddParameter): Name = "Publisher"; Value = "Altium Limited"; VariantName = "[No Variations]"
Add component (AddParameter): Name = "Value"; Value = "1k"; VariantName = "[No Variations]"
Added Component: Designator=R3(AXIAL-0.4 PCBK)
Add component (AddParameter): Name = "LatestRevisionDate"; Value = "17-Jul-2002"; VariantName = "[No Variations]"
Add component (AddParameter): Name = "LatestRevisionNote"; Value = "Re-released for DXP Platform."; VariantName = "[No Variations]"
Add component (AddParameter): Name = "PackageReference"; Value = "AXIAL-0.4"; VariantName = "[No Variations]"
Add component (AddParameter): Name = "Published"; Value = "8-Jun-2000"; VariantName = "[No Variations]"
Add component (AddParameter): Name = "Publisher"; Value = "Altium Limited"; VariantName = "[No Variations]"
Add component (AddParameter): Name = "Value"; Value = "10k"; VariantName = "[No Variations]"
Added Component: Designator=R4(AXIAL-0.4 PCBK)
Add component (AddParameter): Name = "LatestRevisionDate"; Value = "17-Jul-2002"; VariantName = "[No Variations]"
Add component (AddParameter): Name = "LatestRevisionNote"; Value = "Re-released for DXP Platform."; VariantName = "[No Variations]"
Add component (AddParameter): Name = "PackageReference"; Value = "AXIAL-0.4"; VariantName = "[No Variations]"
Add component (AddParameter): Name = "Published"; Value = "8-Jun-2000"; VariantName = "[No Variations]"
Add component (AddParameter): Name = "Publisher"; Value = "Altium Limited"; VariantName = "[No Variations]"
Add component (AddParameter): Name = "Value"; Value = "14.7k"; VariantName = "[No Variations]"
Added Component: Designator=R5(AXIAL-0.4 PCBK)
Add component (AddParameter): Name = "LatestRevisionDate"; Value = "17-Jul-2002"; VariantName = "[No Variations]"
Add component (AddParameter): Name = "LatestRevisionNote"; Value = "Re-released for DXP Platform."; VariantName = "[No Variations]"
Add component (AddParameter): Name = "PackageReference"; Value = "AXIAL-0.4"; VariantName = "[No Variations]"
Add component (AddParameter): Name = "Published"; Value = "8-Jun-2000"; VariantName = "[No Variations]"
Add component (AddParameter): Name = "Publisher"; Value = "Altium Limited"; VariantName = "[No Variations]"
Add component (AddParameter): Name = "Value"; Value = "1.47k"; VariantName = "[No Variations]"
Added Component: Designator=U?(ADI-R-8_L)
Add component (AddParameter): Name = "Amplifiers Per Package"; Value = "2"; VariantName = "[No Variations]"
Add component (AddParameter): Name = "Code_JEDEC"; Value = "MS-012-AA"; VariantName = "[No Variations]"
Add component (AddParameter): Name = "ComponentLink1Description"; Value = "Manufacturer URL"; VariantName = "[No Variations]"
Add component (AddParameter): Name = "ComponentLink1URL"; Value = "http://www.analog.com/en/index.html"; VariantName = "[No Variations]"
Add component (AddParameter): Name = "ComponentLink2Description"; Value = "Datasheet"; VariantName = "[No Variations]"
Add component (AddParameter): Name = "ComponentLink2URL"; Value = "http://www.analog.com/static/imported-files/data_sheets/OP275.pdf"; VariantName = "[No Variations]"
Add component (AddParameter): Name = "ComponentLink3Description"; Value = "Package Specification"; VariantName = "[No Variations]"
Add component (AddParameter): Name = "ComponentLink3URL"; Value = "http://www.analog.com/static/imported-files/packages/PKG_PDF/SOIC_Narrow%20(R)/R_8.pdf"; VariantName = "[No Variations]"
Add component (AddParameter): Name = "DatasheetVersion"; Value = "Rev. C"; VariantName = "[No Variations]"
Add component (AddParameter): Name = "Generic Part Number"; Value = "OP275"; VariantName = "[No Variations]"
Add component (AddParameter): Name = "Input Bias Current"; Value = "100nA"; VariantName = "[No Variations]"
Add component (AddParameter): Name = "Input Offset Voltage"; Value = "1mV"; VariantName = "[No Variations]"
Add component (AddParameter): Name = "Iq/Amp"; Value = "2.5mA"; VariantName = "[No Variations]"
Add component (AddParameter): Name = "Manufacturer"; Value = "Analog Devices"; VariantName = "[No Variations]"
Add component (AddParameter): Name = "Mounting Technology"; Value = "Surface Mount"; VariantName = "[No Variations]"
Add component (AddParameter): Name = "PackageDescription"; Value = "8-Pin Standard Small Outline Package, Body 3.9 x 4.9 mm, Pitch 1.27 mm"; VariantName = "[No Variations]"
Add component (AddParameter): Name = "PackageReference"; Value = "R-8"; VariantName = "[No Variations]"
Add component (AddParameter): Name = "PackageVersion"; Value = "060506-A"; VariantName = "[No Variations]"
Add component (AddParameter): Name = "PartNumber"; Value = "OP275GSZ"; VariantName = "[No Variations]"
Add component (AddParameter): Name = "Slew Rate"; Value = "22V/us"; VariantName = "[No Variations]"
Add component (AddParameter): Name = "Small Signal Bandwidth"; Value = "9MHz"; VariantName = "[No Variations]"
Add component (AddParameter): Name = "V Span Max"; Value = "44V"; VariantName = "[No Variations]"
Add component (AddParameter): Name = "V Span Min"; Value = "9V"; VariantName = "[No Variations]"
Added Component: Designator=U?(ADI-R-8_L)
Add component (AddParameter): Name = "Amplifiers Per Package"; Value = "2"; VariantName = "[No Variations]"
Add component (AddParameter): Name = "Code_JEDEC"; Value = "MS-012-AA"; VariantName = "[No Variations]"
Add component (AddParameter): Name = "ComponentLink1Description"; Value = "Manufacturer URL"; VariantName = "[No Variations]"
Add component (AddParameter): Name = "ComponentLink1URL"; Value = "http://www.analog.com/en/index.html"; VariantName = "[No Variations]"
Add component (AddParameter): Name = "ComponentLink2Description"; Value = "Datasheet"; VariantName = "[No Variations]"
Add component (AddParameter): Name = "ComponentLink2URL"; Value = "http://www.analog.com/static/imported-files/data_sheets/OP275.pdf"; VariantName = "[No Variations]"
Add component (AddParameter): Name = "ComponentLink3Description"; Value = "Package Specification"; VariantName = "[No Variations]"
Add component (AddParameter): Name = "ComponentLink3URL"; Value = "http://www.analog.com/static/imported-files/packages/PKG_PDF/SOIC_Narrow%20(R)/R_8.pdf"; VariantName = "[No Variations]"
Add component (AddParameter): Name = "DatasheetVersion"; Value = "Rev. C"; VariantName = "[No Variations]"
Add component (AddParameter): Name = "Generic Part Number"; Value = "OP275"; VariantName = "[No Variations]"
Add component (AddParameter): Name = "Input Bias Current"; Value = "100nA"; VariantName = "[No Variations]"
Add component (AddParameter): Name = "Input Offset Voltage"; Value = "1mV"; VariantName = "[No Variations]"
Add component (AddParameter): Name = "Iq/Amp"; Value = "2.5mA"; VariantName = "[No Variations]"
Add component (AddParameter): Name = "Manufacturer"; Value = "Analog Devices"; VariantName = "[No Variations]"
Add component (AddParameter): Name = "Mounting Technology"; Value = "Surface Mount"; VariantName = "[No Variations]"
Add component (AddParameter): Name = "PackageDescription"; Value = "8-Pin Standard Small Outline Package, Body 3.9 x 4.9 mm, Pitch 1.27 mm"; VariantName = "[No Variations]"
Add component (AddParameter): Name = "PackageReference"; Value = "R-8"; VariantName = "[No Variations]"
Add component (AddParameter): Name = "PackageVersion"; Value = "060506-A"; VariantName = "[No Variations]"
Add component (AddParameter): Name = "PartNumber"; Value = "OP275GSZ"; VariantName = "[No Variations]"
Add component (AddParameter): Name = "Slew Rate"; Value = "22V/us"; VariantName = "[No Variations]"
Add component (AddParameter): Name = "Small Signal Bandwidth"; Value = "9MHz"; VariantName = "[No Variations]"
Add component (AddParameter): Name = "V Span Max"; Value = "44V"; VariantName = "[No Variations]"
Add component (AddParameter): Name = "V Span Min"; Value = "9V"; VariantName = "[No Variations]"
Added Pin To Net: NetName=+5 Pin=U?-8
Added Net: Name=+5
Added Pin To Net: NetName=+5V Pin=U?-8
Added Net: Name=+5V
Added Pin To Net: NetName=-5V Pin=U?-4
Added Net: Name=-5V
Added Pin To Net: NetName=GND Pin=C1-1
Added Pin To Net: NetName=GND Pin=C2-1
Added Pin To Net: NetName=GND Pin=J-S
Added Pin To Net: NetName=GND Pin=J-SN
Added Pin To Net: NetName=GND Pin=J1-1
Added Pin To Net: NetName=GND Pin=J1-6
Added Pin To Net: NetName=GND Pin=J1-7
Added Pin To Net: NetName=GND Pin=J1-8
Added Pin To Net: NetName=GND Pin=J1-16
Added Pin To Net: NetName=GND Pin=J3-1
Added Pin To Net: NetName=GND Pin=J3-6
Added Pin To Net: NetName=GND Pin=J3-7
Added Pin To Net: NetName=GND Pin=J3-8
Added Pin To Net: NetName=GND Pin=J3-16
Added Pin To Net: NetName=GND Pin=R2-1
Added Pin To Net: NetName=GND Pin=R3-1
Added Net: Name=GND
Added Pin To Net: NetName=GPAIN0 Pin=J4-12
Added Net: Name=GPAIN0
Added Pin To Net: NetName=GPAIN1 Pin=J4-11
Added Net: Name=GPAIN1
Added Pin To Net: NetName=GPAIN2 Pin=J4-10
Added Net: Name=GPAIN2
Added Pin To Net: NetName=GPAIN3 Pin=J4-9
Added Net: Name=GPAIN3
Added Pin To Net: NetName=GPIO4 Pin=J3-15
Added Net: Name=GPIO4
Added Pin To Net: NetName=GPIO5 Pin=J3-14
Added Net: Name=GPIO5
Added Pin To Net: NetName=GPIO10 Pin=J3-13
Added Net: Name=GPIO10
Added Pin To Net: NetName=GPIO11 Pin=J3-12
Added Net: Name=GPIO11
Added Pin To Net: NetName=GPIO12 Pin=J3-3
Added Net: Name=GPIO12
Added Pin To Net: NetName=GPIO13 Pin=J3-2
Added Net: Name=GPIO13
Added Pin To Net: NetName=GPIO14 Pin=J3-4
Added Net: Name=GPIO14
Added Pin To Net: NetName=GPIO15 Pin=J3-5
Added Net: Name=GPIO15
Added Pin To Net: NetName=GPIO16 Pin=J3-9
Added Net: Name=GPIO16
Added Pin To Net: NetName=GPIO17 Pin=J3-10
Added Net: Name=GPIO17
Added Pin To Net: NetName=I2C_SCL Pin=J1-10
Added Net: Name=I2C_SCL
Added Pin To Net: NetName=I2C_SDA Pin=J1-9
Added Net: Name=I2C_SDA
Added Pin To Net: NetName=I2S0_CLK Pin=J2-7
Added Net: Name=I2S0_CLK
Added Pin To Net: NetName=I2S0_DX Pin=J2-9
Added Net: Name=I2S0_DX
Added Pin To Net: NetName=I2S0_FS Pin=J2-10
Added Net: Name=I2S0_FS
Added Pin To Net: NetName=I2S0_RX Pin=J2-8
Added Net: Name=I2S0_RX
Added Pin To Net: NetName=I2S1_CLK Pin=J2-1
Added Net: Name=I2S1_CLK
Added Pin To Net: NetName=I2S1_DX Pin=J2-3
Added Net: Name=I2S1_DX
Added Pin To Net: NetName=I2S1_FS Pin=J2-4
Added Net: Name=I2S1_FS
Added Pin To Net: NetName=I2S1_RX Pin=J2-2
Added Net: Name=I2S1_RX
Added Pin To Net: NetName=I2S2_CLK Pin=J1-12
Added Net: Name=I2S2_CLK
Added Pin To Net: NetName=I2S2_DX Pin=J1-14
Added Net: Name=I2S2_DX
Added Pin To Net: NetName=I2S2_FS Pin=J1-15
Added Net: Name=I2S2_FS
Added Pin To Net: NetName=I2S2_RX Pin=J1-13
Added Net: Name=I2S2_RX
Added Pin To Net: NetName=KEY Pin=J1-11
Added Pin To Net: NetName=KEY Pin=J3-11
Added Net: Name=KEY
Added Pin To Net: NetName=NC Pin=J2-15
Added Pin To Net: NetName=NC Pin=J2-16
Added Pin To Net: NetName=NC Pin=J4-15
Added Pin To Net: NetName=NC Pin=J4-16
Added Net: Name=NC
Added Pin To Net: NetName=NetC1_2 Pin=C1-2
Added Pin To Net: NetName=NetC1_2 Pin=R1-2
Added Pin To Net: NetName=NetC1_2 Pin=R2-2
Added Net: Name=NetC1_2
Added Pin To Net: NetName=NetC2_2 Pin=C2-2
Added Pin To Net: NetName=NetC2_2 Pin=R5-2
Added Net: Name=NetC2_2
Added Pin To Net: NetName=NetJ_T Pin=J-T
Added Pin To Net: NetName=NetJ_T Pin=J-TN
Added Pin To Net: NetName=NetJ_T Pin=U?-3
Added Net: Name=NetJ_T
Added Pin To Net: NetName=NetR1_1 Pin=R1-1
Added Pin To Net: NetName=NetR1_1 Pin=U?-1
Added Pin To Net: NetName=NetR1_1 Pin=U?-2
Added Net: Name=NetR1_1
Added Pin To Net: NetName=NetR3_2 Pin=R3-2
Added Pin To Net: NetName=NetR3_2 Pin=R4-1
Added Pin To Net: NetName=NetR3_2 Pin=U?-2
Added Net: Name=NetR3_2
Added Pin To Net: NetName=NetR4_2 Pin=R4-2
Added Pin To Net: NetName=NetR4_2 Pin=R5-1
Added Pin To Net: NetName=NetR4_2 Pin=U?-1
Added Net: Name=NetR4_2
Added Pin To Net: NetName=SPI_CLK Pin=J1-3
Added Net: Name=SPI_CLK
Added Pin To Net: NetName=SPI_CS0 Pin=J2-12
Added Net: Name=SPI_CS0
Added Pin To Net: NetName=SPI_CS1 Pin=J1-2
Added Net: Name=SPI_CS1
Added Pin To Net: NetName=SPI_CS2 Pin=J2-11
Added Net: Name=SPI_CS2
Added Pin To Net: NetName=SPI_CS3 Pin=J4-7
Added Net: Name=SPI_CS3
Added Pin To Net: NetName=SPI_RX Pin=J1-5
Added Net: Name=SPI_RX
Added Pin To Net: NetName=SPI_TX Pin=J1-4
Added Net: Name=SPI_TX
Added Pin To Net: NetName=UART_CTS Pin=J4-2
Added Net: Name=UART_CTS
Added Pin To Net: NetName=UART_RTS Pin=J4-1
Added Net: Name=UART_RTS
Added Pin To Net: NetName=UART_RX Pin=J4-3
Added Net: Name=UART_RX
Added Pin To Net: NetName=UART_TX Pin=J4-4
Added Net: Name=UART_TX
Added Pin To Net: NetName=VCC_3V3 Pin=J2-5
Added Pin To Net: NetName=VCC_3V3 Pin=J2-6
Added Pin To Net: NetName=VCC_3V3 Pin=J2-13
Added Pin To Net: NetName=VCC_3V3 Pin=J2-14
Added Net: Name=VCC_3V3
Added Pin To Net: NetName=VCC_USB_DUAL Pin=J4-5
Added Pin To Net: NetName=VCC_USB_DUAL Pin=J4-6
Added Pin To Net: NetName=VCC_USB_DUAL Pin=J4-8
Added Pin To Net: NetName=VCC_USB_DUAL Pin=J4-13
Added Pin To Net: NetName=VCC_USB_DUAL Pin=J4-14
Added Net: Name=VCC_USB_DUAL
Added Class: Name=amplifier_stage
Added Class: Name=main
Added Rule: Name=Schematic Supply Nets
Added Rule: Name=Schematic Supply Nets_1
Added Rule: Name=Schematic Supply Nets_2
Added Rule: Name=Schematic Supply Nets_3
