Removed Pin From Net: NetName=GPIO16 Pin=Rs200-2
Removed Member From Class: ClassName=shift_registers Member=R500
Removed Member From Class: ClassName=switches_connectors Member=Rs200
Added Component: Designator=Rs?(AXIAL-0.4 PCBK)
Add component (AddParameter): Name = "LatestRevisionDate"; Value = "17-Jul-2002"; VariantName = "[No Variations]"
Add component (AddParameter): Name = "LatestRevisionNote"; Value = "Re-released for DXP Platform."; VariantName = "[No Variations]"
Add component (AddParameter): Name = "PackageReference"; Value = "AXIAL-0.4"; VariantName = "[No Variations]"
Add component (AddParameter): Name = "Published"; Value = "8-Jun-2000"; VariantName = "[No Variations]"
Add component (AddParameter): Name = "Publisher"; Value = "Altium Limited"; VariantName = "[No Variations]"
Add component (AddParameter): Name = "Value"; Value = "100"; VariantName = "[No Variations]"
Add Component: Footprint Not Found JUMPER PCBK
Added Pin To Net: NetName=GND Pin=C200-1
Added Pin To Net: NetName=GND Pin=C201-1
Added Pin To Net: NetName=GND Pin=C202-1
Added Pin To Net: NetName=GND Pin=C300-1
Added Pin To Net: NetName=GND Pin=C301-1
Added Pin To Net: NetName=GND Pin=C500-1
Added Pin To Net: NetName=GND Pin=C501-1
Added Pin To Net: NetName=GND Pin=C502-2
Added Pin To Net: NetName=GND Pin=C503-2
Added Pin To Net: NetName=GND Pin=C504-2
Added Pin To Net: NetName=GND Pin=C505-2
Added Pin To Net: NetName=GND Pin=C506-1
Added Pin To Net: NetName=GND Pin=C507-1
Added Pin To Net: NetName=GND Pin=J200-1
Added Pin To Net: NetName=GND Pin=J201-1
Added Pin To Net: NetName=GND Pin=J202-1
Added Pin To Net: NetName=GND Pin=J300-1
Added Pin To Net: NetName=GND Pin=J300-2
Added Pin To Net: NetName=GND Pin=J301-SN
Added Pin To Net: NetName=GND Pin=J301-S
Added Pin To Net: NetName=GND Pin=J302-SN
Added Pin To Net: NetName=GND Pin=J302-S
Added Pin To Net: NetName=GND Pin=J303-1
Added Pin To Net: NetName=GND Pin=J303-2
Added Pin To Net: NetName=GND Pin=Pot500-2
Added Pin To Net: NetName=GND Pin=R302-1
Added Pin To Net: NetName=GND Pin=R304-1
Added Pin To Net: NetName=GND Pin=R400-1
Added Pin To Net: NetName=GND Pin=R401-1
Added Pin To Net: NetName=GND Pin=R402-1
Added Pin To Net: NetName=GND Pin=R403-1
Added Pin To Net: NetName=GND Pin=R404-1
Added Pin To Net: NetName=GND Pin=R405-1
Added Pin To Net: NetName=GND Pin=R406-1
Added Pin To Net: NetName=GND Pin=R407-1
Added Pin To Net: NetName=GND Pin=R408-1
Added Pin To Net: NetName=GND Pin=R409-1
Added Pin To Net: NetName=GND Pin=R410-1
Added Pin To Net: NetName=GND Pin=R411-1
Added Pin To Net: NetName=GND Pin=R412-1
Added Pin To Net: NetName=GND Pin=R501-2
Added Pin To Net: NetName=GND Pin=Rs?-1
Added Pin To Net: NetName=GPIO16 Pin=Rs?-2
Add Pin To Net: Unknown Pin: Pin S?-1
Added Pin To Net: NetName=GND Pin=U400-8
Added Pin To Net: NetName=GND Pin=U401-8
Added Pin To Net: NetName=GND Pin=U500-2
Added Pin To Net: NetName=GND Pin=U502-1
Added Member To Class: ClassName=shift_registers Member=Component R411
Added Member To Class: ClassName=switches_connectors Member=Component Rs? Res2
Add Class Member: Failed to add class member : Component S? SW
Added Rule: Name=Schematic Supply Nets_2
