Added Component: Designator=C200(Cap-1)
Add component (AddParameter): Name = "Capacity"; Value = "2,2nF"; VariantName = "[No Variations]"
Added Component: Designator=C201(Cap-1)
Add component (AddParameter): Name = "Capacity"; Value = "2,2nF"; VariantName = "[No Variations]"
Added Component: Designator=C202(Cap-1)
Add component (AddParameter): Name = "Capacity"; Value = "2,2nF"; VariantName = "[No Variations]"
Added Component: Designator=C203(Cap-1)
Add component (AddParameter): Name = "Capacity"; Value = "2,2nF"; VariantName = "[No Variations]"
Added Component: Designator=C300(Cap-1)
Add component (AddParameter): Name = "Capacity"; Value = "5n5F"; VariantName = "[No Variations]"
Added Component: Designator=C301(Cap-1)
Add component (AddParameter): Name = "Capacity"; Value = "12nF"; VariantName = "[No Variations]"
Added Component: Designator=C500(Cap-1)
Add component (AddParameter): Name = "Capacity"; Value = "100nF"; VariantName = "[No Variations]"
Added Component: Designator=C501(Cap 20mm)
Add component (AddParameter): Name = "Capacity"; Value = "1uF"; VariantName = "[No Variations]"
Added Component: Designator=C502(Cap-1)
Add component (AddParameter): Name = "Capacity"; Value = "2,2nF"; VariantName = "[No Variations]"
Added Component: Designator=C503(Cap-1)
Add component (AddParameter): Name = "Capacity"; Value = "2,2nF"; VariantName = "[No Variations]"
Added Component: Designator=C504(Cap-1)
Add component (AddParameter): Name = "Capacity"; Value = "100nF"; VariantName = "[No Variations]"
Added Component: Designator=C505(Cap 20mm)
Add component (AddParameter): Name = "Capacity"; Value = "1uF"; VariantName = "[No Variations]"
Added Component: Designator=C506(Cap-1)
Add component (AddParameter): Name = "Capacity"; Value = "2,2nF"; VariantName = "[No Variations]"
Added Component: Designator=C507(Cap-1)
Add component (AddParameter): Name = "Capacity"; Value = "2,2nF"; VariantName = "[No Variations]"
Added Component: Designator=C508(Cap Lyt Ø18)
Add component (AddParameter): Name = "Capacity"; Value = "1000uF"; VariantName = "[No Variations]"
Added Component: Designator=C509(Cap Lyt Ø18)
Add component (AddParameter): Name = "Capacity"; Value = "1000F"; VariantName = "[No Variations]"
Added Component: Designator=C510(Cap Lyt Ø8)
Add component (AddParameter): Name = "Capacity"; Value = "220uF"; VariantName = "[No Variations]"
Added Component: Designator=C511(Cap Lyt Ø18)
Add component (AddParameter): Name = "Capacity"; Value = "1000uF"; VariantName = "[No Variations]"
Added Component: Designator=C512(Cap Lyt Ø18)
Add component (AddParameter): Name = "Capacity"; Value = "1000uF"; VariantName = "[No Variations]"
Added Component: Designator=C513(Cap Lyt Ø8)
Add component (AddParameter): Name = "Capacity"; Value = "220uF"; VariantName = "[No Variations]"
Added Component: Designator=C514(Cap-1)
Add component (AddParameter): Name = "Value"; Value = "1uF"; VariantName = "[No Variations]"
Added Component: Designator=C515(Cap-1)
Add component (AddParameter): Name = "Value"; Value = "1uF"; VariantName = "[No Variations]"
Added Component: Designator=D300(Diode 2 space)
Add component (AddParameter): Name = "Model"; Value = "Model"; VariantName = "[No Variations]"
Added Component: Designator=D301(Diode 2 space)
Add component (AddParameter): Name = "Model"; Value = "Model"; VariantName = "[No Variations]"
Added Component: Designator=D500(Diode 2 space)
Add component (AddParameter): Name = "Model"; Value = "Model"; VariantName = "[No Variations]"
Added Component: Designator=D501(Diode 2 space)
Add component (AddParameter): Name = "Model"; Value = "Model"; VariantName = "[No Variations]"
Added Component: Designator=D502(Diode 2 space)
Add component (AddParameter): Name = "Model"; Value = "Model"; VariantName = "[No Variations]"
Added Component: Designator=D503(Diode 2 space)
Add component (AddParameter): Name = "Model"; Value = "Model"; VariantName = "[No Variations]"
Added Component: Designator=D504(Diode 2 space)
Add component (AddParameter): Name = "Model"; Value = "Model"; VariantName = "[No Variations]"
Added Component: Designator=D505(Diode 2 space)
Add component (AddParameter): Name = "Model"; Value = "Model"; VariantName = "[No Variations]"
Added Component: Designator=FX Switches 5V(Header 1x7)
Added Component: Designator=FX Switches(Header 1x7)
Added Component: Designator=J100(Header 1x16)
Added Component: Designator=J101(Header 1x16)
Added Component: Designator=J102(Header 1x16)
Added Component: Designator=J103(Header 1x16)
Added Component: Designator=J300(3.5MMJACK)
Added Component: Designator=J301(FP-NMJ4HFD2-MFG)
Add component (AddParameter): Name = "Automotive"; Value = "No"; VariantName = "[No Variations]"
Add component (AddParameter): Name = "Category"; Value = "Conn"; VariantName = "[No Variations]"
Add component (AddParameter): Name = "ComponentLink2Description"; Value = "Datasheet"; VariantName = "[No Variations]"
Add component (AddParameter): Name = "ComponentLink2URL"; Value = "https://www.neutrik.com/en/product/nmj4hfd2.pdf"; VariantName = "[No Variations]"
Add component (AddParameter): Name = "Conn Orientation"; Value = "Horizontal"; VariantName = "[No Variations]"
Add component (AddParameter): Name = "Contact Material"; Value = "Silver"; VariantName = "[No Variations]"
Add component (AddParameter): Name = "Current Rating"; Value = "0.5A"; VariantName = "[No Variations]"
Add component (AddParameter): Name = "Device Class L1"; Value = "Connectors"; VariantName = "[No Variations]"
Add component (AddParameter): Name = "Device Class L2"; Value = "Audio / Video Connectors"; VariantName = "[No Variations]"
Add component (AddParameter): Name = "Device Class L3"; Value = "unset"; VariantName = "[No Variations]"
Add component (AddParameter): Name = "Footprint Url"; Value = "https://www.neutrik.com/media/8576/download/st-nmj4hfd2.pdf?v=1"; VariantName = "[No Variations]"
Add component (AddParameter): Name = "Height"; Value = "15.89mm"; VariantName = "[No Variations]"
Add component (AddParameter): Name = "Is Female"; Value = "yes"; VariantName = "[No Variations]"
Add component (AddParameter): Name = "Lead Free"; Value = "Yes"; VariantName = "[No Variations]"
Add component (AddParameter): Name = "Manufacturer"; Value = "Neutrik"; VariantName = "[No Variations]"
Add component (AddParameter): Name = "Manufacturer Part Number"; Value = "NMJ4HFD2"; VariantName = "[No Variations]"
Add component (AddParameter): Name = "Mouser Description"; Value = "Phone Audio Connector, Socket, 2, PCB Mount, Metal Body, Silver Plated Contacts"; VariantName = "[No Variations]"
Add component (AddParameter): Name = "Number Of Contacts"; Value = "2"; VariantName = "[No Variations]"
Add component (AddParameter): Name = "Octopart"; Value = "https://octopart.com/nmj4hfd2-neutrik-758952"; VariantName = "[No Variations]"
Add component (AddParameter): Name = "Package"; Value = "0"; VariantName = "[No Variations]"
Add component (AddParameter): Name = "RoHS"; Value = "TRUE"; VariantName = "[No Variations]"
Add component (AddParameter): Name = "Temperature"; Value = "-25°C to +70°C"; VariantName = "[No Variations]"
Add component (AddParameter): Name = "Temperature Range High"; Value = "+70°C"; VariantName = "[No Variations]"
Add component (AddParameter): Name = "Temperature Range Low"; Value = "-25°C"; VariantName = "[No Variations]"
Add component (AddParameter): Name = "Voltage Rating"; Value = "50V"; VariantName = "[No Variations]"
Added Component: Designator=J302(FP-NMJ4HFD2-MFG)
Add component (AddParameter): Name = "Automotive"; Value = "No"; VariantName = "[No Variations]"
Add component (AddParameter): Name = "Category"; Value = "Conn"; VariantName = "[No Variations]"
Add component (AddParameter): Name = "ComponentLink2Description"; Value = "Datasheet"; VariantName = "[No Variations]"
Add component (AddParameter): Name = "ComponentLink2URL"; Value = "https://www.neutrik.com/en/product/nmj4hfd2.pdf"; VariantName = "[No Variations]"
Add component (AddParameter): Name = "Conn Orientation"; Value = "Horizontal"; VariantName = "[No Variations]"
Add component (AddParameter): Name = "Contact Material"; Value = "Silver"; VariantName = "[No Variations]"
Add component (AddParameter): Name = "Current Rating"; Value = "0.5A"; VariantName = "[No Variations]"
Add component (AddParameter): Name = "Device Class L1"; Value = "Connectors"; VariantName = "[No Variations]"
Add component (AddParameter): Name = "Device Class L2"; Value = "Audio / Video Connectors"; VariantName = "[No Variations]"
Add component (AddParameter): Name = "Device Class L3"; Value = "unset"; VariantName = "[No Variations]"
Add component (AddParameter): Name = "Footprint Url"; Value = "https://www.neutrik.com/media/8576/download/st-nmj4hfd2.pdf?v=1"; VariantName = "[No Variations]"
Add component (AddParameter): Name = "Height"; Value = "15.89mm"; VariantName = "[No Variations]"
Add component (AddParameter): Name = "Is Female"; Value = "yes"; VariantName = "[No Variations]"
Add component (AddParameter): Name = "Lead Free"; Value = "Yes"; VariantName = "[No Variations]"
Add component (AddParameter): Name = "Manufacturer"; Value = "Neutrik"; VariantName = "[No Variations]"
Add component (AddParameter): Name = "Manufacturer Part Number"; Value = "NMJ4HFD2"; VariantName = "[No Variations]"
Add component (AddParameter): Name = "Mouser Description"; Value = "Phone Audio Connector, Socket, 2, PCB Mount, Metal Body, Silver Plated Contacts"; VariantName = "[No Variations]"
Add component (AddParameter): Name = "Number Of Contacts"; Value = "2"; VariantName = "[No Variations]"
Add component (AddParameter): Name = "Octopart"; Value = "https://octopart.com/nmj4hfd2-neutrik-758952"; VariantName = "[No Variations]"
Add component (AddParameter): Name = "Package"; Value = "0"; VariantName = "[No Variations]"
Add component (AddParameter): Name = "RoHS"; Value = "TRUE"; VariantName = "[No Variations]"
Add component (AddParameter): Name = "Temperature"; Value = "-25°C to +70°C"; VariantName = "[No Variations]"
Add component (AddParameter): Name = "Temperature Range High"; Value = "+70°C"; VariantName = "[No Variations]"
Add component (AddParameter): Name = "Temperature Range Low"; Value = "-25°C"; VariantName = "[No Variations]"
Add component (AddParameter): Name = "Voltage Rating"; Value = "50V"; VariantName = "[No Variations]"
Added Component: Designator=J303(3.5MMJACK)
Added Component: Designator=J400(Header 1x3)
Added Component: Designator=J401(Header 1x3)
Added Component: Designator=J402(Header 1x3)
Added Component: Designator=J403(Header 1x3)
Added Component: Designator=J404(Header 1x3)
Added Component: Designator=J405(Header 1x3)
Added Component: Designator=J406(Header 1x3)
Added Component: Designator=LCD(Header 1x4)
Added Component: Designator=M200(M3 Hole)
Added Component: Designator=M201(M3 Hole)
Added Component: Designator=M202(M3 Hole)
Added Component: Designator=M203(M3 Hole)
Added Component: Designator=M204(M3 Hole)
Added Component: Designator=M205(M3 Hole)
Added Component: Designator=M206(M3 Hole)
Added Component: Designator=MENU_CTRL200(Header 1x3)
Added Component: Designator=POT200(Header 1x3)
Added Component: Designator=POT201(Header 1x3)
Added Component: Designator=POT202(Header 1x3)
Added Component: Designator=Pot500(Pot trim slim high)
Add component (AddParameter): Name = "Resistance"; Value = "2k"; VariantName = "[No Variations]"
Added Component: Designator=Pot501(Pot trim slim high)
Add component (AddParameter): Name = "Resistance"; Value = "2k"; VariantName = "[No Variations]"
Added Component: Designator=POT_WAH200(Header 1x3)
Added Component: Designator=Q500(TO-220)
Add component (AddParameter): Name = "Model"; Value = "ModelNumber"; VariantName = "[No Variations]"
Added Component: Designator=Q501(TO-220)
Add component (AddParameter): Name = "Model"; Value = "ModelNumber"; VariantName = "[No Variations]"
Added Component: Designator=R200(AXIAL-0.4 PCBK)
Add component (AddParameter): Name = "LatestRevisionDate"; Value = "17-Jul-2002"; VariantName = "[No Variations]"
Add component (AddParameter): Name = "LatestRevisionNote"; Value = "Re-released for DXP Platform."; VariantName = "[No Variations]"
Add component (AddParameter): Name = "PackageReference"; Value = "AXIAL-0.4"; VariantName = "[No Variations]"
Add component (AddParameter): Name = "Published"; Value = "8-Jun-2000"; VariantName = "[No Variations]"
Add component (AddParameter): Name = "Publisher"; Value = "Altium Limited"; VariantName = "[No Variations]"
Add component (AddParameter): Name = "Value"; Value = "100"; VariantName = "[No Variations]"
Added Component: Designator=R201(AXIAL-0.4 PCBK)
Add component (AddParameter): Name = "LatestRevisionDate"; Value = "17-Jul-2002"; VariantName = "[No Variations]"
Add component (AddParameter): Name = "LatestRevisionNote"; Value = "Re-released for DXP Platform."; VariantName = "[No Variations]"
Add component (AddParameter): Name = "PackageReference"; Value = "AXIAL-0.4"; VariantName = "[No Variations]"
Add component (AddParameter): Name = "Published"; Value = "8-Jun-2000"; VariantName = "[No Variations]"
Add component (AddParameter): Name = "Publisher"; Value = "Altium Limited"; VariantName = "[No Variations]"
Add component (AddParameter): Name = "Value"; Value = "1k"; VariantName = "[No Variations]"
Added Component: Designator=R202(AXIAL-0.4 PCBK)
Add component (AddParameter): Name = "LatestRevisionDate"; Value = "17-Jul-2002"; VariantName = "[No Variations]"
Add component (AddParameter): Name = "LatestRevisionNote"; Value = "Re-released for DXP Platform."; VariantName = "[No Variations]"
Add component (AddParameter): Name = "PackageReference"; Value = "AXIAL-0.4"; VariantName = "[No Variations]"
Add component (AddParameter): Name = "Published"; Value = "8-Jun-2000"; VariantName = "[No Variations]"
Add component (AddParameter): Name = "Publisher"; Value = "Altium Limited"; VariantName = "[No Variations]"
Add component (AddParameter): Name = "Value"; Value = "1k"; VariantName = "[No Variations]"
Added Component: Designator=R300(AXIAL-0.4 PCBK)
Add component (AddParameter): Name = "LatestRevisionDate"; Value = "17-Jul-2002"; VariantName = "[No Variations]"
Add component (AddParameter): Name = "LatestRevisionNote"; Value = "Re-released for DXP Platform."; VariantName = "[No Variations]"
Add component (AddParameter): Name = "PackageReference"; Value = "AXIAL-0.4"; VariantName = "[No Variations]"
Add component (AddParameter): Name = "Published"; Value = "8-Jun-2000"; VariantName = "[No Variations]"
Add component (AddParameter): Name = "Publisher"; Value = "Altium Limited"; VariantName = "[No Variations]"
Add component (AddParameter): Name = "Value"; Value = "1k47"; VariantName = "[No Variations]"
Added Component: Designator=R301(AXIAL-0.4 PCBK)
Add component (AddParameter): Name = "LatestRevisionDate"; Value = "17-Jul-2002"; VariantName = "[No Variations]"
Add component (AddParameter): Name = "LatestRevisionNote"; Value = "Re-released for DXP Platform."; VariantName = "[No Variations]"
Add component (AddParameter): Name = "PackageReference"; Value = "AXIAL-0.4"; VariantName = "[No Variations]"
Add component (AddParameter): Name = "Published"; Value = "8-Jun-2000"; VariantName = "[No Variations]"
Add component (AddParameter): Name = "Publisher"; Value = "Altium Limited"; VariantName = "[No Variations]"
Add component (AddParameter): Name = "Value"; Value = "14k7"; VariantName = "[No Variations]"
Added Component: Designator=R302(AXIAL-0.4 PCBK)
Add component (AddParameter): Name = "LatestRevisionDate"; Value = "17-Jul-2002"; VariantName = "[No Variations]"
Add component (AddParameter): Name = "LatestRevisionNote"; Value = "Re-released for DXP Platform."; VariantName = "[No Variations]"
Add component (AddParameter): Name = "PackageReference"; Value = "AXIAL-0.4"; VariantName = "[No Variations]"
Add component (AddParameter): Name = "Published"; Value = "8-Jun-2000"; VariantName = "[No Variations]"
Add component (AddParameter): Name = "Publisher"; Value = "Altium Limited"; VariantName = "[No Variations]"
Add component (AddParameter): Name = "Value"; Value = "10k"; VariantName = "[No Variations]"
Added Component: Designator=R303(AXIAL-0.4 PCBK)
Add component (AddParameter): Name = "LatestRevisionDate"; Value = "17-Jul-2002"; VariantName = "[No Variations]"
Add component (AddParameter): Name = "LatestRevisionNote"; Value = "Re-released for DXP Platform."; VariantName = "[No Variations]"
Add component (AddParameter): Name = "PackageReference"; Value = "AXIAL-0.4"; VariantName = "[No Variations]"
Add component (AddParameter): Name = "Published"; Value = "8-Jun-2000"; VariantName = "[No Variations]"
Add component (AddParameter): Name = "Publisher"; Value = "Altium Limited"; VariantName = "[No Variations]"
Add component (AddParameter): Name = "Value"; Value = "1k47"; VariantName = "[No Variations]"
Added Component: Designator=R304(AXIAL-0.4 PCBK)
Add component (AddParameter): Name = "LatestRevisionDate"; Value = "17-Jul-2002"; VariantName = "[No Variations]"
Add component (AddParameter): Name = "LatestRevisionNote"; Value = "Re-released for DXP Platform."; VariantName = "[No Variations]"
Add component (AddParameter): Name = "PackageReference"; Value = "AXIAL-0.4"; VariantName = "[No Variations]"
Add component (AddParameter): Name = "Published"; Value = "8-Jun-2000"; VariantName = "[No Variations]"
Add component (AddParameter): Name = "Publisher"; Value = "Altium Limited"; VariantName = "[No Variations]"
Add component (AddParameter): Name = "Value"; Value = "1k"; VariantName = "[No Variations]"
Added Component: Designator=R400(AXIAL-0.4 PCBK)
Add component (AddParameter): Name = "LatestRevisionDate"; Value = "17-Jul-2002"; VariantName = "[No Variations]"
Add component (AddParameter): Name = "LatestRevisionNote"; Value = "Re-released for DXP Platform."; VariantName = "[No Variations]"
Add component (AddParameter): Name = "PackageReference"; Value = "AXIAL-0.4"; VariantName = "[No Variations]"
Add component (AddParameter): Name = "Published"; Value = "8-Jun-2000"; VariantName = "[No Variations]"
Add component (AddParameter): Name = "Publisher"; Value = "Altium Limited"; VariantName = "[No Variations]"
Add component (AddParameter): Name = "Value"; Value = "4k"; VariantName = "[No Variations]"
Added Component: Designator=R401(AXIAL-0.4 PCBK)
Add component (AddParameter): Name = "LatestRevisionDate"; Value = "17-Jul-2002"; VariantName = "[No Variations]"
Add component (AddParameter): Name = "LatestRevisionNote"; Value = "Re-released for DXP Platform."; VariantName = "[No Variations]"
Add component (AddParameter): Name = "PackageReference"; Value = "AXIAL-0.4"; VariantName = "[No Variations]"
Add component (AddParameter): Name = "Published"; Value = "8-Jun-2000"; VariantName = "[No Variations]"
Add component (AddParameter): Name = "Publisher"; Value = "Altium Limited"; VariantName = "[No Variations]"
Add component (AddParameter): Name = "Value"; Value = "400"; VariantName = "[No Variations]"
Added Component: Designator=R402(AXIAL-0.4 PCBK)
Add component (AddParameter): Name = "LatestRevisionDate"; Value = "17-Jul-2002"; VariantName = "[No Variations]"
Add component (AddParameter): Name = "LatestRevisionNote"; Value = "Re-released for DXP Platform."; VariantName = "[No Variations]"
Add component (AddParameter): Name = "PackageReference"; Value = "AXIAL-0.4"; VariantName = "[No Variations]"
Add component (AddParameter): Name = "Published"; Value = "8-Jun-2000"; VariantName = "[No Variations]"
Add component (AddParameter): Name = "Publisher"; Value = "Altium Limited"; VariantName = "[No Variations]"
Add component (AddParameter): Name = "Value"; Value = "4k"; VariantName = "[No Variations]"
Added Component: Designator=R403(AXIAL-0.4 PCBK)
Add component (AddParameter): Name = "LatestRevisionDate"; Value = "17-Jul-2002"; VariantName = "[No Variations]"
Add component (AddParameter): Name = "LatestRevisionNote"; Value = "Re-released for DXP Platform."; VariantName = "[No Variations]"
Add component (AddParameter): Name = "PackageReference"; Value = "AXIAL-0.4"; VariantName = "[No Variations]"
Add component (AddParameter): Name = "Published"; Value = "8-Jun-2000"; VariantName = "[No Variations]"
Add component (AddParameter): Name = "Publisher"; Value = "Altium Limited"; VariantName = "[No Variations]"
Add component (AddParameter): Name = "Value"; Value = "400"; VariantName = "[No Variations]"
Added Component: Designator=R404(AXIAL-0.4 PCBK)
Add component (AddParameter): Name = "LatestRevisionDate"; Value = "17-Jul-2002"; VariantName = "[No Variations]"
Add component (AddParameter): Name = "LatestRevisionNote"; Value = "Re-released for DXP Platform."; VariantName = "[No Variations]"
Add component (AddParameter): Name = "PackageReference"; Value = "AXIAL-0.4"; VariantName = "[No Variations]"
Add component (AddParameter): Name = "Published"; Value = "8-Jun-2000"; VariantName = "[No Variations]"
Add component (AddParameter): Name = "Publisher"; Value = "Altium Limited"; VariantName = "[No Variations]"
Add component (AddParameter): Name = "Value"; Value = "4k"; VariantName = "[No Variations]"
Added Component: Designator=R405(AXIAL-0.4 PCBK)
Add component (AddParameter): Name = "LatestRevisionDate"; Value = "17-Jul-2002"; VariantName = "[No Variations]"
Add component (AddParameter): Name = "LatestRevisionNote"; Value = "Re-released for DXP Platform."; VariantName = "[No Variations]"
Add component (AddParameter): Name = "PackageReference"; Value = "AXIAL-0.4"; VariantName = "[No Variations]"
Add component (AddParameter): Name = "Published"; Value = "8-Jun-2000"; VariantName = "[No Variations]"
Add component (AddParameter): Name = "Publisher"; Value = "Altium Limited"; VariantName = "[No Variations]"
Add component (AddParameter): Name = "Value"; Value = "400"; VariantName = "[No Variations]"
Added Component: Designator=R406(AXIAL-0.4 PCBK)
Add component (AddParameter): Name = "LatestRevisionDate"; Value = "17-Jul-2002"; VariantName = "[No Variations]"
Add component (AddParameter): Name = "LatestRevisionNote"; Value = "Re-released for DXP Platform."; VariantName = "[No Variations]"
Add component (AddParameter): Name = "PackageReference"; Value = "AXIAL-0.4"; VariantName = "[No Variations]"
Add component (AddParameter): Name = "Published"; Value = "8-Jun-2000"; VariantName = "[No Variations]"
Add component (AddParameter): Name = "Publisher"; Value = "Altium Limited"; VariantName = "[No Variations]"
Add component (AddParameter): Name = "Value"; Value = "4k"; VariantName = "[No Variations]"
Added Component: Designator=R407(AXIAL-0.4 PCBK)
Add component (AddParameter): Name = "LatestRevisionDate"; Value = "17-Jul-2002"; VariantName = "[No Variations]"
Add component (AddParameter): Name = "LatestRevisionNote"; Value = "Re-released for DXP Platform."; VariantName = "[No Variations]"
Add component (AddParameter): Name = "PackageReference"; Value = "AXIAL-0.4"; VariantName = "[No Variations]"
Add component (AddParameter): Name = "Published"; Value = "8-Jun-2000"; VariantName = "[No Variations]"
Add component (AddParameter): Name = "Publisher"; Value = "Altium Limited"; VariantName = "[No Variations]"
Add component (AddParameter): Name = "Value"; Value = "400"; VariantName = "[No Variations]"
Added Component: Designator=R408(AXIAL-0.4 PCBK)
Add component (AddParameter): Name = "LatestRevisionDate"; Value = "17-Jul-2002"; VariantName = "[No Variations]"
Add component (AddParameter): Name = "LatestRevisionNote"; Value = "Re-released for DXP Platform."; VariantName = "[No Variations]"
Add component (AddParameter): Name = "PackageReference"; Value = "AXIAL-0.4"; VariantName = "[No Variations]"
Add component (AddParameter): Name = "Published"; Value = "8-Jun-2000"; VariantName = "[No Variations]"
Add component (AddParameter): Name = "Publisher"; Value = "Altium Limited"; VariantName = "[No Variations]"
Add component (AddParameter): Name = "Value"; Value = "4k"; VariantName = "[No Variations]"
Added Component: Designator=R409(AXIAL-0.4 PCBK)
Add component (AddParameter): Name = "LatestRevisionDate"; Value = "17-Jul-2002"; VariantName = "[No Variations]"
Add component (AddParameter): Name = "LatestRevisionNote"; Value = "Re-released for DXP Platform."; VariantName = "[No Variations]"
Add component (AddParameter): Name = "PackageReference"; Value = "AXIAL-0.4"; VariantName = "[No Variations]"
Add component (AddParameter): Name = "Published"; Value = "8-Jun-2000"; VariantName = "[No Variations]"
Add component (AddParameter): Name = "Publisher"; Value = "Altium Limited"; VariantName = "[No Variations]"
Add component (AddParameter): Name = "Value"; Value = "400"; VariantName = "[No Variations]"
Added Component: Designator=R410(AXIAL-0.4 PCBK)
Add component (AddParameter): Name = "LatestRevisionDate"; Value = "17-Jul-2002"; VariantName = "[No Variations]"
Add component (AddParameter): Name = "LatestRevisionNote"; Value = "Re-released for DXP Platform."; VariantName = "[No Variations]"
Add component (AddParameter): Name = "PackageReference"; Value = "AXIAL-0.4"; VariantName = "[No Variations]"
Add component (AddParameter): Name = "Published"; Value = "8-Jun-2000"; VariantName = "[No Variations]"
Add component (AddParameter): Name = "Publisher"; Value = "Altium Limited"; VariantName = "[No Variations]"
Add component (AddParameter): Name = "Value"; Value = "4k"; VariantName = "[No Variations]"
Added Component: Designator=R411(AXIAL-0.4 PCBK)
Add component (AddParameter): Name = "LatestRevisionDate"; Value = "17-Jul-2002"; VariantName = "[No Variations]"
Add component (AddParameter): Name = "LatestRevisionNote"; Value = "Re-released for DXP Platform."; VariantName = "[No Variations]"
Add component (AddParameter): Name = "PackageReference"; Value = "AXIAL-0.4"; VariantName = "[No Variations]"
Add component (AddParameter): Name = "Published"; Value = "8-Jun-2000"; VariantName = "[No Variations]"
Add component (AddParameter): Name = "Publisher"; Value = "Altium Limited"; VariantName = "[No Variations]"
Add component (AddParameter): Name = "Value"; Value = "400"; VariantName = "[No Variations]"
Added Component: Designator=R412(AXIAL-0.4 PCBK)
Add component (AddParameter): Name = "LatestRevisionDate"; Value = "17-Jul-2002"; VariantName = "[No Variations]"
Add component (AddParameter): Name = "LatestRevisionNote"; Value = "Re-released for DXP Platform."; VariantName = "[No Variations]"
Add component (AddParameter): Name = "PackageReference"; Value = "AXIAL-0.4"; VariantName = "[No Variations]"
Add component (AddParameter): Name = "Published"; Value = "8-Jun-2000"; VariantName = "[No Variations]"
Add component (AddParameter): Name = "Publisher"; Value = "Altium Limited"; VariantName = "[No Variations]"
Add component (AddParameter): Name = "Value"; Value = "4k"; VariantName = "[No Variations]"
Added Component: Designator=R413(AXIAL-0.4 PCBK)
Add component (AddParameter): Name = "LatestRevisionDate"; Value = "17-Jul-2002"; VariantName = "[No Variations]"
Add component (AddParameter): Name = "LatestRevisionNote"; Value = "Re-released for DXP Platform."; VariantName = "[No Variations]"
Add component (AddParameter): Name = "PackageReference"; Value = "AXIAL-0.4"; VariantName = "[No Variations]"
Add component (AddParameter): Name = "Published"; Value = "8-Jun-2000"; VariantName = "[No Variations]"
Add component (AddParameter): Name = "Publisher"; Value = "Altium Limited"; VariantName = "[No Variations]"
Add component (AddParameter): Name = "Value"; Value = "400"; VariantName = "[No Variations]"
Added Component: Designator=R500(AXIAL-0.4 PCBK)
Add component (AddParameter): Name = "LatestRevisionDate"; Value = "17-Jul-2002"; VariantName = "[No Variations]"
Add component (AddParameter): Name = "LatestRevisionNote"; Value = "Re-released for DXP Platform."; VariantName = "[No Variations]"
Add component (AddParameter): Name = "PackageReference"; Value = "AXIAL-0.4"; VariantName = "[No Variations]"
Add component (AddParameter): Name = "Published"; Value = "8-Jun-2000"; VariantName = "[No Variations]"
Add component (AddParameter): Name = "Publisher"; Value = "Altium Limited"; VariantName = "[No Variations]"
Add component (AddParameter): Name = "Value"; Value = "240"; VariantName = "[No Variations]"
Added Component: Designator=R501(AXIAL-0.4 PCBK)
Add component (AddParameter): Name = "LatestRevisionDate"; Value = "17-Jul-2002"; VariantName = "[No Variations]"
Add component (AddParameter): Name = "LatestRevisionNote"; Value = "Re-released for DXP Platform."; VariantName = "[No Variations]"
Add component (AddParameter): Name = "PackageReference"; Value = "AXIAL-0.4"; VariantName = "[No Variations]"
Add component (AddParameter): Name = "Published"; Value = "8-Jun-2000"; VariantName = "[No Variations]"
Add component (AddParameter): Name = "Publisher"; Value = "Altium Limited"; VariantName = "[No Variations]"
Add component (AddParameter): Name = "Value"; Value = "120"; VariantName = "[No Variations]"
Added Component: Designator=R502(AXIAL-0.4 PCBK)
Add component (AddParameter): Name = "LatestRevisionDate"; Value = "17-Jul-2002"; VariantName = "[No Variations]"
Add component (AddParameter): Name = "LatestRevisionNote"; Value = "Re-released for DXP Platform."; VariantName = "[No Variations]"
Add component (AddParameter): Name = "PackageReference"; Value = "AXIAL-0.4"; VariantName = "[No Variations]"
Add component (AddParameter): Name = "Published"; Value = "8-Jun-2000"; VariantName = "[No Variations]"
Add component (AddParameter): Name = "Publisher"; Value = "Altium Limited"; VariantName = "[No Variations]"
Add component (AddParameter): Name = "Value"; Value = "10"; VariantName = "[No Variations]"
Added Component: Designator=R503(AXIAL-0.4 PCBK)
Add component (AddParameter): Name = "LatestRevisionDate"; Value = "17-Jul-2002"; VariantName = "[No Variations]"
Add component (AddParameter): Name = "LatestRevisionNote"; Value = "Re-released for DXP Platform."; VariantName = "[No Variations]"
Add component (AddParameter): Name = "PackageReference"; Value = "AXIAL-0.4"; VariantName = "[No Variations]"
Add component (AddParameter): Name = "Published"; Value = "8-Jun-2000"; VariantName = "[No Variations]"
Add component (AddParameter): Name = "Publisher"; Value = "Altium Limited"; VariantName = "[No Variations]"
Add component (AddParameter): Name = "Value"; Value = "200k"; VariantName = "[No Variations]"
Added Component: Designator=R504(AXIAL-0.4 PCBK)
Add component (AddParameter): Name = "LatestRevisionDate"; Value = "17-Jul-2002"; VariantName = "[No Variations]"
Add component (AddParameter): Name = "LatestRevisionNote"; Value = "Re-released for DXP Platform."; VariantName = "[No Variations]"
Add component (AddParameter): Name = "PackageReference"; Value = "AXIAL-0.4"; VariantName = "[No Variations]"
Add component (AddParameter): Name = "Published"; Value = "8-Jun-2000"; VariantName = "[No Variations]"
Add component (AddParameter): Name = "Publisher"; Value = "Altium Limited"; VariantName = "[No Variations]"
Add component (AddParameter): Name = "Value"; Value = "10k"; VariantName = "[No Variations]"
Added Component: Designator=R505(AXIAL-0.4 PCBK)
Add component (AddParameter): Name = "LatestRevisionDate"; Value = "17-Jul-2002"; VariantName = "[No Variations]"
Add component (AddParameter): Name = "LatestRevisionNote"; Value = "Re-released for DXP Platform."; VariantName = "[No Variations]"
Add component (AddParameter): Name = "PackageReference"; Value = "AXIAL-0.4"; VariantName = "[No Variations]"
Add component (AddParameter): Name = "Published"; Value = "8-Jun-2000"; VariantName = "[No Variations]"
Add component (AddParameter): Name = "Publisher"; Value = "Altium Limited"; VariantName = "[No Variations]"
Add component (AddParameter): Name = "Value"; Value = "10k"; VariantName = "[No Variations]"
Added Component: Designator=R506(AXIAL-0.4 PCBK)
Add component (AddParameter): Name = "LatestRevisionDate"; Value = "17-Jul-2002"; VariantName = "[No Variations]"
Add component (AddParameter): Name = "LatestRevisionNote"; Value = "Re-released for DXP Platform."; VariantName = "[No Variations]"
Add component (AddParameter): Name = "PackageReference"; Value = "AXIAL-0.4"; VariantName = "[No Variations]"
Add component (AddParameter): Name = "Published"; Value = "8-Jun-2000"; VariantName = "[No Variations]"
Add component (AddParameter): Name = "Publisher"; Value = "Altium Limited"; VariantName = "[No Variations]"
Add component (AddParameter): Name = "Value"; Value = "200k"; VariantName = "[No Variations]"
Added Component: Designator=R507(AXIAL-0.4 PCBK)
Add component (AddParameter): Name = "LatestRevisionDate"; Value = "17-Jul-2002"; VariantName = "[No Variations]"
Add component (AddParameter): Name = "LatestRevisionNote"; Value = "Re-released for DXP Platform."; VariantName = "[No Variations]"
Add component (AddParameter): Name = "PackageReference"; Value = "AXIAL-0.4"; VariantName = "[No Variations]"
Add component (AddParameter): Name = "Published"; Value = "8-Jun-2000"; VariantName = "[No Variations]"
Add component (AddParameter): Name = "Publisher"; Value = "Altium Limited"; VariantName = "[No Variations]"
Add component (AddParameter): Name = "Value"; Value = "10"; VariantName = "[No Variations]"
Added Component: Designator=S500(Screw-3)
Added Component: Designator=U300(ADI-N-8)
Add component (AddParameter): Name = "Amplifiers Per Package"; Value = "2"; VariantName = "[No Variations]"
Add component (AddParameter): Name = "Code_JEDEC"; Value = "MS-001"; VariantName = "[No Variations]"
Add component (AddParameter): Name = "ComponentLink1Description"; Value = "Manufacturer URL"; VariantName = "[No Variations]"
Add component (AddParameter): Name = "ComponentLink1URL"; Value = "http://www.analog.com/en/index.html"; VariantName = "[No Variations]"
Add component (AddParameter): Name = "ComponentLink2Description"; Value = "Datasheet"; VariantName = "[No Variations]"
Add component (AddParameter): Name = "ComponentLink2URL"; Value = "http://www.analog.com/static/imported-files/data_sheets/OP275.pdf"; VariantName = "[No Variations]"
Add component (AddParameter): Name = "ComponentLink3Description"; Value = "Package Specification"; VariantName = "[No Variations]"
Add component (AddParameter): Name = "ComponentLink3URL"; Value = "http:/www.analog.com/static/imported-files/packages/PKG_PDF/PDIP(N)/N_8.pdf"; VariantName = "[No Variations]"
Add component (AddParameter): Name = "DatasheetVersion"; Value = "Rev. C"; VariantName = "[No Variations]"
Add component (AddParameter): Name = "Generic Part Number"; Value = "OP275"; VariantName = "[No Variations]"
Add component (AddParameter): Name = "Input Bias Current"; Value = "100nA"; VariantName = "[No Variations]"
Add component (AddParameter): Name = "Input Offset Voltage"; Value = "1mV"; VariantName = "[No Variations]"
Add component (AddParameter): Name = "Iq/Amp"; Value = "2.5mA"; VariantName = "[No Variations]"
Add component (AddParameter): Name = "Manufacturer"; Value = "Analog Devices"; VariantName = "[No Variations]"
Add component (AddParameter): Name = "Mounting Technology"; Value = "Through Hole"; VariantName = "[No Variations]"
Add component (AddParameter): Name = "PackageDescription"; Value = "8-Pin Plastic Dual In-Line Package, Row spacing 7.62 mm, Pitch 2.54 mm"; VariantName = "[No Variations]"
Add component (AddParameter): Name = "PackageReference"; Value = "N-8"; VariantName = "[No Variations]"
Add component (AddParameter): Name = "PackageVersion"; Value = "070606-A"; VariantName = "[No Variations]"
Add component (AddParameter): Name = "PartNumber"; Value = "OP275GPZ"; VariantName = "[No Variations]"
Add component (AddParameter): Name = "Slew Rate"; Value = "22V/us"; VariantName = "[No Variations]"
Add component (AddParameter): Name = "Small Signal Bandwidth"; Value = "9MHz"; VariantName = "[No Variations]"
Add component (AddParameter): Name = "V Span Max"; Value = "44V"; VariantName = "[No Variations]"
Add component (AddParameter): Name = "V Span Min"; Value = "9V"; VariantName = "[No Variations]"
Added Component: Designator=U500(TO-220)
Added Component: Designator=U501(TO-92_straight)
Added Component: Designator=U502(TO220)
Add component (AddParameter): Name = "ComponentLink1Description"; Value = "Manufacturer URL"; VariantName = "[No Variations]"
Add component (AddParameter): Name = "ComponentLink1URL"; Value = "http://www.st.com"; VariantName = "[No Variations]"
Add component (AddParameter): Name = "ComponentLink2Description"; Value = "Datasheet"; VariantName = "[No Variations]"
Add component (AddParameter): Name = "ComponentLink2URL"; Value = "http://www.st.com/internet/com/TECHNICAL_RESOURCES/TECHNICAL_LITERATURE/DATASHEET/CD00000468.pdf"; VariantName = "[No Variations]"
Add component (AddParameter): Name = "ComponentLink3Description"; Value = "Package Specification"; VariantName = "[No Variations]"
Add component (AddParameter): Name = "ComponentLink3URL"; Value = "http://www.st.com/internet/com/TECHNICAL_RESOURCES/TECHNICAL_LITERATURE/PACKAGE_INFORMATION/CD00004649.pdf"; VariantName = "[No Variations]"
Add component (AddParameter): Name = "DatasheetVersion"; Value = "1/10/2011"; VariantName = "[No Variations]"
Add component (AddParameter): Name = "PackageDescription"; Value = "TO, Thru-Hole, Vertical, Heatsink Mounted; 3 In-Line Leads; Pitch 2.54 mm"; VariantName = "[No Variations]"
Add component (AddParameter): Name = "PackageReference"; Value = "TO220"; VariantName = "[No Variations]"
Add component (AddParameter): Name = "PackageVersion"; Value = "ver3.0"; VariantName = "[No Variations]"
Added Component: Designator=U503(NDE0003A)
Add component (AddParameter): Name = "Code_IPC"; Value = ""; VariantName = "[No Variations]"
Add component (AddParameter): Name = "Code_JEDEC"; Value = ""; VariantName = "[No Variations]"
Add component (AddParameter): Name = "Code_JEITA"; Value = ""; VariantName = "[No Variations]"
Add component (AddParameter): Name = "ComponentLink1Description"; Value = "Datasheet URL"; VariantName = "[No Variations]"
Add component (AddParameter): Name = "ComponentLink1URL"; Value = "http://www.ti.com/general/docs/lit/getliterature.tsp?genericPartNumber=LM7905&fileType=pdf"; VariantName = "[No Variations]"
Add component (AddParameter): Name = "CompType"; Value = "LDO IC"; VariantName = "[No Variations]"
Add component (AddParameter): Name = "High-Reliability"; Value = ""; VariantName = "[No Variations]"
Add component (AddParameter): Name = "Manufacturer"; Value = "Texas Instruments"; VariantName = "[No Variations]"
Add component (AddParameter): Name = "PackageDescription"; Value = "TO-220, Molded, 3 Lead, Straight"; VariantName = "[No Variations]"
Add component (AddParameter): Name = "PackageReference"; Value = "NDE0003A"; VariantName = "[No Variations]"
Add component (AddParameter): Name = "PackageTopMarking"; Value = "NSUZXYTTE#*LM7905CT"; VariantName = "[No Variations]"
Add component (AddParameter): Name = "PartNumber"; Value = ""; VariantName = "[No Variations]"
Add component (AddParameter): Name = "PinCount"; Value = "3"; VariantName = "[No Variations]"
Add component (AddParameter): Name = "PowerWise"; Value = "N"; VariantName = "[No Variations]"
Add component (AddParameter): Name = "RoHS"; Value = "Y"; VariantName = "[No Variations]"
Added Pin To Net: NetName=+1V75 Pin=C505-2
Added Pin To Net: NetName=+1V75 Pin=D300-2
Added Pin To Net: NetName=+1V75 Pin=D500-1
Added Pin To Net: NetName=+1V75 Pin=R500-2
Added Pin To Net: NetName=+1V75 Pin=U501-2
Added Net: Name=+1V75
Added Pin To Net: NetName=+6V Pin=C502-2
Added Pin To Net: NetName=+6V Pin=C504-2
Added Pin To Net: NetName=+6V Pin=C508-1
Added Pin To Net: NetName=+6V Pin=C509-1
Added Pin To Net: NetName=+6V Pin=C510-1
Added Pin To Net: NetName=+6V Pin=D500-2
Added Pin To Net: NetName=+6V Pin=Q500-3
Added Pin To Net: NetName=+6V Pin=R502-1
Added Pin To Net: NetName=+6V Pin=U500-1
Added Pin To Net: NetName=+6V Pin=U501-3
Added Net: Name=+6V
Added Pin To Net: NetName=-1V75 Pin=C501-1
Added Pin To Net: NetName=-1V75 Pin=D301-1
Added Pin To Net: NetName=-1V75 Pin=D501-2
Added Pin To Net: NetName=-1V75 Pin=R501-1
Added Pin To Net: NetName=-1V75 Pin=U502-3
Added Net: Name=-1V75
Added Pin To Net: NetName=-5V Pin=C507-1
Added Pin To Net: NetName=-5V Pin=U300-4
Added Pin To Net: NetName=-5V Pin=U503-3
Added Net: Name=-5V
Added Pin To Net: NetName=-6V Pin=C506-1
Added Pin To Net: NetName=-6V Pin=C511-2
Added Pin To Net: NetName=-6V Pin=C512-2
Added Pin To Net: NetName=-6V Pin=C513-2
Added Pin To Net: NetName=-6V Pin=D501-1
Added Pin To Net: NetName=-6V Pin=Q501-2
Added Pin To Net: NetName=-6V Pin=R507-1
Added Pin To Net: NetName=-6V Pin=U502-2
Added Pin To Net: NetName=-6V Pin=U503-2
Added Net: Name=-6V
Added Pin To Net: NetName=GND Pin=C200-1
Added Pin To Net: NetName=GND Pin=C201-1
Added Pin To Net: NetName=GND Pin=C202-1
Added Pin To Net: NetName=GND Pin=C203-1
Added Pin To Net: NetName=GND Pin=C300-1
Added Pin To Net: NetName=GND Pin=C301-1
Added Pin To Net: NetName=GND Pin=C500-2
Added Pin To Net: NetName=GND Pin=C501-2
Added Pin To Net: NetName=GND Pin=C502-1
Added Pin To Net: NetName=GND Pin=C503-1
Added Pin To Net: NetName=GND Pin=C504-1
Added Pin To Net: NetName=GND Pin=C505-1
Added Pin To Net: NetName=GND Pin=C506-2
Added Pin To Net: NetName=GND Pin=C507-2
Added Pin To Net: NetName=GND Pin=C508-2
Added Pin To Net: NetName=GND Pin=C509-2
Added Pin To Net: NetName=GND Pin=C510-2
Added Pin To Net: NetName=GND Pin=C511-1
Added Pin To Net: NetName=GND Pin=C512-1
Added Pin To Net: NetName=GND Pin=C513-1
Added Pin To Net: NetName=GND Pin=J102-1
Added Pin To Net: NetName=GND Pin=J102-6
Added Pin To Net: NetName=GND Pin=J102-7
Added Pin To Net: NetName=GND Pin=J102-8
Added Pin To Net: NetName=GND Pin=J102-16
Added Pin To Net: NetName=GND Pin=J103-1
Added Pin To Net: NetName=GND Pin=J103-6
Added Pin To Net: NetName=GND Pin=J103-7
Added Pin To Net: NetName=GND Pin=J103-8
Added Pin To Net: NetName=GND Pin=J103-16
Added Pin To Net: NetName=GND Pin=J300-1
Added Pin To Net: NetName=GND Pin=J300-2
Added Pin To Net: NetName=GND Pin=J300-4
Added Pin To Net: NetName=GND Pin=J301-S
Added Pin To Net: NetName=GND Pin=J301-SN
Added Pin To Net: NetName=GND Pin=J301-TN
Added Pin To Net: NetName=GND Pin=J302-S
Added Pin To Net: NetName=GND Pin=J302-SN
Added Pin To Net: NetName=GND Pin=J302-TN
Added Pin To Net: NetName=GND Pin=J303-1
Added Pin To Net: NetName=GND Pin=J303-2
Added Pin To Net: NetName=GND Pin=J303-4
Added Pin To Net: NetName=GND Pin=J400-1
Added Pin To Net: NetName=GND Pin=J401-1
Added Pin To Net: NetName=GND Pin=J402-1
Added Pin To Net: NetName=GND Pin=J403-1
Added Pin To Net: NetName=GND Pin=J404-1
Added Pin To Net: NetName=GND Pin=J405-1
Added Pin To Net: NetName=GND Pin=J406-1
Added Pin To Net: NetName=GND Pin=LCD-1
Added Pin To Net: NetName=GND Pin=M200-1
Added Pin To Net: NetName=GND Pin=M201-1
Added Pin To Net: NetName=GND Pin=M202-1
Added Pin To Net: NetName=GND Pin=M203-1
Added Pin To Net: NetName=GND Pin=M204-1
Added Pin To Net: NetName=GND Pin=M205-1
Added Pin To Net: NetName=GND Pin=M206-1
Added Pin To Net: NetName=GND Pin=POT200-1
Added Pin To Net: NetName=GND Pin=POT201-1
Added Pin To Net: NetName=GND Pin=POT202-1
Added Pin To Net: NetName=GND Pin=Pot500-1
Added Pin To Net: NetName=GND Pin=Pot501-2
Added Pin To Net: NetName=GND Pin=POT_WAH200-1
Added Pin To Net: NetName=GND Pin=R200-1
Added Pin To Net: NetName=GND Pin=R302-1
Added Pin To Net: NetName=GND Pin=R304-1
Added Pin To Net: NetName=GND Pin=R400-1
Added Pin To Net: NetName=GND Pin=R402-1
Added Pin To Net: NetName=GND Pin=R404-1
Added Pin To Net: NetName=GND Pin=R406-1
Added Pin To Net: NetName=GND Pin=R408-1
Added Pin To Net: NetName=GND Pin=R410-1
Added Pin To Net: NetName=GND Pin=R412-1
Added Pin To Net: NetName=GND Pin=R504-1
Added Pin To Net: NetName=GND Pin=R505-2
Added Pin To Net: NetName=GND Pin=S500-2
Added Pin To Net: NetName=GND Pin=U500-2
Added Pin To Net: NetName=GND Pin=U503-1
Added Net: Name=GND
Added Pin To Net: NetName=GPAIN0 Pin=C200-2
Added Pin To Net: NetName=GPAIN0 Pin=J100-12
Added Pin To Net: NetName=GPAIN0 Pin=POT200-2
Added Net: Name=GPAIN0
Added Pin To Net: NetName=GPAIN1 Pin=C201-2
Added Pin To Net: NetName=GPAIN1 Pin=J100-11
Added Pin To Net: NetName=GPAIN1 Pin=POT201-2
Added Net: Name=GPAIN1
Added Pin To Net: NetName=GPAIN2 Pin=C202-2
Added Pin To Net: NetName=GPAIN2 Pin=J100-10
Added Pin To Net: NetName=GPAIN2 Pin=POT202-2
Added Net: Name=GPAIN2
Added Pin To Net: NetName=GPAIN3 Pin=C203-2
Added Pin To Net: NetName=GPAIN3 Pin=J100-9
Added Pin To Net: NetName=GPAIN3 Pin=POT_WAH200-2
Added Net: Name=GPAIN3
Added Pin To Net: NetName=GPIO4 Pin=J102-15
Added Pin To Net: NetName=GPIO4 Pin=MENU_CTRL200-2
Added Pin To Net: NetName=GPIO4 Pin=R200-2
Added Net: Name=GPIO4
Added Pin To Net: NetName=GPIO5 Pin=FX Switches-1
Added Pin To Net: NetName=GPIO5 Pin=J102-14
Added Pin To Net: NetName=GPIO5 Pin=R412-2
Added Pin To Net: NetName=GPIO5 Pin=R413-2
Added Net: Name=GPIO5
Added Pin To Net: NetName=GPIO10 Pin=FX Switches-2
Added Pin To Net: NetName=GPIO10 Pin=J102-13
Added Pin To Net: NetName=GPIO10 Pin=R410-2
Added Pin To Net: NetName=GPIO10 Pin=R411-2
Added Net: Name=GPIO10
Added Pin To Net: NetName=GPIO11 Pin=FX Switches-3
Added Pin To Net: NetName=GPIO11 Pin=J102-12
Added Pin To Net: NetName=GPIO11 Pin=R408-2
Added Pin To Net: NetName=GPIO11 Pin=R409-2
Added Net: Name=GPIO11
Added Pin To Net: NetName=GPIO12 Pin=J102-3
Added Net: Name=GPIO12
Added Pin To Net: NetName=GPIO13 Pin=J102-2
Added Net: Name=GPIO13
Added Pin To Net: NetName=GPIO14 Pin=FX Switches-7
Added Pin To Net: NetName=GPIO14 Pin=J102-4
Added Pin To Net: NetName=GPIO14 Pin=R400-2
Added Pin To Net: NetName=GPIO14 Pin=R401-2
Added Net: Name=GPIO14
Added Pin To Net: NetName=GPIO15 Pin=FX Switches-6
Added Pin To Net: NetName=GPIO15 Pin=J102-5
Added Pin To Net: NetName=GPIO15 Pin=R402-2
Added Pin To Net: NetName=GPIO15 Pin=R403-2
Added Net: Name=GPIO15
Added Pin To Net: NetName=GPIO16 Pin=FX Switches-5
Added Pin To Net: NetName=GPIO16 Pin=J102-9
Added Pin To Net: NetName=GPIO16 Pin=R404-2
Added Pin To Net: NetName=GPIO16 Pin=R405-2
Added Net: Name=GPIO16
Added Pin To Net: NetName=GPIO17 Pin=FX Switches-4
Added Pin To Net: NetName=GPIO17 Pin=J102-10
Added Pin To Net: NetName=GPIO17 Pin=R406-2
Added Pin To Net: NetName=GPIO17 Pin=R407-2
Added Net: Name=GPIO17
Added Pin To Net: NetName=I2C_SCL Pin=J103-10
Added Pin To Net: NetName=I2C_SCL Pin=LCD-3
Added Pin To Net: NetName=I2C_SCL Pin=R201-1
Added Net: Name=I2C_SCL
Added Pin To Net: NetName=I2C_SDA Pin=J103-9
Added Pin To Net: NetName=I2C_SDA Pin=LCD-2
Added Pin To Net: NetName=I2C_SDA Pin=R202-1
Added Net: Name=I2C_SDA
Added Pin To Net: NetName=I2S0_CLK Pin=J101-7
Added Net: Name=I2S0_CLK
Added Pin To Net: NetName=I2S0_DX Pin=J101-9
Added Net: Name=I2S0_DX
Added Pin To Net: NetName=I2S0_FS Pin=J101-10
Added Net: Name=I2S0_FS
Added Pin To Net: NetName=I2S0_RX Pin=J101-8
Added Net: Name=I2S0_RX
Added Pin To Net: NetName=I2S1_CLK Pin=J101-1
Added Net: Name=I2S1_CLK
Added Pin To Net: NetName=I2S1_DX Pin=J101-3
Added Net: Name=I2S1_DX
Added Pin To Net: NetName=I2S1_FS Pin=J101-4
Added Net: Name=I2S1_FS
Added Pin To Net: NetName=I2S1_RX Pin=J101-2
Added Net: Name=I2S1_RX
Added Pin To Net: NetName=I2S2_CLK Pin=J103-12
Added Net: Name=I2S2_CLK
Added Pin To Net: NetName=I2S2_DX Pin=J103-14
Added Net: Name=I2S2_DX
Added Pin To Net: NetName=I2S2_FS Pin=J103-15
Added Net: Name=I2S2_FS
Added Pin To Net: NetName=I2S2_RX Pin=J103-13
Added Net: Name=I2S2_RX
Added Pin To Net: NetName=KEY Pin=J102-11
Added Pin To Net: NetName=KEY Pin=J103-11
Added Net: Name=KEY
Added Pin To Net: NetName=NC Pin=J100-15
Added Pin To Net: NetName=NC Pin=J100-16
Added Pin To Net: NetName=NC Pin=J101-15
Added Pin To Net: NetName=NC Pin=J101-16
Added Net: Name=NC
Added Pin To Net: NetName=NetC300_2 Pin=C300-2
Added Pin To Net: NetName=NetC300_2 Pin=J301-T
Added Pin To Net: NetName=NetC300_2 Pin=R300-2
Added Net: Name=NetC300_2
Added Pin To Net: NetName=NetC301_2 Pin=C301-2
Added Pin To Net: NetName=NetC301_2 Pin=J303-3
Added Pin To Net: NetName=NetC301_2 Pin=R303-2
Added Pin To Net: NetName=NetC301_2 Pin=R304-2
Added Net: Name=NetC301_2
Added Pin To Net: NetName=NetC500_1 Pin=C500-1
Added Pin To Net: NetName=NetC500_1 Pin=Pot500-2
Added Pin To Net: NetName=NetC500_1 Pin=Pot500-3
Added Pin To Net: NetName=NetC500_1 Pin=R501-2
Added Pin To Net: NetName=NetC500_1 Pin=U502-1
Added Net: Name=NetC500_1
Added Pin To Net: NetName=NetC514_1 Pin=C514-1
Added Pin To Net: NetName=NetC514_1 Pin=Q500-2
Added Pin To Net: NetName=NetC514_1 Pin=R503-1
Added Pin To Net: NetName=NetC514_1 Pin=R504-2
Added Net: Name=NetC514_1
Added Pin To Net: NetName=NetC514_2 Pin=C514-2
Added Pin To Net: NetName=NetC514_2 Pin=D503-2
Added Pin To Net: NetName=NetC514_2 Pin=D505-2
Added Pin To Net: NetName=NetC514_2 Pin=Q500-1
Added Pin To Net: NetName=NetC514_2 Pin=R502-2
Added Pin To Net: NetName=NetC514_2 Pin=R503-2
Added Net: Name=NetC514_2
Added Pin To Net: NetName=NetC515_1 Pin=C515-1
Added Pin To Net: NetName=NetC515_1 Pin=D502-1
Added Pin To Net: NetName=NetC515_1 Pin=D504-1
Added Pin To Net: NetName=NetC515_1 Pin=Q501-3
Added Pin To Net: NetName=NetC515_1 Pin=R506-1
Added Pin To Net: NetName=NetC515_1 Pin=R507-2
Added Net: Name=NetC515_1
Added Pin To Net: NetName=NetC515_2 Pin=C515-2
Added Pin To Net: NetName=NetC515_2 Pin=R505-1
Added Pin To Net: NetName=NetC515_2 Pin=R506-2
Added Pin To Net: NetName=NetC515_2 Pin=Q501-3
Added Net: Name=NetC515_2
Added Pin To Net: NetName=NetD300_1 Pin=D300-1
Added Pin To Net: NetName=NetD300_1 Pin=D301-2
Added Pin To Net: NetName=NetD300_1 Pin=J302-T
Added Pin To Net: NetName=NetD300_1 Pin=U300-3
Added Net: Name=NetD300_1
Added Pin To Net: NetName=NetD502_2 Pin=D502-2
Added Pin To Net: NetName=NetD502_2 Pin=D503-1
Added Pin To Net: NetName=NetD502_2 Pin=S500-1
Added Net: Name=NetD502_2
Added Pin To Net: NetName=NetD504_2 Pin=D504-2
Added Pin To Net: NetName=NetD504_2 Pin=D505-1
Added Pin To Net: NetName=NetD504_2 Pin=S500-3
Added Net: Name=NetD504_2
Added Pin To Net: NetName=NetJ300_3 Pin=J300-3
Added Pin To Net: NetName=NetJ300_3 Pin=U300-5
Added Net: Name=NetJ300_3
Added Pin To Net: NetName=NetJ400_3 Pin=J400-3
Added Pin To Net: NetName=NetJ400_3 Pin=R401-1
Added Net: Name=NetJ400_3
Added Pin To Net: NetName=NetJ401_3 Pin=J401-3
Added Pin To Net: NetName=NetJ401_3 Pin=R403-1
Added Net: Name=NetJ401_3
Added Pin To Net: NetName=NetJ402_3 Pin=J402-3
Added Pin To Net: NetName=NetJ402_3 Pin=R405-1
Added Net: Name=NetJ402_3
Added Pin To Net: NetName=NetJ403_3 Pin=J403-3
Added Pin To Net: NetName=NetJ403_3 Pin=R407-1
Added Net: Name=NetJ403_3
Added Pin To Net: NetName=NetJ404_3 Pin=J404-3
Added Pin To Net: NetName=NetJ404_3 Pin=R409-1
Added Net: Name=NetJ404_3
Added Pin To Net: NetName=NetJ405_3 Pin=J405-3
Added Pin To Net: NetName=NetJ405_3 Pin=R411-1
Added Net: Name=NetJ405_3
Added Pin To Net: NetName=NetJ406_3 Pin=J406-3
Added Pin To Net: NetName=NetJ406_3 Pin=R413-1
Added Net: Name=NetJ406_3
Added Pin To Net: NetName=NetPot501_1 Pin=Pot501-1
Added Pin To Net: NetName=NetPot501_1 Pin=Pot501-3
Added Pin To Net: NetName=NetPot501_1 Pin=R500-1
Added Pin To Net: NetName=NetPot501_1 Pin=U501-1
Added Net: Name=NetPot501_1
Added Pin To Net: NetName=NetR300_1 Pin=R300-1
Added Pin To Net: NetName=NetR300_1 Pin=R301-2
Added Pin To Net: NetName=NetR300_1 Pin=U300-7
Added Net: Name=NetR300_1
Added Pin To Net: NetName=NetR301_1 Pin=R301-1
Added Pin To Net: NetName=NetR301_1 Pin=R302-2
Added Pin To Net: NetName=NetR301_1 Pin=U300-6
Added Net: Name=NetR301_1
Added Pin To Net: NetName=NetR303_1 Pin=R303-1
Added Pin To Net: NetName=NetR303_1 Pin=U300-1
Added Pin To Net: NetName=NetR303_1 Pin=U300-2
Added Net: Name=NetR303_1
Added Pin To Net: NetName=SPI_CLK Pin=J103-3
Added Net: Name=SPI_CLK
Added Pin To Net: NetName=SPI_CS0 Pin=J101-12
Added Net: Name=SPI_CS0
Added Pin To Net: NetName=SPI_CS1 Pin=J103-2
Added Net: Name=SPI_CS1
Added Pin To Net: NetName=SPI_CS2 Pin=J101-11
Added Net: Name=SPI_CS2
Added Pin To Net: NetName=SPI_CS3 Pin=J100-7
Added Net: Name=SPI_CS3
Added Pin To Net: NetName=SPI_RX Pin=J103-5
Added Net: Name=SPI_RX
Added Pin To Net: NetName=SPI_TX Pin=J103-4
Added Net: Name=SPI_TX
Added Pin To Net: NetName=UART_CTS Pin=J100-2
Added Net: Name=UART_CTS
Added Pin To Net: NetName=UART_RTS Pin=J100-1
Added Net: Name=UART_RTS
Added Pin To Net: NetName=UART_RX Pin=J100-3
Added Net: Name=UART_RX
Added Pin To Net: NetName=UART_TX Pin=J100-4
Added Net: Name=UART_TX
Added Pin To Net: NetName=VCC_3V3 Pin=J101-5
Added Pin To Net: NetName=VCC_3V3 Pin=J101-6
Added Pin To Net: NetName=VCC_3V3 Pin=J101-13
Added Pin To Net: NetName=VCC_3V3 Pin=J101-14
Added Pin To Net: NetName=VCC_3V3 Pin=LCD-4
Added Pin To Net: NetName=VCC_3V3 Pin=MENU_CTRL200-3
Added Pin To Net: NetName=VCC_3V3 Pin=POT200-3
Added Pin To Net: NetName=VCC_3V3 Pin=POT201-3
Added Pin To Net: NetName=VCC_3V3 Pin=POT202-3
Added Pin To Net: NetName=VCC_3V3 Pin=POT_WAH200-3
Added Pin To Net: NetName=VCC_3V3 Pin=R201-2
Added Pin To Net: NetName=VCC_3V3 Pin=R202-2
Added Net: Name=VCC_3V3
Added Pin To Net: NetName=VCC_USB_DUAL Pin=C503-2
Added Pin To Net: NetName=VCC_USB_DUAL Pin=FX Switches 5V-1
Added Pin To Net: NetName=VCC_USB_DUAL Pin=FX Switches 5V-2
Added Pin To Net: NetName=VCC_USB_DUAL Pin=FX Switches 5V-3
Added Pin To Net: NetName=VCC_USB_DUAL Pin=FX Switches 5V-4
Added Pin To Net: NetName=VCC_USB_DUAL Pin=FX Switches 5V-5
Added Pin To Net: NetName=VCC_USB_DUAL Pin=FX Switches 5V-6
Added Pin To Net: NetName=VCC_USB_DUAL Pin=FX Switches 5V-7
Added Pin To Net: NetName=VCC_USB_DUAL Pin=J100-5
Added Pin To Net: NetName=VCC_USB_DUAL Pin=J100-6
Added Pin To Net: NetName=VCC_USB_DUAL Pin=J100-8
Added Pin To Net: NetName=VCC_USB_DUAL Pin=J100-13
Added Pin To Net: NetName=VCC_USB_DUAL Pin=J100-14
Added Pin To Net: NetName=VCC_USB_DUAL Pin=U300-8
Added Pin To Net: NetName=VCC_USB_DUAL Pin=U500-3
Added Net: Name=VCC_USB_DUAL
Added Class: Name=amplifier_stage
Added Class: Name=main
Added Class: Name=power_supply
Added Class: Name=shift_registers
Added Class: Name=switches_connectors
Added Rule: Name=Schematic Supply Nets
Added Rule: Name=Schematic Supply Nets_1
Added Rule: Name=Schematic Supply Nets_2
Added Rule: Name=Schematic Supply Nets_3
Added Rule: Name=Schematic Supply Nets_4
Added Rule: Name=Schematic Supply Nets_5
Added Rule: Name=Schematic Supply Nets_6
Added Rule: Name=Schematic Supply Nets_7
