Removed Pin From Net: NetName=GND Pin=C200-1
Removed Pin From Net: NetName=GPAIN0 Pin=C200-2
Removed Pin From Net: NetName=GND Pin=C201-1
Removed Pin From Net: NetName=GPAIN1 Pin=C201-2
Removed Pin From Net: NetName=GND Pin=C202-1
Removed Pin From Net: NetName=GPAIN2 Pin=C202-2
Removed Pin From Net: NetName=GND Pin=M206-1
Removed Pin From Net: NetName=GND Pin=POT200-1
Removed Pin From Net: NetName=GPAIN0 Pin=POT200-2
Removed Pin From Net: NetName=VCC_3V3 Pin=POT200-3
Removed Pin From Net: NetName=GND Pin=POT201-1
Removed Pin From Net: NetName=GPAIN1 Pin=POT201-2
Removed Pin From Net: NetName=VCC_3V3 Pin=POT201-3
Removed Pin From Net: NetName=GND Pin=POT202-1
Removed Pin From Net: NetName=GPAIN2 Pin=POT202-2
Removed Pin From Net: NetName=VCC_3V3 Pin=POT202-3
Removed Pin From Net: NetName=GND Pin=POT_WAH200-1
Removed Pin From Net: NetName=GPAIN3 Pin=POT_WAH200-2
Removed Pin From Net: NetName=VCC_3V3 Pin=POT_WAH200-3
Removed Member From Class: ClassName=switches_connectors Member=C200
Removed Member From Class: ClassName=switches_connectors Member=C201
Removed Member From Class: ClassName=switches_connectors Member=C202
Removed Member From Class: ClassName=switches_connectors Member=M206
Removed Member From Class: ClassName=switches_connectors Member=POT200
Removed Member From Class: ClassName=switches_connectors Member=POT201
Removed Member From Class: ClassName=switches_connectors Member=POT202
Removed Member From Class: ClassName=switches_connectors Member=POT_WAH200
Change component parameters: Designator = "Pot500" ("Pot500"); Footprint = "Pot trim slim high"; UniqueID = "\LHVPJJFY" ("\LHVPJJFY")
Change component parameters (AddParameter): Name = "Resistance"; Value = "1k"; VariantName = "[No Variations]"
Added Component: Designator=B500(Banana Plug On top)
Added Component: Designator=B501(Banana Plug On top)
Added Component: Designator=B502(Banana Plug On top)
Added Component: Designator=C516(Cap-1)
Add component (AddParameter): Name = "Capacity"; Value = "100nF"; VariantName = "[No Variations]"
Added Component: Designator=C517(Cap 20mm)
Add component (AddParameter): Name = "Capacity"; Value = "1uF"; VariantName = "[No Variations]"
Added Component: Designator=D506(Diode 2 space)
Add component (AddParameter): Name = "Model"; Value = "1N4148"; VariantName = "[No Variations]"
Added Component: Designator=J200(FP-NMJ4HFD2-MFG)
Add component (AddParameter): Name = "Automotive"; Value = "No"; VariantName = "[No Variations]"
Add component (AddParameter): Name = "Category"; Value = "Conn"; VariantName = "[No Variations]"
Add component (AddParameter): Name = "ComponentLink2Description"; Value = "Datasheet"; VariantName = "[No Variations]"
Add component (AddParameter): Name = "ComponentLink2URL"; Value = "https://www.neutrik.com/en/product/nmj4hfd2.pdf"; VariantName = "[No Variations]"
Add component (AddParameter): Name = "Conn Orientation"; Value = "Horizontal"; VariantName = "[No Variations]"
Add component (AddParameter): Name = "Contact Material"; Value = "Silver"; VariantName = "[No Variations]"
Add component (AddParameter): Name = "Current Rating"; Value = "0.5A"; VariantName = "[No Variations]"
Add component (AddParameter): Name = "Device Class L1"; Value = "Connectors"; VariantName = "[No Variations]"
Add component (AddParameter): Name = "Device Class L2"; Value = "Audio / Video Connectors"; VariantName = "[No Variations]"
Add component (AddParameter): Name = "Device Class L3"; Value = "unset"; VariantName = "[No Variations]"
Add component (AddParameter): Name = "Footprint Url"; Value = "https://www.neutrik.com/media/8576/download/st-nmj4hfd2.pdf?v=1"; VariantName = "[No Variations]"
Add component (AddParameter): Name = "Height"; Value = "15.89mm"; VariantName = "[No Variations]"
Add component (AddParameter): Name = "Is Female"; Value = "yes"; VariantName = "[No Variations]"
Add component (AddParameter): Name = "Lead Free"; Value = "Yes"; VariantName = "[No Variations]"
Add component (AddParameter): Name = "Manufacturer"; Value = "Neutrik"; VariantName = "[No Variations]"
Add component (AddParameter): Name = "Manufacturer Part Number"; Value = "NMJ4HFD2"; VariantName = "[No Variations]"
Add component (AddParameter): Name = "Mouser Description"; Value = "Phone Audio Connector, Socket, 2, PCB Mount, Metal Body, Silver Plated Contacts"; VariantName = "[No Variations]"
Add component (AddParameter): Name = "Number Of Contacts"; Value = "2"; VariantName = "[No Variations]"
Add component (AddParameter): Name = "Octopart"; Value = "https://octopart.com/nmj4hfd2-neutrik-758952"; VariantName = "[No Variations]"
Add component (AddParameter): Name = "Package"; Value = "0"; VariantName = "[No Variations]"
Add component (AddParameter): Name = "RoHS"; Value = "TRUE"; VariantName = "[No Variations]"
Add component (AddParameter): Name = "Temperature"; Value = "-25°C to +70°C"; VariantName = "[No Variations]"
Add component (AddParameter): Name = "Temperature Range High"; Value = "+70°C"; VariantName = "[No Variations]"
Add component (AddParameter): Name = "Temperature Range Low"; Value = "-25°C"; VariantName = "[No Variations]"
Add component (AddParameter): Name = "Voltage Rating"; Value = "50V"; VariantName = "[No Variations]"
Added Component: Designator=J201(FP-NMJ4HFD2-MFG)
Add component (AddParameter): Name = "Automotive"; Value = "No"; VariantName = "[No Variations]"
Add component (AddParameter): Name = "Category"; Value = "Conn"; VariantName = "[No Variations]"
Add component (AddParameter): Name = "ComponentLink2Description"; Value = "Datasheet"; VariantName = "[No Variations]"
Add component (AddParameter): Name = "ComponentLink2URL"; Value = "https://www.neutrik.com/en/product/nmj4hfd2.pdf"; VariantName = "[No Variations]"
Add component (AddParameter): Name = "Conn Orientation"; Value = "Horizontal"; VariantName = "[No Variations]"
Add component (AddParameter): Name = "Contact Material"; Value = "Silver"; VariantName = "[No Variations]"
Add component (AddParameter): Name = "Current Rating"; Value = "0.5A"; VariantName = "[No Variations]"
Add component (AddParameter): Name = "Device Class L1"; Value = "Connectors"; VariantName = "[No Variations]"
Add component (AddParameter): Name = "Device Class L2"; Value = "Audio / Video Connectors"; VariantName = "[No Variations]"
Add component (AddParameter): Name = "Device Class L3"; Value = "unset"; VariantName = "[No Variations]"
Add component (AddParameter): Name = "Footprint Url"; Value = "https://www.neutrik.com/media/8576/download/st-nmj4hfd2.pdf?v=1"; VariantName = "[No Variations]"
Add component (AddParameter): Name = "Height"; Value = "15.89mm"; VariantName = "[No Variations]"
Add component (AddParameter): Name = "Is Female"; Value = "yes"; VariantName = "[No Variations]"
Add component (AddParameter): Name = "Lead Free"; Value = "Yes"; VariantName = "[No Variations]"
Add component (AddParameter): Name = "Manufacturer"; Value = "Neutrik"; VariantName = "[No Variations]"
Add component (AddParameter): Name = "Manufacturer Part Number"; Value = "NMJ4HFD2"; VariantName = "[No Variations]"
Add component (AddParameter): Name = "Mouser Description"; Value = "Phone Audio Connector, Socket, 2, PCB Mount, Metal Body, Silver Plated Contacts"; VariantName = "[No Variations]"
Add component (AddParameter): Name = "Number Of Contacts"; Value = "2"; VariantName = "[No Variations]"
Add component (AddParameter): Name = "Octopart"; Value = "https://octopart.com/nmj4hfd2-neutrik-758952"; VariantName = "[No Variations]"
Add component (AddParameter): Name = "Package"; Value = "0"; VariantName = "[No Variations]"
Add component (AddParameter): Name = "RoHS"; Value = "TRUE"; VariantName = "[No Variations]"
Add component (AddParameter): Name = "Temperature"; Value = "-25°C to +70°C"; VariantName = "[No Variations]"
Add component (AddParameter): Name = "Temperature Range High"; Value = "+70°C"; VariantName = "[No Variations]"
Add component (AddParameter): Name = "Temperature Range Low"; Value = "-25°C"; VariantName = "[No Variations]"
Add component (AddParameter): Name = "Voltage Rating"; Value = "50V"; VariantName = "[No Variations]"
Added Component: Designator=Pot502(Pot trim slim high)
Add component (AddParameter): Name = "Resistance"; Value = "1k"; VariantName = "[No Variations]"
Added Component: Designator=R508(AXIAL-0.4 PCBK)
Add component (AddParameter): Name = "LatestRevisionDate"; Value = "17-Jul-2002"; VariantName = "[No Variations]"
Add component (AddParameter): Name = "LatestRevisionNote"; Value = "Re-released for DXP Platform."; VariantName = "[No Variations]"
Add component (AddParameter): Name = "PackageReference"; Value = "AXIAL-0.4"; VariantName = "[No Variations]"
Add component (AddParameter): Name = "Published"; Value = "8-Jun-2000"; VariantName = "[No Variations]"
Add component (AddParameter): Name = "Publisher"; Value = "Altium Limited"; VariantName = "[No Variations]"
Add component (AddParameter): Name = "Value"; Value = "240"; VariantName = "[No Variations]"
Added Component: Designator=TP500(TP_loop_pin_1249)
Added Component: Designator=TP501(TP_loop_pin_1249)
Added Component: Designator=TP502(TP_loop_pin_1249)
Added Component: Designator=TP503(TP_loop_pin_1249)
Added Component: Designator=U504(TO-220)
Add component (AddParameter): Name = "ComponentLink1Description"; Value = "Manufacturer URL"; VariantName = "[No Variations]"
Add component (AddParameter): Name = "ComponentLink1URL"; Value = "http://www.st.com"; VariantName = "[No Variations]"
Add component (AddParameter): Name = "ComponentLink2Description"; Value = "Datasheet"; VariantName = "[No Variations]"
Add component (AddParameter): Name = "ComponentLink2URL"; Value = "http://www.st.com/internet/com/TECHNICAL_RESOURCES/TECHNICAL_LITERATURE/DATASHEET/CD00000455.pdf"; VariantName = "[No Variations]"
Add component (AddParameter): Name = "ComponentLink3Description"; Value = "Package Specification"; VariantName = "[No Variations]"
Add component (AddParameter): Name = "ComponentLink3URL"; Value = "http://www.st.com/internet/com/TECHNICAL_RESOURCES/TECHNICAL_LITERATURE/PACKAGE_INFORMATION/CD00004649.pdf"; VariantName = "[No Variations]"
Add component (AddParameter): Name = "DatasheetVersion"; Value = "1/11/2011"; VariantName = "[No Variations]"
Add component (AddParameter): Name = "PackageDescription"; Value = "TO, Thru-Hole, Vertical, Heatsink Mounted; 3 In-Line Leads; Pitch 2.54 mm"; VariantName = "[No Variations]"
Add component (AddParameter): Name = "PackageReference"; Value = "TO-220"; VariantName = "[No Variations]"
Add component (AddParameter): Name = "PackageVersion"; Value = "2011"; VariantName = "[No Variations]"
Added Pin To Net: NetName=+6V Pin=B500-1
Added Pin To Net: NetName=-6V Pin=B501-1
Added Pin To Net: NetName=GND Pin=B502-1
Added Pin To Net: NetName=GND Pin=C516-1
Added Pin To Net: NetName=+6V Pin=C516-2
Added Pin To Net: NetName=GND Pin=C517-1
Added Pin To Net: NetName=+6V Pin=D506-2
Added Pin To Net: NetName=GND Pin=J200-SN
Added Pin To Net: NetName=GND Pin=J200-S
Added Pin To Net: NetName=GND Pin=J200-TN
Added Pin To Net: NetName=GND Pin=J201-SN
Added Pin To Net: NetName=GND Pin=J201-S
Added Pin To Net: NetName=GND Pin=J201-TN
Added Pin To Net: NetName=GPAIN3 Pin=J201-T
Added Pin To Net: NetName=GND Pin=Pot502-2
Add Pin To Net: Unknown Pin: Pin Q500-4
Added Pin To Net: NetName=NetC509_2 Pin=Q501-3
Added Pin To Net: NetName=VCC_USB_DUAL Pin=TP500-TP
Added Pin To Net: NetName=GND Pin=TP501-TP
Added Pin To Net: NetName=NetC508_2 Pin=TP502-TP
Added Pin To Net: NetName=NetC509_1 Pin=TP503-TP
Added Pin To Net: NetName=+6V Pin=U504-3
Added Pin To Net: NetName=+2V Pin=C517-2
Added Pin To Net: NetName=+2V Pin=D506-1
Added Pin To Net: NetName=+2V Pin=J200-T
Added Pin To Net: NetName=+2V Pin=R508-2
Added Pin To Net: NetName=+2V Pin=U504-2
Added Net: Name=+2V
Added Pin To Net: NetName=NetPot502_1 Pin=Pot502-1
Added Pin To Net: NetName=NetPot502_1 Pin=Pot502-3
Added Pin To Net: NetName=NetPot502_1 Pin=R508-1
Added Pin To Net: NetName=NetPot502_1 Pin=U504-1
Added Net: Name=NetPot502_1
Added Member To Class: ClassName=power_supply Member=Component B500 Banana Plug
Added Member To Class: ClassName=power_supply Member=Component B501 Banana Plug
Added Member To Class: ClassName=power_supply Member=Component B502 Banana Plug
Added Member To Class: ClassName=power_supply Member=Component C516 Cap
Added Member To Class: ClassName=power_supply Member=Component C517 Cap
Added Member To Class: ClassName=power_supply Member=Component D506 Diode DO-35
Added Member To Class: ClassName=switches_connectors Member=Component J200 NMJ4HFD2
Added Member To Class: ClassName=switches_connectors Member=Component J201 NMJ4HFD2
Added Member To Class: ClassName=power_supply Member=Component Pot502 Pot Trim
Added Member To Class: ClassName=power_supply Member=Component R508
Added Member To Class: ClassName=power_supply Member=Component TP500 Test Point
Added Member To Class: ClassName=power_supply Member=Component TP501 Test Point
Added Member To Class: ClassName=power_supply Member=Component TP502 Test Point
Added Member To Class: ClassName=power_supply Member=Component TP503 Test Point
Added Member To Class: ClassName=power_supply Member=Component U504 LM317T
Added Rule: Name=Schematic Supply Nets_8
