Removed Pin From Net: NetName=NetC509_1 Pin=D502-1
Removed Pin From Net: NetName=NetC508_2 Pin=D503-2
Removed Pin From Net: NetName=NetC509_1 Pin=D504-1
Removed Pin From Net: NetName=NetC508_2 Pin=D505-2
Removed Pin From Net: NetName=+2V Pin=D506-1
Removed Pin From Net: NetName=+6V Pin=D506-2
Change Footprint: Footprint Not Found 1N4007
Change Footprint: Footprint Not Found 1N4007
Change Footprint: Footprint Not Found 1N4007
Change Footprint: Footprint Not Found 1N4007
Change Footprint: Footprint Not Found 1N4007
Change Footprint: Footprint Not Found Diode
Change Footprint: Footprint Not Found Diode
Change Footprint: Footprint Not Found Diode
Change Footprint: Footprint Not Found Diode
Change Component Comment : Designator=D300 Old Comment=Diode DO-35 New Comment=1N4007
Change Component Comment : Designator=D301 Old Comment=Diode DO-35 New Comment=1N4007
Change Component Comment : Designator=D500 Old Comment=Diode DO-35 New Comment=1N4007
Change Component Comment : Designator=D501 Old Comment=Diode DO-35 New Comment=1N4007
Change Component Comment : Designator=D502 Old Comment=Diode DO-35 New Comment=1N4007
Change Component Comment : Designator=D503 Old Comment=Diode DO-35 New Comment=
Change Component Comment : Designator=D504 Old Comment=Diode DO-35 New Comment=
Change Component Comment : Designator=D505 Old Comment=Diode DO-35 New Comment=
Change Component Comment : Designator=D506 Old Comment=Diode DO-35 New Comment=
Change component parameters: Designator = "D300" ("D300"); Footprint = "Diode 2 space"; UniqueID = "\QDESDBOF" ("\QDESDBOF")
Change component parameters: Designator = "D301" ("D301"); Footprint = "Diode 2 space"; UniqueID = "\JCXUMUYY" ("\JCXUMUYY")
Change component parameters: Designator = "D500" ("D500"); Footprint = "Diode 2 space"; UniqueID = "\JUYFMKWB" ("\JUYFMKWB")
Change component parameters: Designator = "D501" ("D501"); Footprint = "Diode 2 space"; UniqueID = "\ZOVAVFRK" ("\ZOVAVFRK")
Change component parameters: Designator = "D502" ("D502"); Footprint = "Diode 2 space"; UniqueID = "\NRAZZRIL" ("\NRAZZRIL")
Change component parameters: Designator = "D503" ("D503"); Footprint = "Diode 2 space"; UniqueID = "\RSECRIOY" ("\RSECRIOY")
Change component parameters: Designator = "D504" ("D504"); Footprint = "Diode 2 space"; UniqueID = "\SYSFHWKG" ("\SYSFHWKG")
Change component parameters: Designator = "D505" ("D505"); Footprint = "Diode 2 space"; UniqueID = "\ZHOHVWZB" ("\ZHOHVWZB")
Change component parameters: Designator = "D506" ("D506"); Footprint = "Diode 2 space"; UniqueID = "\ZYHNDIXB" ("\ZYHNDIXB")
Added Pin To Net: NetName=+2V Pin=D502-1
Added Pin To Net: NetName=+6V Pin=D502-2
Added Pin To Net: NetName=NetC509_1 Pin=D503-1
Added Pin To Net: NetName=NetC508_2 Pin=D504-2
Added Pin To Net: NetName=NetC509_1 Pin=D505-1
Added Pin To Net: NetName=NetC508_2 Pin=D506-2
Add Pin To Net: Unknown Pin: Pin Q500-4
Added Pin To Net: NetName=NetC509_2 Pin=Q501-3
Added Pin To Net: NetName=NetD503_2 Pin=D503-2
Added Pin To Net: NetName=NetD503_2 Pin=D504-1
Added Pin To Net: NetName=NetD503_2 Pin=S500-1
Added Net: Name=NetD503_2
Added Pin To Net: NetName=NetD505_2 Pin=D505-2
Added Pin To Net: NetName=NetD505_2 Pin=D506-1
Added Pin To Net: NetName=NetD505_2 Pin=S500-3
Added Net: Name=NetD505_2
