Removed Pin From Net: NetName=NetC508_1 Pin=Q500-1
Removed Pin From Net: NetName=+6V Pin=Q500-2
Removed Pin From Net: NetName=NetC508_2 Pin=Q500-3
Removed Pin From Net: NetName=+6V Pin=Q500-
Removed Pin From Net: NetName=NetC509_2 Pin=Q501-1
Change Footprint: Footprint Not Found BANANA PLUG THT
Change Footprint: Footprint Not Found BANANA PLUG THT
Change Footprint: Footprint Not Found BANANA PLUG THT
Added Component: Designator=B?(Banana Plug through)
Added Component: Designator=B?(Banana Plug through)
Added Component: Designator=D300(SMB)
Add component (AddParameter): Name = "Model"; Value = "Model"; VariantName = "[No Variations]"
Added Component: Designator=D301(SMB)
Add component (AddParameter): Name = "Model"; Value = "Model"; VariantName = "[No Variations]"
Added Pin To Net: NetName=NetC508_2 Pin=Q500-1
Added Pin To Net: NetName=NetC508_1 Pin=Q500-2
Added Pin To Net: NetName=+6V Pin=Q500-3
Add Pin To Net: Unknown Pin: Pin Q500-4
Added Pin To Net: NetName=NetC509_2 Pin=Q501-3
Added Pin To Net: NetName=NetB?_1 Pin=B?-1
Added Pin To Net: NetName=NetB?_1 Pin=B?-1
Added Net: Name=NetB?_1
Added Member To Class: ClassName=main Member=Component B? Banana Plug
Added Member To Class: ClassName=main Member=Component B? Banana Plug
Added Member To Class: ClassName=amplifier_stage Member=Component D300 1N4007
Added Member To Class: ClassName=amplifier_stage Member=Component D300 Diode
Added Member To Class: ClassName=amplifier_stage Member=Component D301 1N4007
Added Member To Class: ClassName=amplifier_stage Member=Component D301 Diode
