Removed Pin From Net: NetName=VCC_3V3 Pin=FX Switches 3V3-1
Removed Pin From Net: NetName=VCC_3V3 Pin=FX Switches 3V3-2
Removed Pin From Net: NetName=VCC_3V3 Pin=FX Switches 3V3-3
Removed Pin From Net: NetName=VCC_3V3 Pin=FX Switches 3V3-4
Removed Pin From Net: NetName=VCC_3V3 Pin=FX Switches 3V3-5
Removed Pin From Net: NetName=VCC_3V3 Pin=FX Switches 3V3-6
Removed Pin From Net: NetName=VCC_3V3 Pin=FX Switches 3V3-7
Removed Pin From Net: NetName=GPIO10 Pin=FX Switches400-1
Removed Pin From Net: NetName=GPIO11 Pin=FX Switches400-2
Removed Pin From Net: NetName=GPIO17 Pin=FX Switches400-3
Removed Pin From Net: NetName=GPIO16 Pin=FX Switches400-4
Removed Pin From Net: NetName=GPIO15 Pin=FX Switches400-5
Removed Pin From Net: NetName=GPIO14 Pin=FX Switches400-6
Removed Pin From Net: NetName=GPIO12 Pin=FX Switches400-7
Removed Pin From Net: NetName=NetC301_2 Pin=J200-1
Removed Pin From Net: NetName=NetD300_1 Pin=J200-3
Removed Pin From Net: NetName=GND Pin=J406-1
Removed Pin From Net: NetName=NetC508_1 Pin=Q500-1
Removed Pin From Net: NetName=+6V Pin=Q500-2
Removed Pin From Net: NetName=NetC508_2 Pin=Q500-3
Removed Pin From Net: NetName=GND Pin=R412-1
Removed Pin From Net: NetName=GPIO10 Pin=R412-2
Removed Pin From Net: NetName=GPIO10 Pin=R413-2
Removed Pin From Net: NetName=GND Pin=U500-
Removed Member From Class: ClassName=switches_connectors Member=FX Switches 3V3
Removed Member From Class: ClassName=shift_registers Member=FX Switches400
Removed Member From Class: ClassName=shift_registers Member=J406
Removed Member From Class: ClassName=shift_registers Member=R412
Removed Member From Class: ClassName=shift_registers Member=R413
Change component parameters: Designator = "R400" ("R400"); Footprint = "AXIAL-0.4 PCBK"; UniqueID = "\QNBAKXAN" ("\QNBAKXAN")
Change component parameters (AddParameter): Name = "LatestRevisionDate"; Value = "17-Jul-2002"; VariantName = "[No Variations]"
Change component parameters (AddParameter): Name = "LatestRevisionNote"; Value = "Re-released for DXP Platform."; VariantName = "[No Variations]"
Change component parameters (AddParameter): Name = "PackageReference"; Value = "AXIAL-0.4"; VariantName = "[No Variations]"
Change component parameters (AddParameter): Name = "Published"; Value = "8-Jun-2000"; VariantName = "[No Variations]"
Change component parameters (AddParameter): Name = "Publisher"; Value = "Altium Limited"; VariantName = "[No Variations]"
Change component parameters (AddParameter): Name = "Value"; Value = "3k"; VariantName = "[No Variations]"
Change component parameters: Designator = "R401" ("R401"); Footprint = "AXIAL-0.4 PCBK"; UniqueID = "\HDAULGTX" ("\HDAULGTX")
Change component parameters (AddParameter): Name = "LatestRevisionDate"; Value = "17-Jul-2002"; VariantName = "[No Variations]"
Change component parameters (AddParameter): Name = "LatestRevisionNote"; Value = "Re-released for DXP Platform."; VariantName = "[No Variations]"
Change component parameters (AddParameter): Name = "PackageReference"; Value = "AXIAL-0.4"; VariantName = "[No Variations]"
Change component parameters (AddParameter): Name = "Published"; Value = "8-Jun-2000"; VariantName = "[No Variations]"
Change component parameters (AddParameter): Name = "Publisher"; Value = "Altium Limited"; VariantName = "[No Variations]"
Change component parameters (AddParameter): Name = "Value"; Value = "300"; VariantName = "[No Variations]"
Change component parameters: Designator = "R402" ("R402"); Footprint = "AXIAL-0.4 PCBK"; UniqueID = "\UKXBBTHE" ("\UKXBBTHE")
Change component parameters (AddParameter): Name = "LatestRevisionDate"; Value = "17-Jul-2002"; VariantName = "[No Variations]"
Change component parameters (AddParameter): Name = "LatestRevisionNote"; Value = "Re-released for DXP Platform."; VariantName = "[No Variations]"
Change component parameters (AddParameter): Name = "PackageReference"; Value = "AXIAL-0.4"; VariantName = "[No Variations]"
Change component parameters (AddParameter): Name = "Published"; Value = "8-Jun-2000"; VariantName = "[No Variations]"
Change component parameters (AddParameter): Name = "Publisher"; Value = "Altium Limited"; VariantName = "[No Variations]"
Change component parameters (AddParameter): Name = "Value"; Value = "3k"; VariantName = "[No Variations]"
Change component parameters: Designator = "R403" ("R403"); Footprint = "AXIAL-0.4 PCBK"; UniqueID = "\LIFYHKIM" ("\LIFYHKIM")
Change component parameters (AddParameter): Name = "LatestRevisionDate"; Value = "17-Jul-2002"; VariantName = "[No Variations]"
Change component parameters (AddParameter): Name = "LatestRevisionNote"; Value = "Re-released for DXP Platform."; VariantName = "[No Variations]"
Change component parameters (AddParameter): Name = "PackageReference"; Value = "AXIAL-0.4"; VariantName = "[No Variations]"
Change component parameters (AddParameter): Name = "Published"; Value = "8-Jun-2000"; VariantName = "[No Variations]"
Change component parameters (AddParameter): Name = "Publisher"; Value = "Altium Limited"; VariantName = "[No Variations]"
Change component parameters (AddParameter): Name = "Value"; Value = "300"; VariantName = "[No Variations]"
Change component parameters: Designator = "R404" ("R404"); Footprint = "AXIAL-0.4 PCBK"; UniqueID = "\THMFUEHI" ("\THMFUEHI")
Change component parameters (AddParameter): Name = "LatestRevisionDate"; Value = "17-Jul-2002"; VariantName = "[No Variations]"
Change component parameters (AddParameter): Name = "LatestRevisionNote"; Value = "Re-released for DXP Platform."; VariantName = "[No Variations]"
Change component parameters (AddParameter): Name = "PackageReference"; Value = "AXIAL-0.4"; VariantName = "[No Variations]"
Change component parameters (AddParameter): Name = "Published"; Value = "8-Jun-2000"; VariantName = "[No Variations]"
Change component parameters (AddParameter): Name = "Publisher"; Value = "Altium Limited"; VariantName = "[No Variations]"
Change component parameters (AddParameter): Name = "Value"; Value = "3k"; VariantName = "[No Variations]"
Change component parameters: Designator = "R405" ("R405"); Footprint = "AXIAL-0.4 PCBK"; UniqueID = "\UQINGQIP" ("\UQINGQIP")
Change component parameters (AddParameter): Name = "LatestRevisionDate"; Value = "17-Jul-2002"; VariantName = "[No Variations]"
Change component parameters (AddParameter): Name = "LatestRevisionNote"; Value = "Re-released for DXP Platform."; VariantName = "[No Variations]"
Change component parameters (AddParameter): Name = "PackageReference"; Value = "AXIAL-0.4"; VariantName = "[No Variations]"
Change component parameters (AddParameter): Name = "Published"; Value = "8-Jun-2000"; VariantName = "[No Variations]"
Change component parameters (AddParameter): Name = "Publisher"; Value = "Altium Limited"; VariantName = "[No Variations]"
Change component parameters (AddParameter): Name = "Value"; Value = "300"; VariantName = "[No Variations]"
Change component parameters: Designator = "R406" ("R406"); Footprint = "AXIAL-0.4 PCBK"; UniqueID = "\IHSZZJMA" ("\IHSZZJMA")
Change component parameters (AddParameter): Name = "LatestRevisionDate"; Value = "17-Jul-2002"; VariantName = "[No Variations]"
Change component parameters (AddParameter): Name = "LatestRevisionNote"; Value = "Re-released for DXP Platform."; VariantName = "[No Variations]"
Change component parameters (AddParameter): Name = "PackageReference"; Value = "AXIAL-0.4"; VariantName = "[No Variations]"
Change component parameters (AddParameter): Name = "Published"; Value = "8-Jun-2000"; VariantName = "[No Variations]"
Change component parameters (AddParameter): Name = "Publisher"; Value = "Altium Limited"; VariantName = "[No Variations]"
Change component parameters (AddParameter): Name = "Value"; Value = "3k"; VariantName = "[No Variations]"
Change component parameters: Designator = "R407" ("R407"); Footprint = "AXIAL-0.4 PCBK"; UniqueID = "\GEXZVDPX" ("\GEXZVDPX")
Change component parameters (AddParameter): Name = "LatestRevisionDate"; Value = "17-Jul-2002"; VariantName = "[No Variations]"
Change component parameters (AddParameter): Name = "LatestRevisionNote"; Value = "Re-released for DXP Platform."; VariantName = "[No Variations]"
Change component parameters (AddParameter): Name = "PackageReference"; Value = "AXIAL-0.4"; VariantName = "[No Variations]"
Change component parameters (AddParameter): Name = "Published"; Value = "8-Jun-2000"; VariantName = "[No Variations]"
Change component parameters (AddParameter): Name = "Publisher"; Value = "Altium Limited"; VariantName = "[No Variations]"
Change component parameters (AddParameter): Name = "Value"; Value = "300"; VariantName = "[No Variations]"
Change component parameters: Designator = "R408" ("R408"); Footprint = "AXIAL-0.4 PCBK"; UniqueID = "\ZAJKUGOL" ("\ZAJKUGOL")
Change component parameters (AddParameter): Name = "LatestRevisionDate"; Value = "17-Jul-2002"; VariantName = "[No Variations]"
Change component parameters (AddParameter): Name = "LatestRevisionNote"; Value = "Re-released for DXP Platform."; VariantName = "[No Variations]"
Change component parameters (AddParameter): Name = "PackageReference"; Value = "AXIAL-0.4"; VariantName = "[No Variations]"
Change component parameters (AddParameter): Name = "Published"; Value = "8-Jun-2000"; VariantName = "[No Variations]"
Change component parameters (AddParameter): Name = "Publisher"; Value = "Altium Limited"; VariantName = "[No Variations]"
Change component parameters (AddParameter): Name = "Value"; Value = "3k"; VariantName = "[No Variations]"
Change component parameters: Designator = "R409" ("R409"); Footprint = "AXIAL-0.4 PCBK"; UniqueID = "\CMEZRGZM" ("\CMEZRGZM")
Change component parameters (AddParameter): Name = "LatestRevisionDate"; Value = "17-Jul-2002"; VariantName = "[No Variations]"
Change component parameters (AddParameter): Name = "LatestRevisionNote"; Value = "Re-released for DXP Platform."; VariantName = "[No Variations]"
Change component parameters (AddParameter): Name = "PackageReference"; Value = "AXIAL-0.4"; VariantName = "[No Variations]"
Change component parameters (AddParameter): Name = "Published"; Value = "8-Jun-2000"; VariantName = "[No Variations]"
Change component parameters (AddParameter): Name = "Publisher"; Value = "Altium Limited"; VariantName = "[No Variations]"
Change component parameters (AddParameter): Name = "Value"; Value = "300"; VariantName = "[No Variations]"
Change component parameters: Designator = "R410" ("R410"); Footprint = "AXIAL-0.4 PCBK"; UniqueID = "\MRFTSRFV" ("\MRFTSRFV")
Change component parameters (AddParameter): Name = "LatestRevisionDate"; Value = "17-Jul-2002"; VariantName = "[No Variations]"
Change component parameters (AddParameter): Name = "LatestRevisionNote"; Value = "Re-released for DXP Platform."; VariantName = "[No Variations]"
Change component parameters (AddParameter): Name = "PackageReference"; Value = "AXIAL-0.4"; VariantName = "[No Variations]"
Change component parameters (AddParameter): Name = "Published"; Value = "8-Jun-2000"; VariantName = "[No Variations]"
Change component parameters (AddParameter): Name = "Publisher"; Value = "Altium Limited"; VariantName = "[No Variations]"
Change component parameters (AddParameter): Name = "Value"; Value = "3k"; VariantName = "[No Variations]"
Change component parameters: Designator = "R411" ("R411"); Footprint = "AXIAL-0.4 PCBK"; UniqueID = "\ZDTGAKTW" ("\ZDTGAKTW")
Change component parameters (AddParameter): Name = "LatestRevisionDate"; Value = "17-Jul-2002"; VariantName = "[No Variations]"
Change component parameters (AddParameter): Name = "LatestRevisionNote"; Value = "Re-released for DXP Platform."; VariantName = "[No Variations]"
Change component parameters (AddParameter): Name = "PackageReference"; Value = "AXIAL-0.4"; VariantName = "[No Variations]"
Change component parameters (AddParameter): Name = "Published"; Value = "8-Jun-2000"; VariantName = "[No Variations]"
Change component parameters (AddParameter): Name = "Publisher"; Value = "Altium Limited"; VariantName = "[No Variations]"
Change component parameters (AddParameter): Name = "Value"; Value = "300"; VariantName = "[No Variations]"
Added Component: Designator=D300(SMB)
Add component (AddParameter): Name = "Model"; Value = "Model"; VariantName = "[No Variations]"
Added Component: Designator=D301(SMB)
Add component (AddParameter): Name = "Model"; Value = "Model"; VariantName = "[No Variations]"
Added Component: Designator=Fx_switches_3V3(Header 1x6)
Added Component: Designator=Fx_switches_gpio(Header 1x6)
Added Component: Designator=J201(Header 1x3)
Added Component: Designator=Q202(TO-92_straight)
Add component (AddParameter): Name = "Model"; Value = "ModelNumber"; VariantName = "[No Variations]"
Add Component: Footprint Not Found AXIAL-0.4 PCBK
Added Pin To Net: NetName=VCC_3V3 Pin=Fx_switches_3V3-1
Added Pin To Net: NetName=VCC_3V3 Pin=Fx_switches_3V3-2
Added Pin To Net: NetName=VCC_3V3 Pin=Fx_switches_3V3-3
Added Pin To Net: NetName=VCC_3V3 Pin=Fx_switches_3V3-4
Added Pin To Net: NetName=VCC_3V3 Pin=Fx_switches_3V3-5
Added Pin To Net: NetName=VCC_3V3 Pin=Fx_switches_3V3-6
Added Pin To Net: NetName=GPIO11 Pin=Fx_switches_gpio-1
Added Pin To Net: NetName=GPIO17 Pin=Fx_switches_gpio-2
Added Pin To Net: NetName=GPIO16 Pin=Fx_switches_gpio-3
Added Pin To Net: NetName=GPIO15 Pin=Fx_switches_gpio-4
Added Pin To Net: NetName=GPIO14 Pin=Fx_switches_gpio-5
Added Pin To Net: NetName=GPIO12 Pin=Fx_switches_gpio-6
Added Pin To Net: NetName=VCC_USB_DUAL Pin=J200-1
Added Pin To Net: NetName=GND Pin=J201-1
Added Pin To Net: NetName=NetC301_2 Pin=Q202-2
Added Pin To Net: NetName=NetD300_1 Pin=Q202-3
Added Pin To Net: NetName=NetC508_2 Pin=Q500-1
Added Pin To Net: NetName=NetC508_1 Pin=Q500-2
Added Pin To Net: NetName=+6V Pin=Q500-3
Add Pin To Net: Unknown Pin: Pin Q500-4
Add Pin To Net: Unknown Pin: Pin U500-2
Add Pin To Net: Unknown Pin: Pin U500-2
Added Pin To Net: NetName=NetJ200_2 Pin=J200-2
Added Pin To Net: NetName=NetJ200_2 Pin=Q202-1
Added Net: Name=NetJ200_2
Added Pin To Net: NetName=NetJ201_3 Pin=J201-3
Added Net: Name=NetJ201_3
Added Member To Class: ClassName=amplifier_stage Member=Component D300 Diode
Added Member To Class: ClassName=amplifier_stage Member=Component D300 1N4007
Added Member To Class: ClassName=amplifier_stage Member=Component D301 Diode
Added Member To Class: ClassName=amplifier_stage Member=Component D301 1N4007
Added Member To Class: ClassName=switches_connectors Member=Component Fx_switches_3V3 Header 1x6
Added Member To Class: ClassName=shift_registers Member=Component Fx_switches_gpio Header 1x6
Added Member To Class: ClassName=switches_connectors Member=Component J201 Header 1x3
Added Member To Class: ClassName=switches_connectors Member=Component Q202 ModelNum
Add Class Member: Failed to add class member : Component R206
