Removed Pin From Net: NetName=VCC_USB_DUAL Pin=FX Switches 5V-1
Removed Pin From Net: NetName=VCC_USB_DUAL Pin=FX Switches 5V-2
Removed Pin From Net: NetName=VCC_USB_DUAL Pin=FX Switches 5V-3
Removed Pin From Net: NetName=VCC_USB_DUAL Pin=FX Switches 5V-4
Removed Pin From Net: NetName=VCC_USB_DUAL Pin=FX Switches 5V-5
Removed Pin From Net: NetName=VCC_USB_DUAL Pin=FX Switches 5V-6
Removed Pin From Net: NetName=VCC_USB_DUAL Pin=FX Switches 5V-7
Removed Pin From Net: NetName=I2C_SDA Pin=LCD200-2
Removed Pin From Net: NetName=I2C_SCL Pin=LCD200-3
Removed Pin From Net: NetName=VCC_3V3 Pin=LCD200-4
Removed Pin From Net: NetName=GPIO4 Pin=MENU_CTRL200-2
Removed Pin From Net: NetName=NetC509_2 Pin=Q501-3
Removed Pin From Net: NetName=GPIO4 Pin=R200-2
Removed Pin From Net: NetName=I2C_SCL Pin=R201-1
Removed Pin From Net: NetName=VCC_3V3 Pin=R201-2
Removed Pin From Net: NetName=I2C_SDA Pin=R202-1
Removed Pin From Net: NetName=VCC_3V3 Pin=R202-2
Removed Pin From Net: NetName=+1V75 Pin=TP+1V75-TP
Removed Pin From Net: NetName=+2V Pin=TP+2V-TP
Removed Pin From Net: NetName=VCC_USB_DUAL Pin=TP+5V-TP
Removed Pin From Net: NetName=-1V75 Pin=TP-1V75-TP
Removed Pin From Net: NetName=-5V Pin=TP-5V-TP
Removed Pin From Net: NetName=NetC509_1 Pin=TP_bridge_NEG-TP
Removed Pin From Net: NetName=NetC508_2 Pin=TP_bridge_POS-TP
Removed Pin From Net: NetName=GND Pin=TPGND-TP
Removed Member From Class: ClassName=main Member=TP+1V75
Removed Member From Class: ClassName=main Member=TP+2V
Removed Member From Class: ClassName=main Member=TP+5V
Removed Member From Class: ClassName=main Member=TP-1V75
Removed Member From Class: ClassName=main Member=TP-5V
Removed Member From Class: ClassName=power_supply Member=TP_bridge_NEG
Removed Member From Class: ClassName=power_supply Member=TP_bridge_POS
Removed Member From Class: ClassName=main Member=TPGND
Change Component Footprint: Designator=C514 Old Footprint=Cap Lyt Ø8 New Footprint=Cap Lyt Ø18
Change Component Footprint: Designator=C515 Old Footprint=Cap Lyt Ø8 New Footprint=Cap Lyt Ø18
Change Component Designator: OldDesignator=FX Switches 5V NewDesignator=FX Switches 3V3
Change component parameters: Designator = "C203" ("C203"); Footprint = "Cap-1"; UniqueID = "\NHEAHWSS" ("\NHEAHWSS")
Change component parameters (AddParameter): Name = "Value"; Value = "100nF"; VariantName = "[No Variations]"
Change component parameters: Designator = "C300" ("C300"); Footprint = "Cap-1"; UniqueID = "\UZCZPXUD" ("\UZCZPXUD")
Change component parameters (AddParameter): Name = "Value"; Value = "12nF"; VariantName = "[No Variations]"
Change component parameters: Designator = "C301" ("C301"); Footprint = "Cap-1"; UniqueID = "\JWSWNTOQ" ("\JWSWNTOQ")
Change component parameters (AddParameter): Name = "Value"; Value = "5N5F"; VariantName = "[No Variations]"
Change component parameters: Designator = "C500" ("C500"); Footprint = "Cap-1"; UniqueID = "\IOVYYKNC" ("\IOVYYKNC")
Change component parameters (AddParameter): Name = "Value"; Value = "100nF"; VariantName = "[No Variations]"
Change component parameters: Designator = "C501" ("C501"); Footprint = "Cap-1"; UniqueID = "\DJLHGBJY" ("\DJLHGBJY")
Change component parameters (AddParameter): Name = "Value"; Value = "1uF"; VariantName = "[No Variations]"
Change component parameters: Designator = "C502" ("C502"); Footprint = "Cap-1"; UniqueID = "\FPRSXLBO" ("\FPRSXLBO")
Change component parameters (AddParameter): Name = "Value"; Value = "100nF"; VariantName = "[No Variations]"
Change component parameters: Designator = "C503" ("C503"); Footprint = "Cap-1"; UniqueID = "\IPNSWQKG" ("\IPNSWQKG")
Change component parameters (AddParameter): Name = "Value"; Value = "1uF"; VariantName = "[No Variations]"
Change component parameters: Designator = "C504" ("C504"); Footprint = "Cap-1"; UniqueID = "\GAQVEBYT" ("\GAQVEBYT")
Change component parameters (AddParameter): Name = "Value"; Value = "100nF"; VariantName = "[No Variations]"
Change component parameters: Designator = "C505" ("C505"); Footprint = "Cap-1"; UniqueID = "\GAVJKEQV" ("\GAVJKEQV")
Change component parameters (AddParameter): Name = "Value"; Value = "1uF"; VariantName = "[No Variations]"
Change component parameters: Designator = "C506" ("C506"); Footprint = "Cap-1"; UniqueID = "\FALPEUUJ" ("\FALPEUUJ")
Change component parameters (AddParameter): Name = "Value"; Value = "100nF"; VariantName = "[No Variations]"
Change component parameters: Designator = "C507" ("C507"); Footprint = "Cap-1"; UniqueID = "\UTHXGKUY" ("\UTHXGKUY")
Change component parameters (AddParameter): Name = "Value"; Value = "1uF"; VariantName = "[No Variations]"
Change component parameters: Designator = "C510" ("C510"); Footprint = "Cap Lyt Ø18"; UniqueID = "\OFGHIAEB" ("\OFGHIAEB")
Change component parameters (AddParameter): Name = "Value"; Value = "1000uF"; VariantName = "[No Variations]"
Change component parameters: Designator = "C511" ("C511"); Footprint = "Cap Lyt Ø18"; UniqueID = "\HVHPEXMS" ("\HVHPEXMS")
Change component parameters (AddParameter): Name = "Value"; Value = "1000uF"; VariantName = "[No Variations]"
Change component parameters: Designator = "C512" ("C512"); Footprint = "Cap Lyt Ø18"; UniqueID = "\QVQOTPST" ("\QVQOTPST")
Change component parameters (AddParameter): Name = "Value"; Value = "1000uF"; VariantName = "[No Variations]"
Change component parameters: Designator = "C513" ("C513"); Footprint = "Cap Lyt Ø18"; UniqueID = "\TXPJVQPJ" ("\TXPJVQPJ")
Change component parameters (AddParameter): Name = "Value"; Value = "1000uF"; VariantName = "[No Variations]"
Change component parameters: Designator = "C514" ("C514"); Footprint = "Cap Lyt Ø8"; UniqueID = "\MIKTSUGC" ("\MIKTSUGC")
Change component parameters (AddParameter): Name = "Value"; Value = "220uF"; VariantName = "[No Variations]"
Change component parameters: Designator = "C515" ("C515"); Footprint = "Cap Lyt Ø8"; UniqueID = "\LRQUMJYM" ("\LRQUMJYM")
Change component parameters (AddParameter): Name = "Value"; Value = "220uF"; VariantName = "[No Variations]"
Change component parameters: Designator = "C516" ("C516"); Footprint = "Cap-1"; UniqueID = "\QUIDARRB" ("\QUIDARRB")
Change component parameters (AddParameter): Name = "Value"; Value = "100nF"; VariantName = "[No Variations]"
Change component parameters: Designator = "C517" ("C517"); Footprint = "Cap-1"; UniqueID = "\MUAFVYCG" ("\MUAFVYCG")
Change component parameters (AddParameter): Name = "Value"; Value = "100nF"; VariantName = "[No Variations]"
Change component parameters: Designator = "Pot500" ("Pot500"); Footprint = "Pot trim slim high"; UniqueID = "\LHVPJJFY" ("\LHVPJJFY")
Change component parameters (AddParameter): Name = "Value"; Value = "1k"; VariantName = "[No Variations]"
Change component parameters: Designator = "Pot501" ("Pot501"); Footprint = "Pot trim slim high"; UniqueID = "\CGFTMLQQ" ("\CGFTMLQQ")
Change component parameters (AddParameter): Name = "Value"; Value = "1k"; VariantName = "[No Variations]"
Change component parameters: Designator = "Pot502" ("Pot502"); Footprint = "Pot trim slim high"; UniqueID = "\TKGFRTJU" ("\TKGFRTJU")
Change component parameters (AddParameter): Name = "Value"; Value = "1k"; VariantName = "[No Variations]"
Change component parameters: Designator = "R201" ("R201"); Footprint = "AXIAL-0.4 PCBK"; UniqueID = "\SFZRDZKT" ("\SFZRDZKT")
Change component parameters (AddParameter): Name = "LatestRevisionDate"; Value = "17-Jul-2002"; VariantName = "[No Variations]"
Change component parameters (AddParameter): Name = "LatestRevisionNote"; Value = "Re-released for DXP Platform."; VariantName = "[No Variations]"
Change component parameters (AddParameter): Name = "PackageReference"; Value = "AXIAL-0.4"; VariantName = "[No Variations]"
Change component parameters (AddParameter): Name = "Published"; Value = "8-Jun-2000"; VariantName = "[No Variations]"
Change component parameters (AddParameter): Name = "Publisher"; Value = "Altium Limited"; VariantName = "[No Variations]"
Change component parameters (AddParameter): Name = "Value"; Value = "4k7"; VariantName = "[No Variations]"
Change component parameters: Designator = "R202" ("R202"); Footprint = "AXIAL-0.4 PCBK"; UniqueID = "\JXVVOHMC" ("\JXVVOHMC")
Change component parameters (AddParameter): Name = "LatestRevisionDate"; Value = "17-Jul-2002"; VariantName = "[No Variations]"
Change component parameters (AddParameter): Name = "LatestRevisionNote"; Value = "Re-released for DXP Platform."; VariantName = "[No Variations]"
Change component parameters (AddParameter): Name = "PackageReference"; Value = "AXIAL-0.4"; VariantName = "[No Variations]"
Change component parameters (AddParameter): Name = "Published"; Value = "8-Jun-2000"; VariantName = "[No Variations]"
Change component parameters (AddParameter): Name = "Publisher"; Value = "Altium Limited"; VariantName = "[No Variations]"
Change component parameters (AddParameter): Name = "Value"; Value = "4k7"; VariantName = "[No Variations]"
Added Component: Designator=J200(Header 1x3)
Added Component: Designator=K100(Wire 1.5mm)
Added Component: Designator=K101(Wire 1.5mm)
Added Component: Designator=K102(Wire 1.5mm)
Added Component: Designator=K103(Wire 1.5mm)
Added Component: Designator=K104(Wire 1.5mm)
Added Component: Designator=K105(Wire 1.5mm)
Added Component: Designator=K500(Wire 0.8mm)
Added Component: Designator=K501(Wire 0.8mm)
Added Component: Designator=MENU_CTRL201(Header 1x3)
Added Component: Designator=Q200(TO-92_straight)
Add component (AddParameter): Name = "Model"; Value = "ModelNumber"; VariantName = "[No Variations]"
Added Component: Designator=Q201(TO-92_straight)
Add component (AddParameter): Name = "Model"; Value = "ModelNumber"; VariantName = "[No Variations]"
Add Component: Footprint Not Found AXIAL-0.4 PCBK
Add Component: Footprint Not Found AXIAL-0.4 PCBK
Add Component: Footprint Not Found AXIAL-0.4 PCBK
Added Pin To Net: NetName=VCC_3V3 Pin=FX Switches 3V3-1
Added Pin To Net: NetName=VCC_3V3 Pin=FX Switches 3V3-2
Added Pin To Net: NetName=VCC_3V3 Pin=FX Switches 3V3-3
Added Pin To Net: NetName=VCC_3V3 Pin=FX Switches 3V3-4
Added Pin To Net: NetName=VCC_3V3 Pin=FX Switches 3V3-5
Added Pin To Net: NetName=VCC_3V3 Pin=FX Switches 3V3-6
Added Pin To Net: NetName=VCC_3V3 Pin=FX Switches 3V3-7
Added Pin To Net: NetName=NetC301_2 Pin=J200-1
Added Pin To Net: NetName=NetD300_1 Pin=J200-3
Added Pin To Net: NetName=GND Pin=K100-1
Added Pin To Net: NetName=-1V75 Pin=K101-1
Added Pin To Net: NetName=+1V75 Pin=K102-1
Added Pin To Net: NetName=+2V Pin=K103-1
Added Pin To Net: NetName=-5V Pin=K104-1
Added Pin To Net: NetName=VCC_USB_DUAL Pin=K105-1
Added Pin To Net: NetName=NetC508_2 Pin=K500-1
Added Pin To Net: NetName=NetC509_1 Pin=K501-1
Added Pin To Net: NetName=VCC_USB_DUAL Pin=LCD200-4
Added Pin To Net: NetName=VCC_3V3 Pin=MENU_CTRL201-3
Added Pin To Net: NetName=VCC_3V3 Pin=Q200-1
Added Pin To Net: NetName=I2C_SDA Pin=Q200-2
Added Pin To Net: NetName=VCC_3V3 Pin=Q201-1
Added Pin To Net: NetName=I2C_SCL Pin=Q201-2
Add Pin To Net: Unknown Pin: Pin Q500-4
Added Pin To Net: NetName=NetC509_2 Pin=Q501-1
Added Pin To Net: NetName=NetC509_1 Pin=Q501-3
Added Pin To Net: NetName=VCC_USB_DUAL Pin=R201-2
Added Pin To Net: NetName=VCC_USB_DUAL Pin=R202-2
Add Pin To Net: Unknown Pin: Pin R203-1
Add Pin To Net: Unknown Pin: Pin R204-1
Add Pin To Net: Unknown Pin: Pin R204-2
Add Pin To Net: Unknown Pin: Pin R205-1
Add Pin To Net: Unknown Pin: Pin R205-2
Added Pin To Net: NetName=NetLCD200_2 Pin=LCD200-2
Added Pin To Net: NetName=NetLCD200_2 Pin=R202-1
Added Pin To Net: NetName=NetLCD200_2 Pin=Q201-3
Added Net: Name=NetLCD200_2
Added Pin To Net: NetName=NetLCD200_3 Pin=LCD200-3
Added Pin To Net: NetName=NetLCD200_3 Pin=R201-1
Added Pin To Net: NetName=NetLCD200_3 Pin=Q200-3
Added Net: Name=NetLCD200_3
Added Pin To Net: NetName=NetMENU_CTRL200_2 Pin=MENU_CTRL200-2
Added Pin To Net: NetName=NetMENU_CTRL200_2 Pin=R200-2
Added Net: Name=NetMENU_CTRL200_2
Added Pin To Net: NetName=NetMENU_CTRL201_2 Pin=MENU_CTRL201-2
Added Net: Name=NetMENU_CTRL201_2
Added Member To Class: ClassName=amplifier_stage Member=Component D300 Diode
Added Member To Class: ClassName=amplifier_stage Member=Component D301 Diode
Added Member To Class: ClassName=switches_connectors Member=Component J200 Header 1x3
Added Member To Class: ClassName=main Member=Component K100 Wire
Added Member To Class: ClassName=main Member=Component K101 Wire
Added Member To Class: ClassName=main Member=Component K102 Wire
Added Member To Class: ClassName=main Member=Component K103 Wire
Added Member To Class: ClassName=main Member=Component K104 Wire
Added Member To Class: ClassName=main Member=Component K105 Wire
Added Member To Class: ClassName=power_supply Member=Component K500 Wire
Added Member To Class: ClassName=power_supply Member=Component K501 Wire
Added Member To Class: ClassName=switches_connectors Member=Component MENU_CTRL201 Header 1x3
Added Member To Class: ClassName=switches_connectors Member=Component Q200 ModelNum
Added Member To Class: ClassName=switches_connectors Member=Component Q201 ModelNum
Add Class Member: Failed to add class member : Component R203 Res2
Add Class Member: Failed to add class member : Component R204
Add Class Member: Failed to add class member : Component R205
