Removed Pin From Net: NetName=+1V75 Pin=D300-2
Removed Pin From Net: NetName=-1V75 Pin=D301-1
Removed Pin From Net: NetName=+1V75 Pin=D500-1
Removed Pin From Net: NetName=+6V Pin=D500-2
Removed Pin From Net: NetName=-6V Pin=D501-1
Removed Pin From Net: NetName=-1V75 Pin=D501-2
Removed Pin From Net: NetName=+2V Pin=D502-1
Removed Pin From Net: NetName=+6V Pin=D502-2
Removed Pin From Net: NetName=NetC509_1 Pin=D503-1
Removed Pin From Net: NetName=NetC508_2 Pin=D504-2
Removed Pin From Net: NetName=NetC509_1 Pin=D505-1
Removed Pin From Net: NetName=NetC508_2 Pin=D506-2
Removed Member From Class: ClassName=power_supply Member=D500
Removed Member From Class: ClassName=power_supply Member=D501
Removed Member From Class: ClassName=power_supply Member=D502
Removed Member From Class: ClassName=power_supply Member=D503
Removed Member From Class: ClassName=power_supply Member=D504
Removed Member From Class: ClassName=power_supply Member=D505
Removed Member From Class: ClassName=power_supply Member=D506
Change Component Footprint: Designator=D300 Old Footprint=1N4007 New Footprint=SMB
Change Component Footprint: Designator=D301 Old Footprint=1N4007 New Footprint=SMB
Change Component Comment : Designator=D300 Old Comment=1N4007 New Comment=Diode
Change Component Comment : Designator=D301 Old Comment=1N4007 New Comment=Diode
Change component parameters: Designator = "D300" ("D300"); Footprint = "1N4007"; UniqueID = "\BEWBNYNE" ("\BEWBNYNE")
Change component parameters (AddParameter): Name = "Model"; Value = "Model"; VariantName = "[No Variations]"
Change component parameters: Designator = "D301" ("D301"); Footprint = "1N4007"; UniqueID = "\WQYQUDLQ" ("\WQYQUDLQ")
Change component parameters (AddParameter): Name = "Model"; Value = "Model"; VariantName = "[No Variations]"
Added Component: Designator=*500(1N4007)
Added Component: Designator=*501(1N4007)
Added Component: Designator=*502(1N4007)
Added Component: Designator=*503(1N4007)
Added Component: Designator=*504(1N4007)
Added Component: Designator=*505(1N4007)
Added Component: Designator=*506(1N4007)
Added Component: Designator=D302(SMB)
Add component (AddParameter): Name = "Model"; Value = "Model"; VariantName = "[No Variations]"
Added Component: Designator=D303(SMB)
Add component (AddParameter): Name = "Model"; Value = "Model"; VariantName = "[No Variations]"
Added Pin To Net: NetName=+1V75 Pin=*500-1
Added Pin To Net: NetName=+6V Pin=*500-2
Added Pin To Net: NetName=-6V Pin=*501-1
Added Pin To Net: NetName=-1V75 Pin=*501-2
Added Pin To Net: NetName=NetC509_1 Pin=*502-1
Added Pin To Net: NetName=NetC508_2 Pin=*503-2
Added Pin To Net: NetName=NetC509_1 Pin=*504-1
Added Pin To Net: NetName=NetC508_2 Pin=*505-2
Added Pin To Net: NetName=+2V Pin=*506-1
Added Pin To Net: NetName=+6V Pin=*506-2
Added Pin To Net: NetName=+1V75 Pin=D302-2
Added Pin To Net: NetName=-1V75 Pin=D303-1
Add Pin To Net: Unknown Pin: Pin Q500-4
Added Pin To Net: NetName=NetC509_1 Pin=Q501-3
Change Net Name : Old Net Name=NetC508_2 New Net Name=Net*503_2
Change Net Name : Old Net Name=NetC509_1 New Net Name=Net*502_1
Added Pin To Net: NetName=Net*502_2 Pin=*502-2
Added Pin To Net: NetName=Net*502_2 Pin=*503-1
Added Pin To Net: NetName=Net*502_2 Pin=S500-1
Added Net: Name=Net*502_2
Added Pin To Net: NetName=Net*504_2 Pin=*504-2
Added Pin To Net: NetName=Net*504_2 Pin=*505-1
Added Pin To Net: NetName=Net*504_2 Pin=S500-3
Added Net: Name=Net*504_2
Added Pin To Net: NetName=NetD302_1 Pin=D302-1
Added Pin To Net: NetName=NetD302_1 Pin=D303-2
Added Pin To Net: NetName=NetD302_1 Pin=J300-T
Added Pin To Net: NetName=NetD302_1 Pin=U300-3
Added Net: Name=NetD302_1
Added Member To Class: ClassName=power_supply Member=Component *500 1N4007
Added Member To Class: ClassName=power_supply Member=Component *501 1N4007
Added Member To Class: ClassName=power_supply Member=Component *502 1N4007
Added Member To Class: ClassName=power_supply Member=Component *503 1N4007
Added Member To Class: ClassName=power_supply Member=Component *504 1N4007
Added Member To Class: ClassName=power_supply Member=Component *505 1N4007
Added Member To Class: ClassName=power_supply Member=Component *506 1N4007
Added Member To Class: ClassName=amplifier_stage Member=Component D302 Diode
Added Member To Class: ClassName=amplifier_stage Member=Component D303 Diode
