Added Component: Designator=C200(Cap-1)
Add component (AddParameter): Name = "Value"; Value = "100nF"; VariantName = "[No Variations]"
Added Component: Designator=C300(Cap-1)
Add component (AddParameter): Name = "Value"; Value = "12nF"; VariantName = "[No Variations]"
Added Component: Designator=C301(Cap-1)
Add component (AddParameter): Name = "Value"; Value = "12nF"; VariantName = "[No Variations]"
Added Component: Designator=C302(Cap-1)
Add component (AddParameter): Name = "Value"; Value = "100nF"; VariantName = "[No Variations]"
Added Component: Designator=C303(Cap-1)
Add component (AddParameter): Name = "Value"; Value = "100nF"; VariantName = "[No Variations]"
Added Component: Designator=C304(Cap-1)
Add component (AddParameter): Name = "Value"; Value = "5N5F"; VariantName = "[No Variations]"
Added Component: Designator=C305(Cap-1)
Add component (AddParameter): Name = "Value"; Value = "5N5F"; VariantName = "[No Variations]"
Added Component: Designator=C500(Cap-1)
Add component (AddParameter): Name = "Value"; Value = "100nF"; VariantName = "[No Variations]"
Added Component: Designator=C501(Cap-1)
Add component (AddParameter): Name = "Value"; Value = "1uF"; VariantName = "[No Variations]"
Added Component: Designator=C502(Cap-1)
Add component (AddParameter): Name = "Value"; Value = "100nF"; VariantName = "[No Variations]"
Added Component: Designator=C503(Cap-1)
Add component (AddParameter): Name = "Value"; Value = "1uF"; VariantName = "[No Variations]"
Added Component: Designator=C504(Cap-1)
Add component (AddParameter): Name = "Value"; Value = "100nF"; VariantName = "[No Variations]"
Added Component: Designator=C505(Cap-1)
Add component (AddParameter): Name = "Value"; Value = "1uF"; VariantName = "[No Variations]"
Added Component: Designator=C506(Cap-1)
Add component (AddParameter): Name = "Value"; Value = "100nF"; VariantName = "[No Variations]"
Added Component: Designator=C507(Cap-1)
Add component (AddParameter): Name = "Value"; Value = "1uF"; VariantName = "[No Variations]"
Added Component: Designator=C508(Cap-1)
Add component (AddParameter): Name = "Value"; Value = "10uF"; VariantName = "[No Variations]"
Added Component: Designator=C509(Cap-1)
Add component (AddParameter): Name = "Value"; Value = "10uF"; VariantName = "[No Variations]"
Added Component: Designator=C510(Cap-1)
Add component (AddParameter): Name = "Value"; Value = "100nF"; VariantName = "[No Variations]"
Added Component: Designator=C511(Cap-1)
Add component (AddParameter): Name = "Value"; Value = "1uF"; VariantName = "[No Variations]"
Added Component: Designator=C600(Cap Lyt Ø18)
Add component (AddParameter): Name = "Value"; Value = "1000uF"; VariantName = "[No Variations]"
Added Component: Designator=C601(Cap Lyt Ø18)
Add component (AddParameter): Name = "Value"; Value = "1000uF"; VariantName = "[No Variations]"
Added Component: Designator=C602(Cap Lyt Ø8)
Add component (AddParameter): Name = "Value"; Value = "220uF"; VariantName = "[No Variations]"
Added Component: Designator=C603(Cap-1)
Add component (AddParameter): Name = "Value"; Value = "1uF"; VariantName = "[No Variations]"
Added Component: Designator=C604(Cap Lyt Ø18)
Add component (AddParameter): Name = "Value"; Value = "1000uF"; VariantName = "[No Variations]"
Added Component: Designator=C605(Cap Lyt Ø18)
Add component (AddParameter): Name = "Value"; Value = "1000uF"; VariantName = "[No Variations]"
Added Component: Designator=C606(Cap Lyt Ø8)
Add component (AddParameter): Name = "Value"; Value = "220uF"; VariantName = "[No Variations]"
Added Component: Designator=C607(Cap-1)
Add component (AddParameter): Name = "Value"; Value = "1uF"; VariantName = "[No Variations]"
Added Component: Designator=D200(SMB)
Add component (AddParameter): Name = "Model"; Value = "Model"; VariantName = "[No Variations]"
Added Component: Designator=D300(1N4007)
Added Component: Designator=D301(1N4007)
Added Component: Designator=D500(1N4007)
Added Component: Designator=D501(1N4007)
Added Component: Designator=D502(1N4007)
Added Component: Designator=D600(Diode 1A)
Added Component: Designator=D601(Diode 1A)
Added Component: Designator=D602(Diode 1A)
Added Component: Designator=D603(Diode 1A)
Added Component: Designator=DSP_IN300(3.5MMJACK_STEREO)
Added Component: Designator=DSP_OUT300(3.5MMJACK_STEREO)
Added Component: Designator=FX_LOOP_IN300(FP-NMJ4HFD2-MFG)
Add component (AddParameter): Name = "Automotive"; Value = "No"; VariantName = "[No Variations]"
Add component (AddParameter): Name = "Category"; Value = "Conn"; VariantName = "[No Variations]"
Add component (AddParameter): Name = "ComponentLink2Description"; Value = "Datasheet"; VariantName = "[No Variations]"
Add component (AddParameter): Name = "ComponentLink2URL"; Value = "https://www.neutrik.com/en/product/nmj4hfd2.pdf"; VariantName = "[No Variations]"
Add component (AddParameter): Name = "Conn Orientation"; Value = "Horizontal"; VariantName = "[No Variations]"
Add component (AddParameter): Name = "Contact Material"; Value = "Silver"; VariantName = "[No Variations]"
Add component (AddParameter): Name = "Current Rating"; Value = "0.5A"; VariantName = "[No Variations]"
Add component (AddParameter): Name = "Device Class L1"; Value = "Connectors"; VariantName = "[No Variations]"
Add component (AddParameter): Name = "Device Class L2"; Value = "Audio / Video Connectors"; VariantName = "[No Variations]"
Add component (AddParameter): Name = "Device Class L3"; Value = "unset"; VariantName = "[No Variations]"
Add component (AddParameter): Name = "Footprint Url"; Value = "https://www.neutrik.com/media/8576/download/st-nmj4hfd2.pdf?v=1"; VariantName = "[No Variations]"
Add component (AddParameter): Name = "Height"; Value = "15.89mm"; VariantName = "[No Variations]"
Add component (AddParameter): Name = "Is Female"; Value = "yes"; VariantName = "[No Variations]"
Add component (AddParameter): Name = "Lead Free"; Value = "Yes"; VariantName = "[No Variations]"
Add component (AddParameter): Name = "Manufacturer"; Value = "Neutrik"; VariantName = "[No Variations]"
Add component (AddParameter): Name = "Manufacturer Part Number"; Value = "NMJ4HFD2"; VariantName = "[No Variations]"
Add component (AddParameter): Name = "Mouser Description"; Value = "Phone Audio Connector, Socket, 2, PCB Mount, Metal Body, Silver Plated Contacts"; VariantName = "[No Variations]"
Add component (AddParameter): Name = "Number Of Contacts"; Value = "2"; VariantName = "[No Variations]"
Add component (AddParameter): Name = "Octopart"; Value = "https://octopart.com/nmj4hfd2-neutrik-758952"; VariantName = "[No Variations]"
Add component (AddParameter): Name = "Package"; Value = "0"; VariantName = "[No Variations]"
Add component (AddParameter): Name = "RoHS"; Value = "TRUE"; VariantName = "[No Variations]"
Add component (AddParameter): Name = "Temperature"; Value = "-25°C to +70°C"; VariantName = "[No Variations]"
Add component (AddParameter): Name = "Temperature Range High"; Value = "+70°C"; VariantName = "[No Variations]"
Add component (AddParameter): Name = "Temperature Range Low"; Value = "-25°C"; VariantName = "[No Variations]"
Add component (AddParameter): Name = "Voltage Rating"; Value = "50V"; VariantName = "[No Variations]"
Added Component: Designator=Fx_switches_200(Header 1x6)
Added Component: Designator=Fx_switches_gpio400(Header 1x6)
Added Component: Designator=GUITAR_IN300(FP-NMJ4HFD2-MFG)
Add component (AddParameter): Name = "Automotive"; Value = "No"; VariantName = "[No Variations]"
Add component (AddParameter): Name = "Category"; Value = "Conn"; VariantName = "[No Variations]"
Add component (AddParameter): Name = "ComponentLink2Description"; Value = "Datasheet"; VariantName = "[No Variations]"
Add component (AddParameter): Name = "ComponentLink2URL"; Value = "https://www.neutrik.com/en/product/nmj4hfd2.pdf"; VariantName = "[No Variations]"
Add component (AddParameter): Name = "Conn Orientation"; Value = "Horizontal"; VariantName = "[No Variations]"
Add component (AddParameter): Name = "Contact Material"; Value = "Silver"; VariantName = "[No Variations]"
Add component (AddParameter): Name = "Current Rating"; Value = "0.5A"; VariantName = "[No Variations]"
Add component (AddParameter): Name = "Device Class L1"; Value = "Connectors"; VariantName = "[No Variations]"
Add component (AddParameter): Name = "Device Class L2"; Value = "Audio / Video Connectors"; VariantName = "[No Variations]"
Add component (AddParameter): Name = "Device Class L3"; Value = "unset"; VariantName = "[No Variations]"
Add component (AddParameter): Name = "Footprint Url"; Value = "https://www.neutrik.com/media/8576/download/st-nmj4hfd2.pdf?v=1"; VariantName = "[No Variations]"
Add component (AddParameter): Name = "Height"; Value = "15.89mm"; VariantName = "[No Variations]"
Add component (AddParameter): Name = "Is Female"; Value = "yes"; VariantName = "[No Variations]"
Add component (AddParameter): Name = "Lead Free"; Value = "Yes"; VariantName = "[No Variations]"
Add component (AddParameter): Name = "Manufacturer"; Value = "Neutrik"; VariantName = "[No Variations]"
Add component (AddParameter): Name = "Manufacturer Part Number"; Value = "NMJ4HFD2"; VariantName = "[No Variations]"
Add component (AddParameter): Name = "Mouser Description"; Value = "Phone Audio Connector, Socket, 2, PCB Mount, Metal Body, Silver Plated Contacts"; VariantName = "[No Variations]"
Add component (AddParameter): Name = "Number Of Contacts"; Value = "2"; VariantName = "[No Variations]"
Add component (AddParameter): Name = "Octopart"; Value = "https://octopart.com/nmj4hfd2-neutrik-758952"; VariantName = "[No Variations]"
Add component (AddParameter): Name = "Package"; Value = "0"; VariantName = "[No Variations]"
Add component (AddParameter): Name = "RoHS"; Value = "TRUE"; VariantName = "[No Variations]"
Add component (AddParameter): Name = "Temperature"; Value = "-25°C to +70°C"; VariantName = "[No Variations]"
Add component (AddParameter): Name = "Temperature Range High"; Value = "+70°C"; VariantName = "[No Variations]"
Add component (AddParameter): Name = "Temperature Range Low"; Value = "-25°C"; VariantName = "[No Variations]"
Add component (AddParameter): Name = "Voltage Rating"; Value = "50V"; VariantName = "[No Variations]"
Added Component: Designator=GUITAR_OUT300(FP-NMJ4HFD2-MFG)
Add component (AddParameter): Name = "Automotive"; Value = "No"; VariantName = "[No Variations]"
Add component (AddParameter): Name = "Category"; Value = "Conn"; VariantName = "[No Variations]"
Add component (AddParameter): Name = "ComponentLink2Description"; Value = "Datasheet"; VariantName = "[No Variations]"
Add component (AddParameter): Name = "ComponentLink2URL"; Value = "https://www.neutrik.com/en/product/nmj4hfd2.pdf"; VariantName = "[No Variations]"
Add component (AddParameter): Name = "Conn Orientation"; Value = "Horizontal"; VariantName = "[No Variations]"
Add component (AddParameter): Name = "Contact Material"; Value = "Silver"; VariantName = "[No Variations]"
Add component (AddParameter): Name = "Current Rating"; Value = "0.5A"; VariantName = "[No Variations]"
Add component (AddParameter): Name = "Device Class L1"; Value = "Connectors"; VariantName = "[No Variations]"
Add component (AddParameter): Name = "Device Class L2"; Value = "Audio / Video Connectors"; VariantName = "[No Variations]"
Add component (AddParameter): Name = "Device Class L3"; Value = "unset"; VariantName = "[No Variations]"
Add component (AddParameter): Name = "Footprint Url"; Value = "https://www.neutrik.com/media/8576/download/st-nmj4hfd2.pdf?v=1"; VariantName = "[No Variations]"
Add component (AddParameter): Name = "Height"; Value = "15.89mm"; VariantName = "[No Variations]"
Add component (AddParameter): Name = "Is Female"; Value = "yes"; VariantName = "[No Variations]"
Add component (AddParameter): Name = "Lead Free"; Value = "Yes"; VariantName = "[No Variations]"
Add component (AddParameter): Name = "Manufacturer"; Value = "Neutrik"; VariantName = "[No Variations]"
Add component (AddParameter): Name = "Manufacturer Part Number"; Value = "NMJ4HFD2"; VariantName = "[No Variations]"
Add component (AddParameter): Name = "Mouser Description"; Value = "Phone Audio Connector, Socket, 2, PCB Mount, Metal Body, Silver Plated Contacts"; VariantName = "[No Variations]"
Add component (AddParameter): Name = "Number Of Contacts"; Value = "2"; VariantName = "[No Variations]"
Add component (AddParameter): Name = "Octopart"; Value = "https://octopart.com/nmj4hfd2-neutrik-758952"; VariantName = "[No Variations]"
Add component (AddParameter): Name = "Package"; Value = "0"; VariantName = "[No Variations]"
Add component (AddParameter): Name = "RoHS"; Value = "TRUE"; VariantName = "[No Variations]"
Add component (AddParameter): Name = "Temperature"; Value = "-25°C to +70°C"; VariantName = "[No Variations]"
Add component (AddParameter): Name = "Temperature Range High"; Value = "+70°C"; VariantName = "[No Variations]"
Add component (AddParameter): Name = "Temperature Range Low"; Value = "-25°C"; VariantName = "[No Variations]"
Add component (AddParameter): Name = "Voltage Rating"; Value = "50V"; VariantName = "[No Variations]"
Added Component: Designator=J100(Header 1x4)
Added Component: Designator=J101(Header 1x10)
Added Component: Designator=J200(Header 1x3)
Added Component: Designator=J201(Header 1x3)
Added Component: Designator=J400(Header 1x3)
Added Component: Designator=J401(Header 1x3)
Added Component: Designator=J402(Header 1x3)
Added Component: Designator=J403(Header 1x3)
Added Component: Designator=J404(Header 1x3)
Added Component: Designator=J405(Header 1x3)
Added Component: Designator=K100(Wire 1.5mm)
Added Component: Designator=K101(Wire 1.5mm)
Added Component: Designator=K102(Wire 1.5mm)
Added Component: Designator=K103(Wire 1.5mm)
Added Component: Designator=K104(Wire 1.5mm)
Added Component: Designator=K105(Wire 1.5mm)
Added Component: Designator=K106(Wire 1.5mm)
Added Component: Designator=K200(FP-1393280-6-MFG)
Add component (AddParameter): Name = "Ambient Temperature Range High"; Value = "+105°C"; VariantName = "[No Variations]"
Add component (AddParameter): Name = "Ambient Temperature Range Low"; Value = "-40°C"; VariantName = "[No Variations]"
Add component (AddParameter): Name = "Automotive"; Value = "No"; VariantName = "[No Variations]"
Add component (AddParameter): Name = "Category"; Value = "Relay"; VariantName = "[No Variations]"
Add component (AddParameter): Name = "Coil Power"; Value = "567mW"; VariantName = "[No Variations]"
Add component (AddParameter): Name = "Coil Resistance"; Value = "254O"; VariantName = "[No Variations]"
Add component (AddParameter): Name = "Coil Type"; Value = "Non-Latching"; VariantName = "[No Variations]"
Add component (AddParameter): Name = "Coil Voltage"; Value = "12V"; VariantName = "[No Variations]"
Add component (AddParameter): Name = "ComponentLink2Description"; Value = "Datasheet"; VariantName = "[No Variations]"
Add component (AddParameter): Name = "ComponentLink2URL"; Value = "https://www.te.com/commerce/DocumentDelivery/DDEController?Action=showdoc&DocId=Data+Sheet%7FV23086-X0000-A001%7F0717%7Fpdf%7FEnglish%7FENG_DS_V23086-X0000-A001_0717.pdf%7F1393280-6"; VariantName = "[No Variations]"
Add component (AddParameter): Name = "Current Rating"; Value = "30A"; VariantName = "[No Variations]"
Add component (AddParameter): Name = "Device Class L1"; Value = "Electromechanical"; VariantName = "[No Variations]"
Add component (AddParameter): Name = "Device Class L2"; Value = "Relays"; VariantName = "[No Variations]"
Add component (AddParameter): Name = "Device Class L3"; Value = "Power Relays"; VariantName = "[No Variations]"
Add component (AddParameter): Name = "Footprint Url"; Value = "https://www.te.com/commerce/DocumentDelivery/DDEController?Action=showdoc&DocId=Customer+Drawing%7FV23086-C1001-A403%7FE%7Fpdf%7FEnglish%7FENG_CD_V23086-C1001-A403_E.pdf%7F1393280-6"; VariantName = "[No Variations]"
Add component (AddParameter): Name = "Height"; Value = "10.1mm"; VariantName = "[No Variations]"
Add component (AddParameter): Name = "Lead Free"; Value = "Yes"; VariantName = "[No Variations]"
Add component (AddParameter): Name = "Manufacturer"; Value = "TE Connectivity"; VariantName = "[No Variations]"
Add component (AddParameter): Name = "Manufacturer Part Number"; Value = "1393280-6"; VariantName = "[No Variations]"
Add component (AddParameter): Name = "Number Of Contacts"; Value = "1"; VariantName = "[No Variations]"
Add component (AddParameter): Name = "Octopart"; Value = "https://octopart.com/1393280-6-te+connectivity-45289632"; VariantName = "[No Variations]"
Add component (AddParameter): Name = "Package"; Value = "1393280-6"; VariantName = "[No Variations]"
Add component (AddParameter): Name = "RoHS"; Value = "TRUE"; VariantName = "[No Variations]"
Add component (AddParameter): Name = "Standoff Height"; Value = "0.3mm"; VariantName = "[No Variations]"
Add component (AddParameter): Name = "Throw Configuration"; Value = "SPDT"; VariantName = "[No Variations]"
Added Component: Designator=K201(FP-1393280-6-MFG)
Add component (AddParameter): Name = "Ambient Temperature Range High"; Value = "+105°C"; VariantName = "[No Variations]"
Add component (AddParameter): Name = "Ambient Temperature Range Low"; Value = "-40°C"; VariantName = "[No Variations]"
Add component (AddParameter): Name = "Automotive"; Value = "No"; VariantName = "[No Variations]"
Add component (AddParameter): Name = "Category"; Value = "Relay"; VariantName = "[No Variations]"
Add component (AddParameter): Name = "Coil Power"; Value = "567mW"; VariantName = "[No Variations]"
Add component (AddParameter): Name = "Coil Resistance"; Value = "254O"; VariantName = "[No Variations]"
Add component (AddParameter): Name = "Coil Type"; Value = "Non-Latching"; VariantName = "[No Variations]"
Add component (AddParameter): Name = "Coil Voltage"; Value = "12V"; VariantName = "[No Variations]"
Add component (AddParameter): Name = "ComponentLink2Description"; Value = "Datasheet"; VariantName = "[No Variations]"
Add component (AddParameter): Name = "ComponentLink2URL"; Value = "https://www.te.com/commerce/DocumentDelivery/DDEController?Action=showdoc&DocId=Data+Sheet%7FV23086-X0000-A001%7F0717%7Fpdf%7FEnglish%7FENG_DS_V23086-X0000-A001_0717.pdf%7F1393280-6"; VariantName = "[No Variations]"
Add component (AddParameter): Name = "Current Rating"; Value = "30A"; VariantName = "[No Variations]"
Add component (AddParameter): Name = "Device Class L1"; Value = "Electromechanical"; VariantName = "[No Variations]"
Add component (AddParameter): Name = "Device Class L2"; Value = "Relays"; VariantName = "[No Variations]"
Add component (AddParameter): Name = "Device Class L3"; Value = "Power Relays"; VariantName = "[No Variations]"
Add component (AddParameter): Name = "Footprint Url"; Value = "https://www.te.com/commerce/DocumentDelivery/DDEController?Action=showdoc&DocId=Customer+Drawing%7FV23086-C1001-A403%7FE%7Fpdf%7FEnglish%7FENG_CD_V23086-C1001-A403_E.pdf%7F1393280-6"; VariantName = "[No Variations]"
Add component (AddParameter): Name = "Height"; Value = "10.1mm"; VariantName = "[No Variations]"
Add component (AddParameter): Name = "Lead Free"; Value = "Yes"; VariantName = "[No Variations]"
Add component (AddParameter): Name = "Manufacturer"; Value = "TE Connectivity"; VariantName = "[No Variations]"
Add component (AddParameter): Name = "Manufacturer Part Number"; Value = "1393280-6"; VariantName = "[No Variations]"
Add component (AddParameter): Name = "Number Of Contacts"; Value = "1"; VariantName = "[No Variations]"
Add component (AddParameter): Name = "Octopart"; Value = "https://octopart.com/1393280-6-te+connectivity-45289632"; VariantName = "[No Variations]"
Add component (AddParameter): Name = "Package"; Value = "1393280-6"; VariantName = "[No Variations]"
Add component (AddParameter): Name = "RoHS"; Value = "TRUE"; VariantName = "[No Variations]"
Add component (AddParameter): Name = "Standoff Height"; Value = "0.3mm"; VariantName = "[No Variations]"
Add component (AddParameter): Name = "Throw Configuration"; Value = "SPDT"; VariantName = "[No Variations]"
Added Component: Designator=K202(Wire 1.5mm)
Added Component: Designator=K203(Wire 1.5mm)
Added Component: Designator=K204(Wire 1.5mm)
Added Component: Designator=K205(Wire 1.5mm)
Added Component: Designator=K600(Wire 1.5mm)
Added Component: Designator=K601(Wire 1.5mm)
Added Component: Designator=LCD200(Header 1x4)
Added Component: Designator=M200(M3 Hole)
Added Component: Designator=M201(M3 Hole)
Added Component: Designator=M202(M3 Hole)
Added Component: Designator=M203(M3 Hole)
Added Component: Designator=M204(M3 Hole)
Added Component: Designator=M205(M3 Hole)
Added Component: Designator=MENU_CTRL200(Header 1x3)
Added Component: Designator=MENU_CTRL201(Header 1x3)
Added Component: Designator=OUT300(FP-NMJ4HFD2-MFG)
Add component (AddParameter): Name = "Automotive"; Value = "No"; VariantName = "[No Variations]"
Add component (AddParameter): Name = "Category"; Value = "Conn"; VariantName = "[No Variations]"
Add component (AddParameter): Name = "ComponentLink2Description"; Value = "Datasheet"; VariantName = "[No Variations]"
Add component (AddParameter): Name = "ComponentLink2URL"; Value = "https://www.neutrik.com/en/product/nmj4hfd2.pdf"; VariantName = "[No Variations]"
Add component (AddParameter): Name = "Conn Orientation"; Value = "Horizontal"; VariantName = "[No Variations]"
Add component (AddParameter): Name = "Contact Material"; Value = "Silver"; VariantName = "[No Variations]"
Add component (AddParameter): Name = "Current Rating"; Value = "0.5A"; VariantName = "[No Variations]"
Add component (AddParameter): Name = "Device Class L1"; Value = "Connectors"; VariantName = "[No Variations]"
Add component (AddParameter): Name = "Device Class L2"; Value = "Audio / Video Connectors"; VariantName = "[No Variations]"
Add component (AddParameter): Name = "Device Class L3"; Value = "unset"; VariantName = "[No Variations]"
Add component (AddParameter): Name = "Footprint Url"; Value = "https://www.neutrik.com/media/8576/download/st-nmj4hfd2.pdf?v=1"; VariantName = "[No Variations]"
Add component (AddParameter): Name = "Height"; Value = "15.89mm"; VariantName = "[No Variations]"
Add component (AddParameter): Name = "Is Female"; Value = "yes"; VariantName = "[No Variations]"
Add component (AddParameter): Name = "Lead Free"; Value = "Yes"; VariantName = "[No Variations]"
Add component (AddParameter): Name = "Manufacturer"; Value = "Neutrik"; VariantName = "[No Variations]"
Add component (AddParameter): Name = "Manufacturer Part Number"; Value = "NMJ4HFD2"; VariantName = "[No Variations]"
Add component (AddParameter): Name = "Mouser Description"; Value = "Phone Audio Connector, Socket, 2, PCB Mount, Metal Body, Silver Plated Contacts"; VariantName = "[No Variations]"
Add component (AddParameter): Name = "Number Of Contacts"; Value = "2"; VariantName = "[No Variations]"
Add component (AddParameter): Name = "Octopart"; Value = "https://octopart.com/nmj4hfd2-neutrik-758952"; VariantName = "[No Variations]"
Add component (AddParameter): Name = "Package"; Value = "0"; VariantName = "[No Variations]"
Add component (AddParameter): Name = "RoHS"; Value = "TRUE"; VariantName = "[No Variations]"
Add component (AddParameter): Name = "Temperature"; Value = "-25°C to +70°C"; VariantName = "[No Variations]"
Add component (AddParameter): Name = "Temperature Range High"; Value = "+70°C"; VariantName = "[No Variations]"
Add component (AddParameter): Name = "Temperature Range Low"; Value = "-25°C"; VariantName = "[No Variations]"
Add component (AddParameter): Name = "Voltage Rating"; Value = "50V"; VariantName = "[No Variations]"
Added Component: Designator=Pot500(Pot trim slim high)
Add component (AddParameter): Name = "Value"; Value = "1k"; VariantName = "[No Variations]"
Added Component: Designator=Pot501(Pot trim slim high)
Add component (AddParameter): Name = "Value"; Value = "1k"; VariantName = "[No Variations]"
Added Component: Designator=Pot502(Pot trim slim high)
Add component (AddParameter): Name = "Value"; Value = "1k"; VariantName = "[No Variations]"
Added Component: Designator=Q200(TO-92_straight)
Add component (AddParameter): Name = "Model"; Value = "ModelNumber"; VariantName = "[No Variations]"
Added Component: Designator=Q201(TO-220)
Add component (AddParameter): Name = "Model"; Value = "ModelNumber"; VariantName = "[No Variations]"
Added Component: Designator=Q202(TO-92_straight)
Add component (AddParameter): Name = "Model"; Value = "ModelNumber"; VariantName = "[No Variations]"
Added Component: Designator=Q600(TO-220)
Add component (AddParameter): Name = "Model"; Value = "ModelNumber"; VariantName = "[No Variations]"
Added Component: Designator=Q601(TO-220)
Add component (AddParameter): Name = "Model"; Value = "ModelNumber"; VariantName = "[No Variations]"
Add Component: Footprint Not Found AXIAL-0.4 PCBK
Add Component: Footprint Not Found AXIAL-0.4 PCBK
Add Component: Footprint Not Found AXIAL-0.4 PCBK
Add Component: Footprint Not Found AXIAL-0.4 PCBK
Add Component: Footprint Not Found AXIAL-0.4 PCBK
Add Component: Footprint Not Found AXIAL-0.4 PCBK
Added Component: Designator=R206(RES THT 9mm)
Add component (AddParameter): Name = "Value"; Value = "4k"; VariantName = "[No Variations]"
Added Component: Designator=R207(RES THT 9mm)
Add component (AddParameter): Name = "Value"; Value = "400"; VariantName = "[No Variations]"
Add Component: Footprint Not Found AXIAL-0.4 PCBK
Add Component: Footprint Not Found AXIAL-0.4 PCBK
Add Component: Footprint Not Found AXIAL-0.4 PCBK
Add Component: Footprint Not Found AXIAL-0.4 PCBK
Add Component: Footprint Not Found AXIAL-0.4 PCBK
Add Component: Footprint Not Found AXIAL-0.4 PCBK
Add Component: Footprint Not Found AXIAL-0.4 PCBK
Add Component: Footprint Not Found AXIAL-0.4 PCBK
Add Component: Footprint Not Found AXIAL-0.4 PCBK
Add Component: Footprint Not Found AXIAL-0.4 PCBK
Add Component: Footprint Not Found AXIAL-0.4 PCBK
Add Component: Footprint Not Found AXIAL-0.4 PCBK
Add Component: Footprint Not Found AXIAL-0.4 PCBK
Add Component: Footprint Not Found AXIAL-0.4 PCBK
Add Component: Footprint Not Found AXIAL-0.4 PCBK
Add Component: Footprint Not Found AXIAL-0.4 PCBK
Add Component: Footprint Not Found AXIAL-0.4 PCBK
Add Component: Footprint Not Found AXIAL-0.4 PCBK
Add Component: Footprint Not Found AXIAL-0.4 PCBK
Add Component: Footprint Not Found AXIAL-0.4 PCBK
Add Component: Footprint Not Found AXIAL-0.4 PCBK
Add Component: Footprint Not Found AXIAL-0.4 PCBK
Add Component: Footprint Not Found AXIAL-0.4 PCBK
Add Component: Footprint Not Found AXIAL-0.4 PCBK
Add Component: Footprint Not Found AXIAL-0.4 PCBK
Add Component: Footprint Not Found AXIAL-0.4 PCBK
Add Component: Footprint Not Found AXIAL-0.4 PCBK
Added Component: Designator=R600(POW RES THT 13mm)
Add Component: Footprint Not Found AXIAL-0.4 PCBK
Add Component: Footprint Not Found AXIAL-0.4 PCBK
Add Component: Footprint Not Found AXIAL-0.4 PCBK
Add Component: Footprint Not Found AXIAL-0.4 PCBK
Added Component: Designator=R605(POW RES THT 13mm)
Added Component: Designator=S600(Screw-3)
Added Component: Designator=U300(ADI-N-8)
Add component (AddParameter): Name = "Amplifiers Per Package"; Value = "2"; VariantName = "[No Variations]"
Add component (AddParameter): Name = "Code_JEDEC"; Value = "MS-001"; VariantName = "[No Variations]"
Add component (AddParameter): Name = "ComponentLink1Description"; Value = "Manufacturer URL"; VariantName = "[No Variations]"
Add component (AddParameter): Name = "ComponentLink1URL"; Value = "http://www.analog.com/en/index.html"; VariantName = "[No Variations]"
Add component (AddParameter): Name = "ComponentLink2Description"; Value = "Datasheet"; VariantName = "[No Variations]"
Add component (AddParameter): Name = "ComponentLink2URL"; Value = "http://www.analog.com/static/imported-files/data_sheets/OP275.pdf"; VariantName = "[No Variations]"
Add component (AddParameter): Name = "ComponentLink3Description"; Value = "Package Specification"; VariantName = "[No Variations]"
Add component (AddParameter): Name = "ComponentLink3URL"; Value = "http:/www.analog.com/static/imported-files/packages/PKG_PDF/PDIP(N)/N_8.pdf"; VariantName = "[No Variations]"
Add component (AddParameter): Name = "DatasheetVersion"; Value = "Rev. C"; VariantName = "[No Variations]"
Add component (AddParameter): Name = "Generic Part Number"; Value = "OP275"; VariantName = "[No Variations]"
Add component (AddParameter): Name = "Input Bias Current"; Value = "100nA"; VariantName = "[No Variations]"
Add component (AddParameter): Name = "Input Offset Voltage"; Value = "1mV"; VariantName = "[No Variations]"
Add component (AddParameter): Name = "Iq/Amp"; Value = "2.5mA"; VariantName = "[No Variations]"
Add component (AddParameter): Name = "Manufacturer"; Value = "Analog Devices"; VariantName = "[No Variations]"
Add component (AddParameter): Name = "Mounting Technology"; Value = "Through Hole"; VariantName = "[No Variations]"
Add component (AddParameter): Name = "PackageDescription"; Value = "8-Pin Plastic Dual In-Line Package, Row spacing 7.62 mm, Pitch 2.54 mm"; VariantName = "[No Variations]"
Add component (AddParameter): Name = "PackageReference"; Value = "N-8"; VariantName = "[No Variations]"
Add component (AddParameter): Name = "PackageVersion"; Value = "070606-A"; VariantName = "[No Variations]"
Add component (AddParameter): Name = "PartNumber"; Value = "OP275GPZ"; VariantName = "[No Variations]"
Add component (AddParameter): Name = "Slew Rate"; Value = "22V/us"; VariantName = "[No Variations]"
Add component (AddParameter): Name = "Small Signal Bandwidth"; Value = "9MHz"; VariantName = "[No Variations]"
Add component (AddParameter): Name = "V Span Max"; Value = "44V"; VariantName = "[No Variations]"
Add component (AddParameter): Name = "V Span Min"; Value = "9V"; VariantName = "[No Variations]"
Added Component: Designator=U301(ADI-N-8)
Add component (AddParameter): Name = "Amplifiers Per Package"; Value = "2"; VariantName = "[No Variations]"
Add component (AddParameter): Name = "Code_JEDEC"; Value = "MS-001"; VariantName = "[No Variations]"
Add component (AddParameter): Name = "ComponentLink1Description"; Value = "Manufacturer URL"; VariantName = "[No Variations]"
Add component (AddParameter): Name = "ComponentLink1URL"; Value = "http://www.analog.com/en/index.html"; VariantName = "[No Variations]"
Add component (AddParameter): Name = "ComponentLink2Description"; Value = "Datasheet"; VariantName = "[No Variations]"
Add component (AddParameter): Name = "ComponentLink2URL"; Value = "http://www.analog.com/static/imported-files/data_sheets/OP275.pdf"; VariantName = "[No Variations]"
Add component (AddParameter): Name = "ComponentLink3Description"; Value = "Package Specification"; VariantName = "[No Variations]"
Add component (AddParameter): Name = "ComponentLink3URL"; Value = "http:/www.analog.com/static/imported-files/packages/PKG_PDF/PDIP(N)/N_8.pdf"; VariantName = "[No Variations]"
Add component (AddParameter): Name = "DatasheetVersion"; Value = "Rev. C"; VariantName = "[No Variations]"
Add component (AddParameter): Name = "Generic Part Number"; Value = "OP275"; VariantName = "[No Variations]"
Add component (AddParameter): Name = "Input Bias Current"; Value = "100nA"; VariantName = "[No Variations]"
Add component (AddParameter): Name = "Input Offset Voltage"; Value = "1mV"; VariantName = "[No Variations]"
Add component (AddParameter): Name = "Iq/Amp"; Value = "2.5mA"; VariantName = "[No Variations]"
Add component (AddParameter): Name = "Manufacturer"; Value = "Analog Devices"; VariantName = "[No Variations]"
Add component (AddParameter): Name = "Mounting Technology"; Value = "Through Hole"; VariantName = "[No Variations]"
Add component (AddParameter): Name = "PackageDescription"; Value = "8-Pin Plastic Dual In-Line Package, Row spacing 7.62 mm, Pitch 2.54 mm"; VariantName = "[No Variations]"
Add component (AddParameter): Name = "PackageReference"; Value = "N-8"; VariantName = "[No Variations]"
Add component (AddParameter): Name = "PackageVersion"; Value = "070606-A"; VariantName = "[No Variations]"
Add component (AddParameter): Name = "PartNumber"; Value = "OP275GPZ"; VariantName = "[No Variations]"
Add component (AddParameter): Name = "Slew Rate"; Value = "22V/us"; VariantName = "[No Variations]"
Add component (AddParameter): Name = "Small Signal Bandwidth"; Value = "9MHz"; VariantName = "[No Variations]"
Add component (AddParameter): Name = "V Span Max"; Value = "44V"; VariantName = "[No Variations]"
Add component (AddParameter): Name = "V Span Min"; Value = "9V"; VariantName = "[No Variations]"
Added Component: Designator=U500(TO-220)
Added Component: Designator=U501(TO-220)
Add component (AddParameter): Name = "ComponentLink1Description"; Value = "Manufacturer URL"; VariantName = "[No Variations]"
Add component (AddParameter): Name = "ComponentLink1URL"; Value = "http://www.st.com"; VariantName = "[No Variations]"
Add component (AddParameter): Name = "ComponentLink2Description"; Value = "Datasheet"; VariantName = "[No Variations]"
Add component (AddParameter): Name = "ComponentLink2URL"; Value = "http://www.st.com/internet/com/TECHNICAL_RESOURCES/TECHNICAL_LITERATURE/DATASHEET/CD00000455.pdf"; VariantName = "[No Variations]"
Add component (AddParameter): Name = "ComponentLink3Description"; Value = "Package Specification"; VariantName = "[No Variations]"
Add component (AddParameter): Name = "ComponentLink3URL"; Value = "http://www.st.com/internet/com/TECHNICAL_RESOURCES/TECHNICAL_LITERATURE/PACKAGE_INFORMATION/CD00004649.pdf"; VariantName = "[No Variations]"
Add component (AddParameter): Name = "DatasheetVersion"; Value = "1/11/2011"; VariantName = "[No Variations]"
Add component (AddParameter): Name = "PackageDescription"; Value = "TO, Thru-Hole, Vertical, Heatsink Mounted; 3 In-Line Leads; Pitch 2.54 mm"; VariantName = "[No Variations]"
Add component (AddParameter): Name = "PackageReference"; Value = "TO-220"; VariantName = "[No Variations]"
Add component (AddParameter): Name = "PackageVersion"; Value = "2011"; VariantName = "[No Variations]"
Added Component: Designator=U502(TO220)
Add component (AddParameter): Name = "ComponentLink1Description"; Value = "Manufacturer URL"; VariantName = "[No Variations]"
Add component (AddParameter): Name = "ComponentLink1URL"; Value = "http://www.st.com"; VariantName = "[No Variations]"
Add component (AddParameter): Name = "ComponentLink2Description"; Value = "Datasheet"; VariantName = "[No Variations]"
Add component (AddParameter): Name = "ComponentLink2URL"; Value = "http://www.st.com/internet/com/TECHNICAL_RESOURCES/TECHNICAL_LITERATURE/DATASHEET/CD00000468.pdf"; VariantName = "[No Variations]"
Add component (AddParameter): Name = "ComponentLink3Description"; Value = "Package Specification"; VariantName = "[No Variations]"
Add component (AddParameter): Name = "ComponentLink3URL"; Value = "http://www.st.com/internet/com/TECHNICAL_RESOURCES/TECHNICAL_LITERATURE/PACKAGE_INFORMATION/CD00004649.pdf"; VariantName = "[No Variations]"
Add component (AddParameter): Name = "DatasheetVersion"; Value = "1/10/2011"; VariantName = "[No Variations]"
Add component (AddParameter): Name = "PackageDescription"; Value = "TO, Thru-Hole, Vertical, Heatsink Mounted; 3 In-Line Leads; Pitch 2.54 mm"; VariantName = "[No Variations]"
Add component (AddParameter): Name = "PackageReference"; Value = "TO220"; VariantName = "[No Variations]"
Add component (AddParameter): Name = "PackageVersion"; Value = "ver3.0"; VariantName = "[No Variations]"
Added Component: Designator=U503(LT-T-3)
Add component (AddParameter): Name = "ComponentLink1Description"; Value = "Manufacturer URL"; VariantName = "[No Variations]"
Add component (AddParameter): Name = "ComponentLink1URL"; Value = "http://www.linear.com/"; VariantName = "[No Variations]"
Add component (AddParameter): Name = "ComponentLink2Description"; Value = "Datasheet"; VariantName = "[No Variations]"
Add component (AddParameter): Name = "ComponentLink2URL"; Value = "http://cds.linear.com/docs/en/datasheet/1086ffs.pdf"; VariantName = "[No Variations]"
Add component (AddParameter): Name = "ComponentLink3Description"; Value = "Package Specification"; VariantName = "[No Variations]"
Add component (AddParameter): Name = "ComponentLink3URL"; Value = "http://cds.linear.com/docs/en/packaging/TO-220_3_05-08-1420.pdf"; VariantName = "[No Variations]"
Add component (AddParameter): Name = "DatasheetVersion"; Value = "Rev. F"; VariantName = "[No Variations]"
Add component (AddParameter): Name = "Discrete Pass Element"; Value = "no"; VariantName = "[No Variations]"
Add component (AddParameter): Name = "Dropout Voltage(V)"; Value = "1.3"; VariantName = "[No Variations]"
Add component (AddParameter): Name = "Iout(mA)"; Value = "1500"; VariantName = "[No Variations]"
Add component (AddParameter): Name = "Isupply(mA)"; Value = "5"; VariantName = "[No Variations]"
Add component (AddParameter): Name = "Manufacturer"; Value = "Linear Technology"; VariantName = "[No Variations]"
Add component (AddParameter): Name = "Mounting Technology"; Value = "Through Hole"; VariantName = "[No Variations]"
Add component (AddParameter): Name = "Number of Outputs"; Value = "1"; VariantName = "[No Variations]"
Add component (AddParameter): Name = "Output Voltage"; Value = "Adj"; VariantName = "[No Variations]"
Add component (AddParameter): Name = "PackageDescription"; Value = "3-Pin Plastic TO-220, Body 10.2235 x 4.3815 mm, Pitch 2.54 mm"; VariantName = "[No Variations]"
Add component (AddParameter): Name = "PackageReference"; Value = "T-3"; VariantName = "[No Variations]"
Add component (AddParameter): Name = "PackageVersion"; Value = "Jun-10"; VariantName = "[No Variations]"
Add component (AddParameter): Name = "PartNumber"; Value = "LT1086CT#PBF"; VariantName = "[No Variations]"
Add component (AddParameter): Name = "PSRR(dB)"; Value = "75"; VariantName = "[No Variations]"
Add component (AddParameter): Name = "RoHS"; Value = "TRUE"; VariantName = "[No Variations]"
Add component (AddParameter): Name = "Vin Max(V)"; Value = "25"; VariantName = "[No Variations]"
Add component (AddParameter): Name = "Vin Min(V)"; Value = "2.55"; VariantName = "[No Variations]"
Add component (AddParameter): Name = "Vout Max(V)"; Value = "23.5"; VariantName = "[No Variations]"
Add component (AddParameter): Name = "Vout Min(V)"; Value = "1.25"; VariantName = "[No Variations]"
Added Component: Designator=U504(NDE0003A)
Add component (AddParameter): Name = "Code_IPC"; Value = ""; VariantName = "[No Variations]"
Add component (AddParameter): Name = "Code_JEDEC"; Value = ""; VariantName = "[No Variations]"
Add component (AddParameter): Name = "Code_JEITA"; Value = ""; VariantName = "[No Variations]"
Add component (AddParameter): Name = "ComponentLink1Description"; Value = "Datasheet URL"; VariantName = "[No Variations]"
Add component (AddParameter): Name = "ComponentLink1URL"; Value = "http://www.ti.com/general/docs/lit/getliterature.tsp?genericPartNumber=LM7905&fileType=pdf"; VariantName = "[No Variations]"
Add component (AddParameter): Name = "CompType"; Value = "LDO IC"; VariantName = "[No Variations]"
Add component (AddParameter): Name = "High-Reliability"; Value = ""; VariantName = "[No Variations]"
Add component (AddParameter): Name = "Manufacturer"; Value = "Texas Instruments"; VariantName = "[No Variations]"
Add component (AddParameter): Name = "PackageDescription"; Value = "TO-220, Molded, 3 Lead, Straight"; VariantName = "[No Variations]"
Add component (AddParameter): Name = "PackageReference"; Value = "NDE0003A"; VariantName = "[No Variations]"
Add component (AddParameter): Name = "PackageTopMarking"; Value = "NSUZXYTTE#*LM7905CT"; VariantName = "[No Variations]"
Add component (AddParameter): Name = "PartNumber"; Value = ""; VariantName = "[No Variations]"
Add component (AddParameter): Name = "PinCount"; Value = "3"; VariantName = "[No Variations]"
Add component (AddParameter): Name = "PowerWise"; Value = "N"; VariantName = "[No Variations]"
Add component (AddParameter): Name = "RoHS"; Value = "Y"; VariantName = "[No Variations]"
Added Component: Designator=U505(TO-220)
Add component (AddParameter): Name = "ComponentLink1Description"; Value = "Manufacturer URL"; VariantName = "[No Variations]"
Add component (AddParameter): Name = "ComponentLink1URL"; Value = "http://www.st.com"; VariantName = "[No Variations]"
Add component (AddParameter): Name = "ComponentLink2Description"; Value = "Datasheet"; VariantName = "[No Variations]"
Add component (AddParameter): Name = "ComponentLink2URL"; Value = "http://www.st.com/internet/com/TECHNICAL_RESOURCES/TECHNICAL_LITERATURE/DATASHEET/CD00000455.pdf"; VariantName = "[No Variations]"
Add component (AddParameter): Name = "ComponentLink3Description"; Value = "Package Specification"; VariantName = "[No Variations]"
Add component (AddParameter): Name = "ComponentLink3URL"; Value = "http://www.st.com/internet/com/TECHNICAL_RESOURCES/TECHNICAL_LITERATURE/PACKAGE_INFORMATION/CD00004649.pdf"; VariantName = "[No Variations]"
Add component (AddParameter): Name = "DatasheetVersion"; Value = "1/11/2011"; VariantName = "[No Variations]"
Add component (AddParameter): Name = "PackageDescription"; Value = "TO, Thru-Hole, Vertical, Heatsink Mounted; 3 In-Line Leads; Pitch 2.54 mm"; VariantName = "[No Variations]"
Add component (AddParameter): Name = "PackageReference"; Value = "TO-220"; VariantName = "[No Variations]"
Add component (AddParameter): Name = "PackageVersion"; Value = "2011"; VariantName = "[No Variations]"
Added Component: Designator=WAH_IN200(FP-NMJ4HFD2-MFG)
Add component (AddParameter): Name = "Automotive"; Value = "No"; VariantName = "[No Variations]"
Add component (AddParameter): Name = "Category"; Value = "Conn"; VariantName = "[No Variations]"
Add component (AddParameter): Name = "ComponentLink2Description"; Value = "Datasheet"; VariantName = "[No Variations]"
Add component (AddParameter): Name = "ComponentLink2URL"; Value = "https://www.neutrik.com/en/product/nmj4hfd2.pdf"; VariantName = "[No Variations]"
Add component (AddParameter): Name = "Conn Orientation"; Value = "Horizontal"; VariantName = "[No Variations]"
Add component (AddParameter): Name = "Contact Material"; Value = "Silver"; VariantName = "[No Variations]"
Add component (AddParameter): Name = "Current Rating"; Value = "0.5A"; VariantName = "[No Variations]"
Add component (AddParameter): Name = "Device Class L1"; Value = "Connectors"; VariantName = "[No Variations]"
Add component (AddParameter): Name = "Device Class L2"; Value = "Audio / Video Connectors"; VariantName = "[No Variations]"
Add component (AddParameter): Name = "Device Class L3"; Value = "unset"; VariantName = "[No Variations]"
Add component (AddParameter): Name = "Footprint Url"; Value = "https://www.neutrik.com/media/8576/download/st-nmj4hfd2.pdf?v=1"; VariantName = "[No Variations]"
Add component (AddParameter): Name = "Height"; Value = "15.89mm"; VariantName = "[No Variations]"
Add component (AddParameter): Name = "Is Female"; Value = "yes"; VariantName = "[No Variations]"
Add component (AddParameter): Name = "Lead Free"; Value = "Yes"; VariantName = "[No Variations]"
Add component (AddParameter): Name = "Manufacturer"; Value = "Neutrik"; VariantName = "[No Variations]"
Add component (AddParameter): Name = "Manufacturer Part Number"; Value = "NMJ4HFD2"; VariantName = "[No Variations]"
Add component (AddParameter): Name = "Mouser Description"; Value = "Phone Audio Connector, Socket, 2, PCB Mount, Metal Body, Silver Plated Contacts"; VariantName = "[No Variations]"
Add component (AddParameter): Name = "Number Of Contacts"; Value = "2"; VariantName = "[No Variations]"
Add component (AddParameter): Name = "Octopart"; Value = "https://octopart.com/nmj4hfd2-neutrik-758952"; VariantName = "[No Variations]"
Add component (AddParameter): Name = "Package"; Value = "0"; VariantName = "[No Variations]"
Add component (AddParameter): Name = "RoHS"; Value = "TRUE"; VariantName = "[No Variations]"
Add component (AddParameter): Name = "Temperature"; Value = "-25°C to +70°C"; VariantName = "[No Variations]"
Add component (AddParameter): Name = "Temperature Range High"; Value = "+70°C"; VariantName = "[No Variations]"
Add component (AddParameter): Name = "Temperature Range Low"; Value = "-25°C"; VariantName = "[No Variations]"
Add component (AddParameter): Name = "Voltage Rating"; Value = "50V"; VariantName = "[No Variations]"
Added Component: Designator=WAH_OUT200(FP-NMJ4HFD2-MFG)
Add component (AddParameter): Name = "Automotive"; Value = "No"; VariantName = "[No Variations]"
Add component (AddParameter): Name = "Category"; Value = "Conn"; VariantName = "[No Variations]"
Add component (AddParameter): Name = "ComponentLink2Description"; Value = "Datasheet"; VariantName = "[No Variations]"
Add component (AddParameter): Name = "ComponentLink2URL"; Value = "https://www.neutrik.com/en/product/nmj4hfd2.pdf"; VariantName = "[No Variations]"
Add component (AddParameter): Name = "Conn Orientation"; Value = "Horizontal"; VariantName = "[No Variations]"
Add component (AddParameter): Name = "Contact Material"; Value = "Silver"; VariantName = "[No Variations]"
Add component (AddParameter): Name = "Current Rating"; Value = "0.5A"; VariantName = "[No Variations]"
Add component (AddParameter): Name = "Device Class L1"; Value = "Connectors"; VariantName = "[No Variations]"
Add component (AddParameter): Name = "Device Class L2"; Value = "Audio / Video Connectors"; VariantName = "[No Variations]"
Add component (AddParameter): Name = "Device Class L3"; Value = "unset"; VariantName = "[No Variations]"
Add component (AddParameter): Name = "Footprint Url"; Value = "https://www.neutrik.com/media/8576/download/st-nmj4hfd2.pdf?v=1"; VariantName = "[No Variations]"
Add component (AddParameter): Name = "Height"; Value = "15.89mm"; VariantName = "[No Variations]"
Add component (AddParameter): Name = "Is Female"; Value = "yes"; VariantName = "[No Variations]"
Add component (AddParameter): Name = "Lead Free"; Value = "Yes"; VariantName = "[No Variations]"
Add component (AddParameter): Name = "Manufacturer"; Value = "Neutrik"; VariantName = "[No Variations]"
Add component (AddParameter): Name = "Manufacturer Part Number"; Value = "NMJ4HFD2"; VariantName = "[No Variations]"
Add component (AddParameter): Name = "Mouser Description"; Value = "Phone Audio Connector, Socket, 2, PCB Mount, Metal Body, Silver Plated Contacts"; VariantName = "[No Variations]"
Add component (AddParameter): Name = "Number Of Contacts"; Value = "2"; VariantName = "[No Variations]"
Add component (AddParameter): Name = "Octopart"; Value = "https://octopart.com/nmj4hfd2-neutrik-758952"; VariantName = "[No Variations]"
Add component (AddParameter): Name = "Package"; Value = "0"; VariantName = "[No Variations]"
Add component (AddParameter): Name = "RoHS"; Value = "TRUE"; VariantName = "[No Variations]"
Add component (AddParameter): Name = "Temperature"; Value = "-25°C to +70°C"; VariantName = "[No Variations]"
Add component (AddParameter): Name = "Temperature Range High"; Value = "+70°C"; VariantName = "[No Variations]"
Add component (AddParameter): Name = "Temperature Range Low"; Value = "-25°C"; VariantName = "[No Variations]"
Add component (AddParameter): Name = "Voltage Rating"; Value = "50V"; VariantName = "[No Variations]"
Added Pin To Net: NetName=+1V75 Pin=C505-2
Added Pin To Net: NetName=+1V75 Pin=D300-2
Added Pin To Net: NetName=+1V75 Pin=D500-1
Added Pin To Net: NetName=+1V75 Pin=K102-1
Added Pin To Net: NetName=+1V75 Pin=U501-2
Added Net: Name=+1V75
Added Pin To Net: NetName=+2V Pin=C511-2
Added Pin To Net: NetName=+2V Pin=D502-1
Added Pin To Net: NetName=+2V Pin=K103-1
Added Pin To Net: NetName=+2V Pin=U505-2
Added Pin To Net: NetName=+2V Pin=WAH_IN200-T
Added Net: Name=+2V
Added Pin To Net: NetName=+3V3 Pin=C509-2
Added Pin To Net: NetName=+3V3 Pin=Fx_switches_200-1
Added Pin To Net: NetName=+3V3 Pin=Fx_switches_200-2
Added Pin To Net: NetName=+3V3 Pin=Fx_switches_200-3
Added Pin To Net: NetName=+3V3 Pin=Fx_switches_200-4
Added Pin To Net: NetName=+3V3 Pin=Fx_switches_200-5
Added Pin To Net: NetName=+3V3 Pin=Fx_switches_200-6
Added Pin To Net: NetName=+3V3 Pin=J100-4
Added Pin To Net: NetName=+3V3 Pin=K104-1
Added Pin To Net: NetName=+3V3 Pin=MENU_CTRL200-3
Added Pin To Net: NetName=+3V3 Pin=MENU_CTRL201-3
Added Pin To Net: NetName=+3V3 Pin=Q200-1
Added Pin To Net: NetName=+3V3 Pin=Q202-1
Added Pin To Net: NetName=+3V3 Pin=U503-2
Added Net: Name=+3V3
Added Pin To Net: NetName=+5V Pin=C503-2
Added Pin To Net: NetName=+5V Pin=C508-2
Added Pin To Net: NetName=+5V Pin=D200-2
Added Pin To Net: NetName=+5V Pin=J100-3
Added Pin To Net: NetName=+5V Pin=J200-1
Added Pin To Net: NetName=+5V Pin=K106-1
Added Pin To Net: NetName=+5V Pin=K200-1
Added Pin To Net: NetName=+5V Pin=K201-1
Added Pin To Net: NetName=+5V Pin=LCD200-4
Added Pin To Net: NetName=+5V Pin=U300-8
Added Pin To Net: NetName=+5V Pin=U301-8
Added Pin To Net: NetName=+5V Pin=U500-3
Added Pin To Net: NetName=+5V Pin=U503-3
Added Net: Name=+5V
Added Pin To Net: NetName=+6V Pin=C502-2
Added Pin To Net: NetName=+6V Pin=C504-2
Added Pin To Net: NetName=+6V Pin=C510-2
Added Pin To Net: NetName=+6V Pin=C600-1
Added Pin To Net: NetName=+6V Pin=C601-1
Added Pin To Net: NetName=+6V Pin=C602-1
Added Pin To Net: NetName=+6V Pin=D500-2
Added Pin To Net: NetName=+6V Pin=D502-2
Added Pin To Net: NetName=+6V Pin=Q600-3
Added Pin To Net: NetName=+6V Pin=R600-2
Added Pin To Net: NetName=+6V Pin=U500-1
Added Pin To Net: NetName=+6V Pin=U501-3
Added Pin To Net: NetName=+6V Pin=U505-3
Added Net: Name=+6V
Added Pin To Net: NetName=-1V75 Pin=C501-1
Added Pin To Net: NetName=-1V75 Pin=D301-1
Added Pin To Net: NetName=-1V75 Pin=D501-2
Added Pin To Net: NetName=-1V75 Pin=K101-1
Added Pin To Net: NetName=-1V75 Pin=U502-3
Added Net: Name=-1V75
Added Pin To Net: NetName=-5V Pin=C507-1
Added Pin To Net: NetName=-5V Pin=K105-1
Added Pin To Net: NetName=-5V Pin=U300-4
Added Pin To Net: NetName=-5V Pin=U301-4
Added Pin To Net: NetName=-5V Pin=U504-3
Added Net: Name=-5V
Added Pin To Net: NetName=-6V Pin=C506-1
Added Pin To Net: NetName=-6V Pin=C604-2
Added Pin To Net: NetName=-6V Pin=C605-2
Added Pin To Net: NetName=-6V Pin=C606-2
Added Pin To Net: NetName=-6V Pin=D501-1
Added Pin To Net: NetName=-6V Pin=Q601-2
Added Pin To Net: NetName=-6V Pin=R605-2
Added Pin To Net: NetName=-6V Pin=U502-2
Added Pin To Net: NetName=-6V Pin=U504-2
Added Net: Name=-6V
Added Pin To Net: NetName=FX_DSP_IN Pin=C301-2
Added Pin To Net: NetName=FX_DSP_IN Pin=DSP_IN300-2
Added Net: Name=FX_DSP_IN
Added Pin To Net: NetName=FX_DSP_OUT Pin=DSP_OUT300-2
Added Pin To Net: NetName=FX_DSP_OUT Pin=U301-5
Added Net: Name=FX_DSP_OUT
Added Pin To Net: NetName=GND Pin=C200-1
Added Pin To Net: NetName=GND Pin=C300-1
Added Pin To Net: NetName=GND Pin=C301-1
Added Pin To Net: NetName=GND Pin=C304-1
Added Pin To Net: NetName=GND Pin=C305-1
Added Pin To Net: NetName=GND Pin=C500-2
Added Pin To Net: NetName=GND Pin=C501-2
Added Pin To Net: NetName=GND Pin=C502-1
Added Pin To Net: NetName=GND Pin=C503-1
Added Pin To Net: NetName=GND Pin=C504-1
Added Pin To Net: NetName=GND Pin=C505-1
Added Pin To Net: NetName=GND Pin=C506-2
Added Pin To Net: NetName=GND Pin=C507-2
Added Pin To Net: NetName=GND Pin=C508-1
Added Pin To Net: NetName=GND Pin=C509-1
Added Pin To Net: NetName=GND Pin=C510-1
Added Pin To Net: NetName=GND Pin=C511-1
Added Pin To Net: NetName=GND Pin=C600-2
Added Pin To Net: NetName=GND Pin=C601-2
Added Pin To Net: NetName=GND Pin=C602-2
Added Pin To Net: NetName=GND Pin=C604-1
Added Pin To Net: NetName=GND Pin=C605-1
Added Pin To Net: NetName=GND Pin=C606-1
Added Pin To Net: NetName=GND Pin=DSP_IN300-1
Added Pin To Net: NetName=GND Pin=DSP_IN300-6
Added Pin To Net: NetName=GND Pin=DSP_OUT300-1
Added Pin To Net: NetName=GND Pin=DSP_OUT300-6
Added Pin To Net: NetName=GND Pin=FX_LOOP_IN300-S
Added Pin To Net: NetName=GND Pin=FX_LOOP_IN300-SN
Added Pin To Net: NetName=GND Pin=FX_LOOP_IN300-TN
Added Pin To Net: NetName=GND Pin=GUITAR_IN300-S
Added Pin To Net: NetName=GND Pin=GUITAR_IN300-SN
Added Pin To Net: NetName=GND Pin=GUITAR_IN300-TN
Added Pin To Net: NetName=GND Pin=GUITAR_OUT300-S
Added Pin To Net: NetName=GND Pin=GUITAR_OUT300-SN
Added Pin To Net: NetName=GND Pin=J101-1
Added Pin To Net: NetName=GND Pin=J201-1
Added Pin To Net: NetName=GND Pin=J400-1
Added Pin To Net: NetName=GND Pin=J401-1
Added Pin To Net: NetName=GND Pin=J402-1
Added Pin To Net: NetName=GND Pin=J403-1
Added Pin To Net: NetName=GND Pin=J404-1
Added Pin To Net: NetName=GND Pin=J405-1
Added Pin To Net: NetName=GND Pin=K100-1
Added Pin To Net: NetName=GND Pin=LCD200-1
Added Pin To Net: NetName=GND Pin=M200-1
Added Pin To Net: NetName=GND Pin=M201-1
Added Pin To Net: NetName=GND Pin=M202-1
Added Pin To Net: NetName=GND Pin=M203-1
Added Pin To Net: NetName=GND Pin=M204-1
Added Pin To Net: NetName=GND Pin=M205-1
Added Pin To Net: NetName=GND Pin=OUT300-S
Added Pin To Net: NetName=GND Pin=OUT300-SN
Added Pin To Net: NetName=GND Pin=Pot500-1
Added Pin To Net: NetName=GND Pin=Pot501-1
Added Pin To Net: NetName=GND Pin=Pot502-1
Added Pin To Net: NetName=GND Pin=Q201-3
Added Pin To Net: NetName=GND Pin=R206-1
Added Pin To Net: NetName=GND Pin=S600-2
Added Pin To Net: NetName=GND Pin=U500-2
Added Pin To Net: NetName=GND Pin=U503-1
Added Pin To Net: NetName=GND Pin=U504-1
Added Pin To Net: NetName=GND Pin=WAH_IN200-S
Added Pin To Net: NetName=GND Pin=WAH_IN200-SN
Added Pin To Net: NetName=GND Pin=WAH_OUT200-S
Added Pin To Net: NetName=GND Pin=WAH_OUT200-SN
Added Net: Name=GND
Added Pin To Net: NetName=GPAIN1 Pin=C200-2
Added Pin To Net: NetName=GPAIN1 Pin=J101-10
Added Pin To Net: NetName=GPAIN1 Pin=WAH_OUT200-T
Added Net: Name=GPAIN1
Added Pin To Net: NetName=GPIO4 Pin=J101-9
Added Pin To Net: NetName=GPIO4 Pin=MENU_CTRL200-2
Added Net: Name=GPIO4
Added Pin To Net: NetName=GPIO5 Pin=J101-8
Added Net: Name=GPIO5
Added Pin To Net: NetName=GPIO10 Pin=Fx_switches_gpio400-1
Added Pin To Net: NetName=GPIO10 Pin=J101-7
Added Net: Name=GPIO10
Added Pin To Net: NetName=GPIO11 Pin=Fx_switches_gpio400-2
Added Pin To Net: NetName=GPIO11 Pin=J101-6
Added Net: Name=GPIO11
Added Pin To Net: NetName=GPIO12 Pin=Fx_switches_gpio400-4
Added Pin To Net: NetName=GPIO12 Pin=J101-4
Added Net: Name=GPIO12
Added Pin To Net: NetName=GPIO13 Pin=Fx_switches_gpio400-3
Added Pin To Net: NetName=GPIO13 Pin=J101-5
Added Net: Name=GPIO13
Added Pin To Net: NetName=GPIO14 Pin=Fx_switches_gpio400-5
Added Pin To Net: NetName=GPIO14 Pin=J101-3
Added Net: Name=GPIO14
Added Pin To Net: NetName=GPIO15 Pin=Fx_switches_gpio400-6
Added Pin To Net: NetName=GPIO15 Pin=J101-2
Added Net: Name=GPIO15
Added Pin To Net: NetName=I2C_SCL Pin=J100-2
Added Pin To Net: NetName=I2C_SCL Pin=K205-1
Added Pin To Net: NetName=I2C_SCL Pin=Q202-2
Added Net: Name=I2C_SCL
Added Pin To Net: NetName=I2C_SDA Pin=J100-1
Added Pin To Net: NetName=I2C_SDA Pin=K202-1
Added Pin To Net: NetName=I2C_SDA Pin=Q200-2
Added Net: Name=I2C_SDA
Added Pin To Net: NetName=NetC300_2 Pin=C300-2
Added Pin To Net: NetName=NetC300_2 Pin=DSP_IN300-3
Added Net: Name=NetC300_2
Added Pin To Net: NetName=NetC302_1 Pin=C302-1
Added Pin To Net: NetName=NetC302_1 Pin=GUITAR_OUT300-T
Added Pin To Net: NetName=NetC302_1 Pin=K200-5
Added Net: Name=NetC302_1
Added Pin To Net: NetName=NetC302_2 Pin=C302-2
Added Pin To Net: NetName=NetC302_2 Pin=C304-2
Added Net: Name=NetC302_2
Added Pin To Net: NetName=NetC303_1 Pin=C303-1
Added Pin To Net: NetName=NetC303_1 Pin=K201-5
Added Pin To Net: NetName=NetC303_1 Pin=OUT300-T
Added Net: Name=NetC303_1
Added Pin To Net: NetName=NetC303_2 Pin=C303-2
Added Pin To Net: NetName=NetC303_2 Pin=C305-2
Added Net: Name=NetC303_2
Added Pin To Net: NetName=NetC500_1 Pin=C500-1
Added Pin To Net: NetName=NetC500_1 Pin=Pot500-2
Added Pin To Net: NetName=NetC500_1 Pin=Pot500-3
Added Pin To Net: NetName=NetC500_1 Pin=U502-1
Added Net: Name=NetC500_1
Added Pin To Net: NetName=NetC603_1 Pin=C603-1
Added Pin To Net: NetName=NetC603_1 Pin=Q600-2
Added Net: Name=NetC603_1
Added Pin To Net: NetName=NetC603_2 Pin=C603-2
Added Pin To Net: NetName=NetC603_2 Pin=D601-2
Added Pin To Net: NetName=NetC603_2 Pin=D603-2
Added Pin To Net: NetName=NetC603_2 Pin=K600-1
Added Pin To Net: NetName=NetC603_2 Pin=Q600-1
Added Pin To Net: NetName=NetC603_2 Pin=R600-1
Added Net: Name=NetC603_2
Added Pin To Net: NetName=NetC607_1 Pin=C607-1
Added Pin To Net: NetName=NetC607_1 Pin=D600-1
Added Pin To Net: NetName=NetC607_1 Pin=D602-1
Added Pin To Net: NetName=NetC607_1 Pin=K601-1
Added Pin To Net: NetName=NetC607_1 Pin=Q601-3
Added Pin To Net: NetName=NetC607_1 Pin=R605-1
Added Net: Name=NetC607_1
Added Pin To Net: NetName=NetC607_2 Pin=C607-2
Added Pin To Net: NetName=NetC607_2 Pin=Q601-1
Added Net: Name=NetC607_2
Added Pin To Net: NetName=NetD200_1 Pin=D200-1
Added Pin To Net: NetName=NetD200_1 Pin=K200-2
Added Pin To Net: NetName=NetD200_1 Pin=K201-2
Added Pin To Net: NetName=NetD200_1 Pin=Q201-2
Added Net: Name=NetD200_1
Added Pin To Net: NetName=NetD300_1 Pin=D300-1
Added Pin To Net: NetName=NetD300_1 Pin=D301-2
Added Pin To Net: NetName=NetD300_1 Pin=GUITAR_IN300-T
Added Pin To Net: NetName=NetD300_1 Pin=K200-4
Added Pin To Net: NetName=NetD300_1 Pin=U300-3
Added Net: Name=NetD300_1
Added Pin To Net: NetName=NetD600_2 Pin=D600-2
Added Pin To Net: NetName=NetD600_2 Pin=D601-1
Added Pin To Net: NetName=NetD600_2 Pin=S600-1
Added Net: Name=NetD600_2
Added Pin To Net: NetName=NetD602_2 Pin=D602-2
Added Pin To Net: NetName=NetD602_2 Pin=D603-1
Added Pin To Net: NetName=NetD602_2 Pin=S600-3
Added Net: Name=NetD602_2
Added Pin To Net: NetName=NetDSP_OUT300_3 Pin=DSP_OUT300-3
Added Pin To Net: NetName=NetDSP_OUT300_3 Pin=U300-5
Added Net: Name=NetDSP_OUT300_3
Added Pin To Net: NetName=NetFX_LOOP_IN300_T Pin=FX_LOOP_IN300-T
Added Pin To Net: NetName=NetFX_LOOP_IN300_T Pin=K201-4
Added Pin To Net: NetName=NetFX_LOOP_IN300_T Pin=U301-3
Added Net: Name=NetFX_LOOP_IN300_T
Added Pin To Net: NetName=NetJ200_2 Pin=J200-2
Added Pin To Net: NetName=NetJ200_2 Pin=Q201-1
Added Pin To Net: NetName=NetJ200_2 Pin=R206-2
Added Pin To Net: NetName=NetJ200_2 Pin=R207-2
Added Net: Name=NetJ200_2
Added Pin To Net: NetName=NetJ201_3 Pin=J201-3
Added Pin To Net: NetName=NetJ201_3 Pin=R207-1
Added Net: Name=NetJ201_3
Added Pin To Net: NetName=NetJ400_3 Pin=J400-3
Added Net: Name=NetJ400_3
Added Pin To Net: NetName=NetJ401_3 Pin=J401-3
Added Net: Name=NetJ401_3
Added Pin To Net: NetName=NetJ402_3 Pin=J402-3
Added Net: Name=NetJ402_3
Added Pin To Net: NetName=NetJ403_3 Pin=J403-3
Added Net: Name=NetJ403_3
Added Pin To Net: NetName=NetJ404_3 Pin=J404-3
Added Net: Name=NetJ404_3
Added Pin To Net: NetName=NetJ405_3 Pin=J405-3
Added Net: Name=NetJ405_3
Added Pin To Net: NetName=NetK203_1 Pin=K203-1
Added Pin To Net: NetName=NetK203_1 Pin=LCD200-3
Added Pin To Net: NetName=NetK203_1 Pin=Q200-3
Added Net: Name=NetK203_1
Added Pin To Net: NetName=NetK204_1 Pin=K204-1
Added Pin To Net: NetName=NetK204_1 Pin=LCD200-2
Added Pin To Net: NetName=NetK204_1 Pin=Q202-3
Added Net: Name=NetK204_1
Added Pin To Net: NetName=NetMENU_CTRL201_2 Pin=MENU_CTRL201-2
Added Net: Name=NetMENU_CTRL201_2
Added Pin To Net: NetName=NetPot501_2 Pin=Pot501-2
Added Pin To Net: NetName=NetPot501_2 Pin=Pot501-3
Added Pin To Net: NetName=NetPot501_2 Pin=U501-1
Added Net: Name=NetPot501_2
Added Pin To Net: NetName=NetPot502_2 Pin=Pot502-2
Added Pin To Net: NetName=NetPot502_2 Pin=Pot502-3
Added Pin To Net: NetName=NetPot502_2 Pin=U505-1
Added Net: Name=NetPot502_2
Added Pin To Net: NetName=NetR300_1 Pin=U300-1
Added Pin To Net: NetName=NetR300_1 Pin=U300-2
Added Net: Name=NetR300_1
Added Pin To Net: NetName=NetR301_1 Pin=U301-1
Added Pin To Net: NetName=NetR301_1 Pin=U301-2
Added Net: Name=NetR301_1
Added Pin To Net: NetName=NetR304_1 Pin=U300-7
Added Net: Name=NetR304_1
Added Pin To Net: NetName=NetR305_1 Pin=U301-7
Added Net: Name=NetR305_1
Added Pin To Net: NetName=NetR306_1 Pin=U300-6
Added Net: Name=NetR306_1
Added Pin To Net: NetName=NetR307_1 Pin=U301-6
Added Net: Name=NetR307_1
Added Class: Name=amplifier_stage
Added Class: Name=main
Added Class: Name=power_supply
Added Class: Name=regulators
Added Class: Name=switches_connectors
Added Class: Name=switches_LEDs
