Removed Pin From Net: NetName=+5V Pin=K200-1
Removed Pin From Net: NetName=NetD200_1 Pin=K200-2
Removed Pin From Net: NetName=NetD300_1 Pin=K200-4
Removed Pin From Net: NetName=NetC302_1 Pin=K200-5
Removed Pin From Net: NetName=+5V Pin=K201-1
Removed Pin From Net: NetName=NetD200_1 Pin=K201-2
Removed Pin From Net: NetName=NetFX_LOOP_IN300_T Pin=K201-4
Removed Pin From Net: NetName=NetC303_1 Pin=K201-5
Change Component Footprint: Designator=K200 Old Footprint=FP-1393280-6-MFG New Footprint=FP-JS1-5V-F-MFG
Change Component Footprint: Designator=K201 Old Footprint=FP-1393280-6-MFG New Footprint=FP-JS1-5V-F-MFG
Change Component Comment : Designator=K200 Old Comment=1393280-6 New Comment=JS1-5V-F
Change Component Comment : Designator=K201 Old Comment=1393280-6 New Comment=JS1-5V-F
Change Managed Component Library Link : Designator=K200 Old VaultGUID=B7D15EC3-160A-466F-A46C-7801FE6295A7 New VaultGUID=B7D15EC3-160A-466F-A46C-7801FE6295A7 Old ItemGUID=D345E9BD-AAEF-4BF4-852E-B8DA88E57B92 New ItemGUID=B5B78F33-09BF-44B4-9823-15D3E5771076 Old RevisionGUID=47D825C2-97E0-48C1-AC85-8E67D359898F New RevisionGUID=E0AF21A8-6952-4E09-B2FA-F1D6E3C87217
Change Managed Component Library Link : Designator=K201 Old VaultGUID=B7D15EC3-160A-466F-A46C-7801FE6295A7 New VaultGUID=B7D15EC3-160A-466F-A46C-7801FE6295A7 Old ItemGUID=D345E9BD-AAEF-4BF4-852E-B8DA88E57B92 New ItemGUID=B5B78F33-09BF-44B4-9823-15D3E5771076 Old RevisionGUID=47D825C2-97E0-48C1-AC85-8E67D359898F New RevisionGUID=E0AF21A8-6952-4E09-B2FA-F1D6E3C87217
Change component parameters: Designator = "K200" ("K200"); Footprint = "FP-1393280-6-MFG"; UniqueID = "\MBMSTNYO" ("\MBMSTNYO")
Change component parameters (AddParameter): Name = "Ambient Temperature Range High"; Value = "+70°C"; VariantName = "[No Variations]"
Change component parameters (AddParameter): Name = "Ambient Temperature Range Low"; Value = "-40°C"; VariantName = "[No Variations]"
Change component parameters (AddParameter): Name = "Automotive"; Value = "No"; VariantName = "[No Variations]"
Change component parameters (AddParameter): Name = "Category"; Value = "Relay"; VariantName = "[No Variations]"
Change component parameters (AddParameter): Name = "Coil Current"; Value = "72mA"; VariantName = "[No Variations]"
Change component parameters (AddParameter): Name = "Coil Power"; Value = "360mW"; VariantName = "[No Variations]"
Change component parameters (AddParameter): Name = "Coil Resistance"; Value = "69.4O"; VariantName = "[No Variations]"
Change component parameters (AddParameter): Name = "Coil Type"; Value = "Non-Latching"; VariantName = "[No Variations]"
Change component parameters (AddParameter): Name = "Coil Voltage"; Value = "5V"; VariantName = "[No Variations]"
Change component parameters (AddParameter): Name = "ComponentLink2Description"; Value = "Datasheet"; VariantName = "[No Variations]"
Change component parameters (AddParameter): Name = "ComponentLink2URL"; Value = "https://www3.panasonic.biz/ac/e_download/control/relay/power/catalog/mech_eng_js.pdf?via=ok"; VariantName = "[No Variations]"
Change component parameters (AddParameter): Name = "Device Class L1"; Value = "Electromechanical"; VariantName = "[No Variations]"
Change component parameters (AddParameter): Name = "Device Class L2"; Value = "Relays"; VariantName = "[No Variations]"
Change component parameters (AddParameter): Name = "Device Class L3"; Value = "Power Relays"; VariantName = "[No Variations]"
Change component parameters (AddParameter): Name = "Digikey Description"; Value = "RELAY GEN PURPOSE SPDT 10A 5V"; VariantName = "[No Variations]"
Change component parameters (AddParameter): Name = "Height"; Value = "16.8mm"; VariantName = "[No Variations]"
Change component parameters (AddParameter): Name = "Lead Free"; Value = "Yes"; VariantName = "[No Variations]"
Change component parameters (AddParameter): Name = "Manufacturer"; Value = "Panasonic"; VariantName = "[No Variations]"
Change component parameters (AddParameter): Name = "Manufacturer Part Number"; Value = "JS1-5V-F"; VariantName = "[No Variations]"
Change component parameters (AddParameter): Name = "Mouser Description"; Value = "JS Series 10 A SPDT 5 V Through Hole Sealed Miniature Non-Polarized Power Relay"; VariantName = "[No Variations]"
Change component parameters (AddParameter): Name = "Number Of Contacts"; Value = "1"; VariantName = "[No Variations]"
Change component parameters (AddParameter): Name = "Octopart"; Value = "https://octopart.com/js1-5v-f-panasonic-39428621"; VariantName = "[No Variations]"
Change component parameters (AddParameter): Name = "Package"; Value = "JS1-5V-F"; VariantName = "[No Variations]"
Change component parameters (AddParameter): Name = "RoHS"; Value = "TRUE"; VariantName = "[No Variations]"
Change component parameters (AddParameter): Name = "Standoff Height"; Value = "0.3mm"; VariantName = "[No Variations]"
Change component parameters (AddParameter): Name = "Switching Current"; Value = "10A"; VariantName = "[No Variations]"
Change component parameters (AddParameter): Name = "Switching Power"; Value = "150W"; VariantName = "[No Variations]"
Change component parameters (AddParameter): Name = "Temperature"; Value = "-40°C to +70°C"; VariantName = "[No Variations]"
Change component parameters (AddParameter): Name = "Temperature Range High"; Value = "+70°C"; VariantName = "[No Variations]"
Change component parameters (AddParameter): Name = "Temperature Range Low"; Value = "-40°C"; VariantName = "[No Variations]"
Change component parameters (AddParameter): Name = "Throw Configuration"; Value = "SPDT"; VariantName = "[No Variations]"
Change component parameters: Designator = "K201" ("K201"); Footprint = "FP-1393280-6-MFG"; UniqueID = "\QSBQGLHF" ("\QSBQGLHF")
Change component parameters (AddParameter): Name = "Ambient Temperature Range High"; Value = "+70°C"; VariantName = "[No Variations]"
Change component parameters (AddParameter): Name = "Ambient Temperature Range Low"; Value = "-40°C"; VariantName = "[No Variations]"
Change component parameters (AddParameter): Name = "Automotive"; Value = "No"; VariantName = "[No Variations]"
Change component parameters (AddParameter): Name = "Category"; Value = "Relay"; VariantName = "[No Variations]"
Change component parameters (AddParameter): Name = "Coil Current"; Value = "72mA"; VariantName = "[No Variations]"
Change component parameters (AddParameter): Name = "Coil Power"; Value = "360mW"; VariantName = "[No Variations]"
Change component parameters (AddParameter): Name = "Coil Resistance"; Value = "69.4O"; VariantName = "[No Variations]"
Change component parameters (AddParameter): Name = "Coil Type"; Value = "Non-Latching"; VariantName = "[No Variations]"
Change component parameters (AddParameter): Name = "Coil Voltage"; Value = "5V"; VariantName = "[No Variations]"
Change component parameters (AddParameter): Name = "ComponentLink2Description"; Value = "Datasheet"; VariantName = "[No Variations]"
Change component parameters (AddParameter): Name = "ComponentLink2URL"; Value = "https://www3.panasonic.biz/ac/e_download/control/relay/power/catalog/mech_eng_js.pdf?via=ok"; VariantName = "[No Variations]"
Change component parameters (AddParameter): Name = "Device Class L1"; Value = "Electromechanical"; VariantName = "[No Variations]"
Change component parameters (AddParameter): Name = "Device Class L2"; Value = "Relays"; VariantName = "[No Variations]"
Change component parameters (AddParameter): Name = "Device Class L3"; Value = "Power Relays"; VariantName = "[No Variations]"
Change component parameters (AddParameter): Name = "Digikey Description"; Value = "RELAY GEN PURPOSE SPDT 10A 5V"; VariantName = "[No Variations]"
Change component parameters (AddParameter): Name = "Height"; Value = "16.8mm"; VariantName = "[No Variations]"
Change component parameters (AddParameter): Name = "Lead Free"; Value = "Yes"; VariantName = "[No Variations]"
Change component parameters (AddParameter): Name = "Manufacturer"; Value = "Panasonic"; VariantName = "[No Variations]"
Change component parameters (AddParameter): Name = "Manufacturer Part Number"; Value = "JS1-5V-F"; VariantName = "[No Variations]"
Change component parameters (AddParameter): Name = "Mouser Description"; Value = "JS Series 10 A SPDT 5 V Through Hole Sealed Miniature Non-Polarized Power Relay"; VariantName = "[No Variations]"
Change component parameters (AddParameter): Name = "Number Of Contacts"; Value = "1"; VariantName = "[No Variations]"
Change component parameters (AddParameter): Name = "Octopart"; Value = "https://octopart.com/js1-5v-f-panasonic-39428621"; VariantName = "[No Variations]"
Change component parameters (AddParameter): Name = "Package"; Value = "JS1-5V-F"; VariantName = "[No Variations]"
Change component parameters (AddParameter): Name = "RoHS"; Value = "TRUE"; VariantName = "[No Variations]"
Change component parameters (AddParameter): Name = "Standoff Height"; Value = "0.3mm"; VariantName = "[No Variations]"
Change component parameters (AddParameter): Name = "Switching Current"; Value = "10A"; VariantName = "[No Variations]"
Change component parameters (AddParameter): Name = "Switching Power"; Value = "150W"; VariantName = "[No Variations]"
Change component parameters (AddParameter): Name = "Temperature"; Value = "-40°C to +70°C"; VariantName = "[No Variations]"
Change component parameters (AddParameter): Name = "Temperature Range High"; Value = "+70°C"; VariantName = "[No Variations]"
Change component parameters (AddParameter): Name = "Temperature Range Low"; Value = "-40°C"; VariantName = "[No Variations]"
Change component parameters (AddParameter): Name = "Throw Configuration"; Value = "SPDT"; VariantName = "[No Variations]"
Added Pin To Net: NetName=NetD300_1 Pin=K200-1
Added Pin To Net: NetName=+5V Pin=K200-2
Added Pin To Net: NetName=NetC302_1 Pin=K200-3
Added Pin To Net: NetName=NetD200_1 Pin=K200-5
Added Pin To Net: NetName=NetFX_LOOP_IN300_T Pin=K201-1
Added Pin To Net: NetName=+5V Pin=K201-2
Added Pin To Net: NetName=NetC303_1 Pin=K201-3
Added Pin To Net: NetName=NetD200_1 Pin=K201-5
Add Pin To Net: Unknown Pin: Pin Q600-4
