Change Component Designator: Old Designator=C? New Designator=C600
Change Component Designator: Old Designator=C? New Designator=C601
Change Component Designator: Old Designator=C? New Designator=C602
Change Component Designator: Old Designator=C? New Designator=C603
Change Component Designator: Old Designator=C? New Designator=C604
Change Component Designator: Old Designator=C? New Designator=C605
Change Component Designator: Old Designator=C? New Designator=C606
Change Component Designator: Old Designator=C? New Designator=C607
Change Component Designator: Old Designator=D? New Designator=D600
Change Component Designator: Old Designator=D? New Designator=D601
Change Component Designator: Old Designator=D? New Designator=D602
Change Component Designator: Old Designator=D? New Designator=D603
Change Component Designator: Old Designator=K? New Designator=K600
Change Component Designator: Old Designator=K? New Designator=K601
Change Component Designator: Old Designator=Q? New Designator=Q600
Change Component Designator: Old Designator=Q? New Designator=Q601
Change Component Designator: Old Designator=R? New Designator=R600
Change Component Designator: Old Designator=R? New Designator=R605
Change Component Designator: Old Designator=R? New Designator=R601
Change Component Designator: Old Designator=R? New Designator=R602
Change Component Designator: Old Designator=R? New Designator=R603
Change Component Designator: Old Designator=R? New Designator=R604
Change Component Designator: Old Designator=S? New Designator=S600
