Replace Part C500 Capacitor 1 space in C:\Users\nicla\Documents\GitHub\esd6_project\dsp_board\power_supply.SchDoc with Capacitor 1 space from AAURacing.IntLib
Replace Part C501 Capacitor 1 space in C:\Users\nicla\Documents\GitHub\esd6_project\dsp_board\power_supply.SchDoc with Capacitor 1 space from AAURacing.IntLib
Replace Part C502 Capacitor 1 space in C:\Users\nicla\Documents\GitHub\esd6_project\dsp_board\power_supply.SchDoc with Capacitor 1 space from AAURacing.IntLib
Replace Part C503 Capacitor 1 space in C:\Users\nicla\Documents\GitHub\esd6_project\dsp_board\power_supply.SchDoc with Capacitor 1 space from AAURacing.IntLib
Replace Part C504 Capacitor 1 space in C:\Users\nicla\Documents\GitHub\esd6_project\dsp_board\power_supply.SchDoc with Capacitor 1 space from AAURacing.IntLib
Replace Part C505 Capacitor 1 space in C:\Users\nicla\Documents\GitHub\esd6_project\dsp_board\power_supply.SchDoc with Capacitor 1 space from AAURacing.IntLib
Replace Part C506 Capacitor 1 space in C:\Users\nicla\Documents\GitHub\esd6_project\dsp_board\power_supply.SchDoc with Capacitor 1 space from AAURacing.IntLib
Replace Part C507 Capacitor 1 space in C:\Users\nicla\Documents\GitHub\esd6_project\dsp_board\power_supply.SchDoc with Capacitor 1 space from AAURacing.IntLib
Replace Part C508 Capacitor 1 space in C:\Users\nicla\Documents\GitHub\esd6_project\dsp_board\power_supply.SchDoc with Capacitor 1 space from AAURacing.IntLib
Replace Part C509 Capacitor 1 space in C:\Users\nicla\Documents\GitHub\esd6_project\dsp_board\power_supply.SchDoc with Capacitor 1 space from AAURacing.IntLib
Replace Part C510 Capacitor electrolytic in C:\Users\nicla\Documents\GitHub\esd6_project\dsp_board\power_supply.SchDoc with Capacitor electrolytic from AAURacing.IntLib
Replace Part C511 Capacitor electrolytic in C:\Users\nicla\Documents\GitHub\esd6_project\dsp_board\power_supply.SchDoc with Capacitor electrolytic from AAURacing.IntLib
Replace Part C512 Capacitor electrolytic in C:\Users\nicla\Documents\GitHub\esd6_project\dsp_board\power_supply.SchDoc with Capacitor electrolytic from AAURacing.IntLib
Replace Part C513 Capacitor electrolytic in C:\Users\nicla\Documents\GitHub\esd6_project\dsp_board\power_supply.SchDoc with Capacitor electrolytic from AAURacing.IntLib
Replace Part C514 Capacitor electrolytic in C:\Users\nicla\Documents\GitHub\esd6_project\dsp_board\power_supply.SchDoc with Capacitor electrolytic from AAURacing.IntLib
Replace Part C515 Capacitor electrolytic in C:\Users\nicla\Documents\GitHub\esd6_project\dsp_board\power_supply.SchDoc with Capacitor electrolytic from AAURacing.IntLib
Replace Part C516 Capacitor 1 space in C:\Users\nicla\Documents\GitHub\esd6_project\dsp_board\power_supply.SchDoc with Capacitor 1 space from AAURacing.IntLib
Replace Part C517 Capacitor 1 space in C:\Users\nicla\Documents\GitHub\esd6_project\dsp_board\power_supply.SchDoc with Capacitor 1 space from AAURacing.IntLib
Replace Part Pot500 Pot Trim in C:\Users\nicla\Documents\GitHub\esd6_project\dsp_board\power_supply.SchDoc with Pot Trim from AAURacing.IntLib
Replace Part Pot501 Pot Trim in C:\Users\nicla\Documents\GitHub\esd6_project\dsp_board\power_supply.SchDoc with Pot Trim from AAURacing.IntLib
Replace Part Pot502 Pot Trim in C:\Users\nicla\Documents\GitHub\esd6_project\dsp_board\power_supply.SchDoc with Pot Trim from AAURacing.IntLib
Replace Part Q501 MOSFET N-Channel in C:\Users\nicla\Documents\GitHub\esd6_project\dsp_board\power_supply.SchDoc with MOSFET N-Channel from AAURacing.IntLib
Replace Part S500 Screw 3 in C:\Users\nicla\Documents\GitHub\esd6_project\dsp_board\power_supply.SchDoc with Screw 3 from AAURacing.IntLib
Replace Part TP_bridge_NEG Test Point in C:\Users\nicla\Documents\GitHub\esd6_project\dsp_board\power_supply.SchDoc with Test Point from AAURacing.IntLib
Replace Part TP_bridge_POS Test Point in C:\Users\nicla\Documents\GitHub\esd6_project\dsp_board\power_supply.SchDoc with Test Point from AAURacing.IntLib
Replace Part U500 Voltage Regulator in C:\Users\nicla\Documents\GitHub\esd6_project\dsp_board\power_supply.SchDoc with Voltage Regulator from AAURacing.IntLib
