Change Component Designator: Old Designator=C500 New Designator=C?
Change Component Designator: Old Designator=C501 New Designator=C?
Change Component Designator: Old Designator=C502 New Designator=C?
Change Component Designator: Old Designator=C503 New Designator=C?
Change Component Designator: Old Designator=C504 New Designator=C?
Change Component Designator: Old Designator=C505 New Designator=C?
Change Component Designator: Old Designator=C506 New Designator=C?
Change Component Designator: Old Designator=C507 New Designator=C?
Change Component Designator: Old Designator=C508 New Designator=C?
Change Component Designator: Old Designator=C509 New Designator=C?
Change Component Designator: Old Designator=C510 New Designator=C?
Change Component Designator: Old Designator=C511 New Designator=C?
Change Component Designator: Old Designator=D500 New Designator=D?
Change Component Designator: Old Designator=D501 New Designator=D?
Change Component Designator: Old Designator=D502 New Designator=D?
Change Component Designator: Old Designator=Pot500 New Designator=Pot?
Change Component Designator: Old Designator=Pot501 New Designator=Pot?
Change Component Designator: Old Designator=Pot502 New Designator=Pot?
Change Component Designator: Old Designator=R500 New Designator=R?
Change Component Designator: Old Designator=R501 New Designator=R?
Change Component Designator: Old Designator=R502 New Designator=R?
Change Component Designator: Old Designator=U500 New Designator=U?
Change Component Designator: Old Designator=U501 New Designator=U?
Change Component Designator: Old Designator=U502 New Designator=U?
Change Component Designator: Old Designator=U503 New Designator=U?
Change Component Designator: Old Designator=U504 New Designator=U?
Change Component Designator: Old Designator=U505 New Designator=U?
