Change Component Designator: Old Designator=C? New Designator=C500
Change Component Designator: Old Designator=C? New Designator=C501
Change Component Designator: Old Designator=C? New Designator=C502
Change Component Designator: Old Designator=C? New Designator=C503
Change Component Designator: Old Designator=C? New Designator=C504
Change Component Designator: Old Designator=C? New Designator=C505
Change Component Designator: Old Designator=C? New Designator=C506
Change Component Designator: Old Designator=C? New Designator=C507
Change Component Designator: Old Designator=C? New Designator=C508
Change Component Designator: Old Designator=C? New Designator=C509
Change Component Designator: Old Designator=C? New Designator=C510
Change Component Designator: Old Designator=C? New Designator=C511
Change Component Designator: Old Designator=D? New Designator=D500
Change Component Designator: Old Designator=D? New Designator=D501
Change Component Designator: Old Designator=D? New Designator=D502
Change Component Designator: Old Designator=Pot? New Designator=Pot500
Change Component Designator: Old Designator=Pot? New Designator=Pot501
Change Component Designator: Old Designator=Pot? New Designator=Pot502
Change Component Designator: Old Designator=R? New Designator=R500
Change Component Designator: Old Designator=R? New Designator=R501
Change Component Designator: Old Designator=R? New Designator=R502
Change Component Designator: Old Designator=U? New Designator=U500
Change Component Designator: Old Designator=U? New Designator=U501
Change Component Designator: Old Designator=U? New Designator=U502
Change Component Designator: Old Designator=U? New Designator=U503
Change Component Designator: Old Designator=U? New Designator=U504
Change Component Designator: Old Designator=U? New Designator=U505
