Change Component Designator: Old Designator=C? New Designator=C200
Change Component Designator: Old Designator=D? New Designator=D200
Change Component Designator: Old Designator=Fx_switches_? New Designator=Fx_switches_200
Change Component Designator: Old Designator=J? New Designator=J200
Change Component Designator: Old Designator=J? New Designator=J201
Change Component Designator: Old Designator=K? New Designator=K200
Change Component Designator: Old Designator=K? New Designator=K201
Change Component Designator: Old Designator=K? New Designator=K202
Change Component Designator: Old Designator=K? New Designator=K203
Change Component Designator: Old Designator=K? New Designator=K204
Change Component Designator: Old Designator=K? New Designator=K205
Change Component Designator: Old Designator=LCD? New Designator=LCD200
Change Component Designator: Old Designator=M? New Designator=M200
Change Component Designator: Old Designator=M? New Designator=M201
Change Component Designator: Old Designator=M? New Designator=M202
Change Component Designator: Old Designator=M? New Designator=M203
Change Component Designator: Old Designator=M? New Designator=M204
Change Component Designator: Old Designator=M? New Designator=M205
Change Component Designator: Old Designator=MENU_CTRL? New Designator=MENU_CTRL200
Change Component Designator: Old Designator=MENU_CTRL? New Designator=MENU_CTRL201
Change Component Designator: Old Designator=Q? New Designator=Q200
Change Component Designator: Old Designator=Q? New Designator=Q201
Change Component Designator: Old Designator=Q? New Designator=Q202
Change Component Designator: Old Designator=R? New Designator=R200
Change Component Designator: Old Designator=R? New Designator=R201
Change Component Designator: Old Designator=R? New Designator=R202
Change Component Designator: Old Designator=R? New Designator=R203
Change Component Designator: Old Designator=R? New Designator=R204
Change Component Designator: Old Designator=R? New Designator=R205
Change Component Designator: Old Designator=R? New Designator=R206
Change Component Designator: Old Designator=R? New Designator=R207
Change Component Designator: Old Designator=WAH_IN? New Designator=WAH_IN200
Change Component Designator: Old Designator=WAH_OUT? New Designator=WAH_OUT200
