Change Component Designator: Old Designator=C200 New Designator=C?
Change Component Designator: Old Designator=D200 New Designator=D?
Change Component Designator: Old Designator=Fx_switches_3V3 New Designator=Fx_switches_?
Change Component Designator: Old Designator=J200 New Designator=J?
Change Component Designator: Old Designator=J201 New Designator=J?
Change Component Designator: Old Designator=K200 New Designator=K?
Change Component Designator: Old Designator=K201 New Designator=K?
Change Component Designator: Old Designator=K202 New Designator=K?
Change Component Designator: Old Designator=K203 New Designator=K?
Change Component Designator: Old Designator=K204 New Designator=K?
Change Component Designator: Old Designator=K205 New Designator=K?
Change Component Designator: Old Designator=LCD200 New Designator=LCD?
Change Component Designator: Old Designator=M200 New Designator=M?
Change Component Designator: Old Designator=M201 New Designator=M?
Change Component Designator: Old Designator=M202 New Designator=M?
Change Component Designator: Old Designator=M203 New Designator=M?
Change Component Designator: Old Designator=M204 New Designator=M?
Change Component Designator: Old Designator=M205 New Designator=M?
Change Component Designator: Old Designator=MENU_CTRL200 New Designator=MENU_CTRL?
Change Component Designator: Old Designator=MENU_CTRL201 New Designator=MENU_CTRL?
Change Component Designator: Old Designator=Q200 New Designator=Q?
Change Component Designator: Old Designator=Q201 New Designator=Q?
Change Component Designator: Old Designator=Q202 New Designator=Q?
Change Component Designator: Old Designator=R200 New Designator=R?
Change Component Designator: Old Designator=R201 New Designator=R?
Change Component Designator: Old Designator=R202 New Designator=R?
Change Component Designator: Old Designator=R203 New Designator=R?
Change Component Designator: Old Designator=R204 New Designator=R?
Change Component Designator: Old Designator=R205 New Designator=R?
Change Component Designator: Old Designator=R206 New Designator=R?
Change Component Designator: Old Designator=R207 New Designator=R?
Change Component Designator: Old Designator=WAH_IN New Designator=WAH_IN?
Change Component Designator: Old Designator=WAH_OUT New Designator=WAH_OUT?
